#
# A fatal error has been detected by the Java Runtime Environment:
#
#  SIGBUS (0x7) at pc=0x00007f831f6dc40e, pid=1354, tid=0x00007f82bf6fe640
#
# JRE version: OpenJDK Runtime Environment (8.0_302-b07) (build 1.8.0_302-b07)
# Java VM: OpenJDK 64-Bit Server VM GraalVM CE 21.2.0 (25.302-b07-jvmci-21.2-b08 mixed mode linux-amd64 compressed oops)
# Problematic frame:
# V  [libjvm.so+0xb9240e]  ThreadService::add_thread(JavaThread*, bool)+0x3e
#
# Core dump written. Default location: /home/runner/EaglerCraft-Server/java/bukkit_command/core or core.1354
#
# If you would like to submit a bug report, please visit:
#   https://github.com/oracle/graal/issues
#

---------------  T H R E A D  ---------------

Current thread (0x00007f83183b3000):  JavaThread "Server thread" [_thread_in_vm, id=1411, stack(0x00007f82bf5fe000,0x00007f82bf6ff000)]

siginfo: si_signo: 7 (SIGBUS), si_code: 2 (BUS_ADRERR), si_addr: 0x00007f831e49f500

Registers:
RAX=0x00007f831e49f500, RBX=0x00007f82ac760800, RCX=0xffffffffffffff88, RDX=0x00007f831f001360
RSP=0x00007f82bf6fbf20, RBP=0x00007f82bf6fbf30, RSI=0x0000000000000001, RDI=0x00007f82ac760800
R8 =0x0000000000000000, R9 =0x00000000ffffffff, R10=0x0000000000000000, R11=0x0000000000000246
R12=0x0000000000000001, R13=0x00000000f6b88518, R14=0x00007f82ac760800, R15=0x0000000000008000
RIP=0x00007f831f6dc40e, EFLAGS=0x0000000000010246, CSGSFS=0x002b000000000033, ERR=0x0000000000000006
  TRAPNO=0x000000000000000e

Top of Stack: (sp=0x00007f82bf6fbf20)
0x00007f82bf6fbf20:   00007f82ac760800 000000000000000a
0x00007f82bf6fbf30:   00007f82bf6fbf70 00007f831f6d232e
0x00007f82bf6fbf40:   0000000000000000 00007f83183b38a0
0x00007f82bf6fbf50:   00007f82bf6fc030 00007f83183b3000
0x00007f82bf6fbf60:   00007f82bf6fc030 00007f8318008a20
0x00007f82bf6fbf70:   00007f82bf6fbfb0 00007f831f2a69f1
0x00007f82bf6fbf80:   00007f826fc4c010 00007f831c149750
0x00007f82bf6fbf90:   0000000000000000 00007f831c149750
0x00007f82bf6fbfa0:   00007f82bf6fc030 00007f83183b3000
0x00007f82bf6fbfb0:   00007f82bf6fc010 00007f83090181e7
0x00007f82bf6fbfc0:   0000000000000000 00007f82bf6fbfb8
0x00007f82bf6fbfd0:   00007f82bf6fbfd0 0000000000000000
0x00007f82bf6fbfe0:   00007f82bf6fc030 00007f831c1d18c0
0x00007f82bf6fbff0:   0000000000000000 00007f831c149750
0x00007f82bf6fc000:   0000000000000000 00007f82bf6fc030
0x00007f82bf6fc010:   00007f82bf6fc088 00007f8309007ffd
0x00007f82bf6fc020:   0000000000000000 00007f8309011bf8
0x00007f82bf6fc030:   00000000f6b88518 00000010bf6fc0b8
0x00007f82bf6fc040:   00000000f6b88518 00007f82bf6fc038
0x00007f82bf6fc050:   00007f831c149662 00007f82bf6fc0b8
0x00007f82bf6fc060:   00007f831c1d18c0 0000000000000000
0x00007f82bf6fc070:   00007f831c1496c8 00007f82bf6fc030
0x00007f82bf6fc080:   00007f82bf6fc0b8 00007f82bf6fc100
0x00007f82bf6fc090:   00007f8309007ffd 0000000000000000
0x00007f82bf6fc0a0:   0000000000000000 0000000000000000
0x00007f82bf6fc0b0:   0000000000000000 00000000f6b88518
0x00007f82bf6fc0c0:   00007f82bf6fc0c0 00007f82c61fad59
0x00007f82bf6fc0d0:   00007f82bf6fc168 00007f82c61ff698
0x00007f82bf6fc0e0:   00007f826fc4c2c8 00007f82c61fadd8
0x00007f82bf6fc0f0:   00007f82bf6fc0b8 00007f82bf6fc170
0x00007f82bf6fc100:   00007f82bf6fc248 00007f8309637ccc
0x00007f82bf6fc110:   0000000000000000 0000000000000000 

Instructions: (pc=0x00007f831f6dc40e)
0x00007f831f6dc3ee:   40 00 48 8b 03 48 8d 15 66 4f 92 ff 48 8b 40 48
0x00007f831f6dc3fe:   48 39 d0 75 5d 48 8b 05 66 da 59 00 48 8b 40 28
0x00007f831f6dc40e:   48 83 00 01 48 8b 05 4f da 59 00 48 8b 40 28 48
0x00007f831f6dc41e:   83 00 01 48 8b 05 40 da 59 00 48 8b 40 28 48 8b 

Register to memory mapping:

RAX=0x00007f831e49f500 is an unknown value
RBX=0x00007f82ac760800 is a thread
RCX=0xffffffffffffff88 is an unknown value
RDX=0x00007f831f001360: <offset 0x4b7360> in /nix/store/x26gyx3nb3kx580i4r9qg9q1iw45xbp9-graalvm8-ce/jre/lib/amd64/server/libjvm.so at 0x00007f831eb4a000
RSP=0x00007f82bf6fbf20 is pointing into the stack for thread: 0x00007f83183b3000
RBP=0x00007f82bf6fbf30 is pointing into the stack for thread: 0x00007f83183b3000
RSI=0x0000000000000001 is an unknown value
RDI=0x00007f82ac760800 is a thread
R8 =0x0000000000000000 is an unknown value
R9 =0x00000000ffffffff is an unknown value
R10=0x0000000000000000 is an unknown value
R11=0x0000000000000246 is an unknown value
R12=0x0000000000000001 is an unknown value
R13=0x00000000f6b88518 is an oop
java.lang.Thread 
 - klass: 'java/lang/Thread'
R14=0x00007f82ac760800 is a thread
R15=0x0000000000008000 is an unknown value


Stack: [0x00007f82bf5fe000,0x00007f82bf6ff000],  sp=0x00007f82bf6fbf20,  free space=1015k
Native frames: (J=compiled Java code, j=interpreted, Vv=VM code, C=native code)
V  [libjvm.so+0xb9240e]  ThreadService::add_thread(JavaThread*, bool)+0x3e
V  [libjvm.so+0xb8832e]  JavaThread::prepare(_jobject*, ThreadPriority)+0xce
V  [libjvm.so+0x75c9f1]  JVM_StartThread+0x131
j  java.lang.Thread.start0()V+0
j  java.lang.Thread.start()V+26
j  java.util.concurrent.ThreadPoolExecutor.addWorker(Ljava/lang/Runnable;Z)Z+257
J 5435 C1 java.util.concurrent.ThreadPoolExecutor.execute(Ljava/lang/Runnable;)V (132 bytes) @ 0x00007f8309637ccc [0x00007f83096377c0+0x50c]
j  java.lang.UNIXProcess.initStreams([I)V+130
j  java.lang.UNIXProcess.lambda$new$2([I)Ljava/lang/Void;+2
j  java.lang.UNIXProcess$$Lambda$6.run()Ljava/lang/Object;+8
v  ~StubRoutines::call_stub
V  [libjvm.so+0x6b7b5d]  JavaCalls::call_helper(JavaValue*, methodHandle*, JavaCallArguments*, Thread*)+0xc5d
V  [libjvm.so+0x7643f1]