#
# A fatal error has been detected by the Java Runtime Environment:
#
#  SIGBUS (0x7) at pc=0x00007f03f36867ba, pid=33, tid=0x00007f03bfdfe640
#
# JRE version: OpenJDK Runtime Environment (8.0_302-b07) (build 1.8.0_302-b07)
# Java VM: OpenJDK 64-Bit Server VM GraalVM CE 21.2.0 (25.302-b07-jvmci-21.2-b08 mixed mode linux-amd64 compressed oops)
# Problematic frame:
# V  [libjvm.so+0x4a87ba]  CompileBroker::compiler_thread_loop()+0x41a
#
# Core dump written. Default location: /home/runner/EaglerCraft-Server/java/bukkit_command/core or core.33
#
# If you would like to submit a bug report, please visit:
#   https://github.com/oracle/graal/issues
#

---------------  T H R E A D  ---------------

Current thread (0x00007f03ec167800):  JavaThread "C1 CompilerThread1" daemon [_thread_in_vm, id=70, stack(0x00007f03bfbff000,0x00007f03bfdff000)]

siginfo: si_signo: 7 (SIGBUS), si_code: 2 (BUS_ADRERR), si_addr: 0x00007f03f2b36208

Registers:
RAX=0x00007f03f2b36208, RBX=0x00007f03ec2c0a20, RCX=0x0000000000000000, RDX=0x0000000000000000
RSP=0x00007f03bfdfdc00, RBP=0x00007f03bfdfdd00, RSI=0x0000000000000000, RDI=0x0000000000000000
R8 =0x0000000000000000, R9 =0x0000000000000000, R10=0x0000000000000000, R11=0x0000000000000000
R12=0x00007f03ec167800, R13=0x00007f03bfdfdc60, R14=0x00007f03ec01eeb0, R15=0x00007f03ec01ee30
RIP=0x00007f03f36867ba, EFLAGS=0x0000000000010202, CSGSFS=0x002b000000000033, ERR=0x0000000000000006
  TRAPNO=0x000000000000000e

Top of Stack: (sp=0x00007f03bfdfdc00)
0x00007f03bfdfdc00:   0000000000000138 0000003000000020
0x00007f03bfdfdc10:   00007f03bfdfdce0 00000000000003d8
0x00007f03bfdfdc20:   00007f03ec01f2d8 00007f03ec01ef00
0x00007f03bfdfdc30:   00007f03ec01eef0 00007f03bfdfdc5f
0x00007f03bfdfdc40:   00007f03ec1643a0 00007f03bfdfdc90
0x00007f03bfdfdc50:   00007f03bfdfdc58 0000007c00000077
0x00007f03bfdfdc60:   0000000000000000 00000cd7611536e2
0x00007f03bfdfdc70:   0000000000000001 00007f03ec1668e0
0x00007f03bfdfdc80:   0000000000000000 00007f03ec01ee30
0x00007f03bfdfdc90:   00007f03ec167800 00007f03ec01f2e0
0x00007f03bfdfdca0:   00007f03ec01f320 00007f03ec01f330
0x00007f03bfdfdcb0:   00007f03ec01f408 00000000000000d8
0x00007f03bfdfdcc0:   00007f03bfdfdd20 00007f03ec01eef0
0x00007f03bfdfdcd0:   00007f03ec01f2d8 00007f03ec167800
0x00007f03bfdfdce0:   00007f03bfdfdd20 00007f03ec01f2d8
0x00007f03bfdfdcf0:   00007f03ec01ef00 00007f03ec01eeb0
0x00007f03bfdfdd00:   00007f03bfdfdd90 00007f03f3d6413b
0x00007f03bfdfdd10:   00007f03bfdfdd90 00000000000003d8
0x00007f03bfdfdd20:   00007f03ec167800 00007f03ec01f2e0
0x00007f03bfdfdd30:   00007f03ec01f320 00007f03ec01f330
0x00007f03bfdfdd40:   00007f03ec01f408 00000000000000d8
0x00007f03bfdfdd50:   00007f03ec01f440 00007f03f3ba3878
0x00007f03bfdfdd60:   0000000000000000 00007f03ec167800
0x00007f03bfdfdd70:   0000000000003000 00007f03bfbff000
0x00007f03bfdfdd80:   0000000000000003 00007f03bfdfe640
0x00007f03bfdfdd90:   00007f03bfdfde10 00007f03f3d64409
0x00007f03bfdfdda0:   0000000000000000 00007f03ec167800
0x00007f03bfdfddb0:   00007f03bfdfde10 00007f03f3ba3eea
0x00007f03bfdfddc0:   00007f03f3e5b639 00007f03ec168ec0
0x00007f03bfdfddd0:   00007f03bfdfde10 00007f0300ba282e
0x00007f03bfdfdde0:   00007f03bfdfde10 00007f03ec168ec0
0x00007f03bfdfddf0:   00007f03ec168dd0 00007f03ec167800 

Instructions: (pc=0x00007f03f36867ba)
0x00007f03f368679a:   ef e8 40 fc 6e 00 48 8b 05 d1 ad c2 00 4c 89 7d
0x00007f03f36867aa:   88 0f b6 00 84 c0 0f 84 dc fd ff ff 49 8b 47 28
0x00007f03f36867ba:   48 83 00 01 e9 cf fd ff ff 0f 1f 44 00 00 e8 63
0x00007f03f36867ca:   17 57 00 e9 75 fd ff ff 66 0f 1f 44 00 00 85 c9 

Register to memory mapping:

RAX=0x00007f03f2b36208 is an unknown value
RBX=0x00007f03ec2c0a20 is an unknown value
RCX=0x0000000000000000 is an unknown value
RDX=0x0000000000000000 is an unknown value
RSP=0x00007f03bfdfdc00 is pointing into the stack for thread: 0x00007f03ec167800
RBP=0x00007f03bfdfdd00 is pointing into the stack for thread: 0x00007f03ec167800
RSI=0x0000000000000000 is an unknown value
RDI=0x0000000000000000 is an unknown value
R8 =0x0000000000000000 is an unknown value
R9 =0x0000000000000000 is an unknown value
R10=0x0000000000000000 is an unknown value
R11=0x0000000000000000 is an unknown value
R12=0x00007f03ec167800 is a thread
R13=0x00007f03bfdfdc60 is pointing into the stack for thread: 0x00007f03ec167800
R14=0x00007f03ec01eeb0 is an unknown value
R15=0x00007f03ec01ee30 is an unknown value


Stack: [0x00007f03bfbff000,0x00007f03bfdff000],  sp=0x00007f03bfdfdc00,  free space=2043k
Native frames: (J=compiled Java code, j=interpreted, Vv=VM code, C=native code)
V  [libjvm.so+0x4a87ba]  CompileBroker::compiler_thread_loop()+0x41a
V  [libjvm.so+0xb8613b]  JavaThread::thread_main_inner()+0xdb
V  [libjvm.so+0xb86409]  JavaThread::run()+0x299
V  [libjvm.so+0xa13d02]  java_start(Thread*)+0x102
C  [libpthread.so.0+0x8d3e]  start_thread+0xce


---------------  P R O C E S S  ---------------

Java Threads: ( => current thread )
  0x00007f03ac030800 JavaThread "process reaper" daemon [_thread_in_native, id=542, stack(0x00007f03bcec7000,0x00007f03bcf00000)]
  0x00007f0380704800 JavaThread "pool-1-thread-6" [_thread_blocked, id=535, stack(0x00007f03597fe000,0x00007f03598ff000)]
  0x00007f0380e95000 JavaThread "pool-2-thread-1" [_thread_blocked, id=208, stack(0x00007f035d7fe000,0x00007f035d8ff000)]
  0x00007f0380e8e800 JavaThread "File IO Thread" [_thread_blocked, id=177, stack(0x00007f035d6fd000,0x00007f035d7fe000)]
  0x00007f0380078000 JavaThread "Listen thread" [_thread_in_native, id=123, stack(0x00007f0379aff000,0x00007f0379c00000)]
  0x00007f0380004800 JavaThread "Thread-5" daemon [_thread_in_native, id=106, stack(0x00007f0395cfd000,0x00007f0395dfe000)]
  0x00007f03ec00a000 JavaThread "DestroyJavaVM" [_thread_blocked, id=52, stack(0x00007f03f2f9d000,0x00007f03f309d000)]
  0x00007f03ec380000 JavaThread "Server thread" [_thread_blocked, id=105, stack(0x00007f0395dfe000,0x00007f0395eff000)]
  0x00007f03ec37f000 JavaThread "Thread-4" daemon [_thread_blocked, id=104, stack(0x00007f0395eff000,0x00007f0396000000)]
  0x00007f03ec185000 JavaThread "Snooper Timer" daemon [_thread_blocked, id=86, stack(0x00007f039ccff000,0x00007f039ce00000)]
  0x00007f03a0054000 JavaThread "Libgraal MBean Registration" daemon [_thread_blocked, id=79, stack(0x00007f03a4eff000,0x00007f03a5000000)]
  0x00007f03ec1e9000 JavaThread "CrashLoopDetector" daemon [_thread_in_native, id=75, stack(0x00007f03bc7cd000,0x00007f03bc8ce000)]
  0x00007f03ec174800 JavaThread "Service Thread" daemon [_thread_blocked, id=72, stack(0x00007f03dc00d000,0x00007f03dc10e000)]
=>0x00007f03ec167800 JavaThread "C1 CompilerThread1" daemon [_thread_in_vm, id=70, stack(0x00007f03bfbff000,0x00007f03bfdff000)]
  0x00007f03ec164800 JavaThread "JVMCI-native CompilerThread0" daemon [_thread_blocked, id=69, stack(0x00007f03bfe00000,0x00007f03c0000000)]
  0x00007f03ec161800 JavaThread "Signal Dispatcher" daemon [_thread_blocked, id=65, stack(0x00007f03dc10e000,0x00007f03dc20f000)]
  0x00007f03ec12f000 JavaThread "Finalizer" daemon [_thread_blocked, id=64, stack(0x00007f03dc4f5000,0x00007f03dc5f6000)]
  0x00007f03ec12a800 JavaThread "Reference Handler" daemon [_thread_blocked, id=61, stack(0x00007f03dc5f6000,0x00007f03dc6f7000)]

Other Threads:
  0x00007f03ec122800 VMThread [stack: 0x00007f03dc6f8000,0x00007f03dc7f8000] [id=60]
  0x00007f03ec17a000 WatcherThread [stack: 0x00007f03bfafe000,0x00007f03bfbfe000] [id=73]

VM state:not at safepoint (normal execution)

VM Mutex/Monitor currently owned by a thread: None

heap address: 0x00000000e0000000, size: 512 MB, Compressed Oops mode: 32-bit
Narrow klass base: 0x0000000000000000, Narrow klass shift: 3
Compressed class space size: 1073741824 Address: 0x0000000100000000

Heap:
 PSYoungGen      total 153088K, used 100291K [0x00000000f5580000, 0x0000000100000000, 0x0000000100000000)
  eden space 130048K, 76% used [0x00000000f5580000,0x00000000fb67da00,0x00000000fd480000)
  from space 23040K, 4% used [0x00000000fe980000,0x00000000fea732c8,0x0000000100000000)
  to   space 21504K, 0% used [0x00000000fd480000,0x00000000fd480000,0x00000000fe980000)
 ParOldGen       total 349696K, used 105225K [0x00000000e0000000, 0x00000000f5580000, 0x00000000f5580000)
  object space 349696K, 30% used [0x00000000e0000000,0x00000000e66c2688,0x00000000f5580000)
 Metaspace       used 30484K, capacity 31080K, committed 31360K, reserved 1077248K
  class space    used 3423K, capacity 3589K, committed 3712K, reserved 1048576K

Card table byte_map: [0x00007f03f2467000,0x00007f03f2568000] byte_map_base: 0x00007f03f1d67000

Marking Bits: (ParMarkBitMap*) 0x00007f03f42f8080
 Begin Bits: [0x00007f03f10b9000, 0x00007f03f18b9000)
 End Bits:   [0x00007f03f18b9000, 0x00007f03f20b9000)

Polling page: 0x00007f03f2b4f000

CodeCache: size=245760Kb used=12370Kb max_used=13177Kb free=233390Kb
 bounds [0x00007f03dd000000, 0x00007f03ddd00000, 0x00007f03ec000000]
 total_blobs=4353 nmethods=3787 adapters=476
 compilation: enabled
              stopped_count=0, restarted_count=0

JVMCI Events (8 events):
Event: 0.271 Thread 0x00007f03ec00a000 created new JVMCI runtime 0 (0x00007f03ec081950)
Event: 0.271 Thread 0x00007f03ec00a000 created new JVMCI runtime -1 (0x00007f03ec09c5c0)
Event: 0.739 Thread 0x00007f03ec164800 loaded JVMCI shared library from /nix/store/x26gyx3nb3kx580i4r9qg9q1iw45xbp9-graalvm8-ce/jre/lib/amd64/libjvmcicompiler.so
Event: 1.011 Thread 0x00007f03ec164800 created JavaVM[1]@0x00007f03bd792798 for JVMCI runtime 0
Event: 1.177 Thread 0x00007f03ec164800 initializing JVMCI runtime 0
Event: 1.298 Thread 0x00007f03ec164800 initialized JVMCI runtime 0
Event: 2.687 Thread 0x00007f03a0001000 initializing JVMCI runtime -1
Event: 3.579 Thread 0x00007f03a0001000 initialized JVMCI runtime -1

Compilation events (10 events):
Event: 13858.566 Thread 0x00007f03ec164800 5808       4       java.util.LinkedHashMap$LinkedKeySet::iterator (12 bytes)
Event: 13858.860 Thread 0x00007f03ec164800 nmethod 5808 0x00007f03ddc57050 code [0x00007f03ddc571a0, 0x00007f03ddc572b0]
Event: 14087.921 Thread 0x00007f03ec167800 5809       3       net.minecraft.server.v1_5_R3.EntityItem::setItemStack (20 bytes)
Event: 14087.922 Thread 0x00007f03ec167800 nmethod 5809 0x00007f03dd9b9490 code [0x00007f03dd9b9660, 0x00007f03dd9ba138]
Event: 14087.923 Thread 0x00007f03ec167800 5810       3       net.minecraft.server.v1_5_R3.DataWatcher::h (16 bytes)
Event: 14087.923 Thread 0x00007f03ec167800 nmethod 5810 0x00007f03dd8d0750 code [0x00007f03dd8d08c0, 0x00007f03dd8d0ac8]
Event: 14087.923 Thread 0x00007f03ec167800 5811       3       net.minecraft.server.v1_5_R3.WatchableObject::a (7 bytes)
Event: 14087.923 Thread 0x00007f03ec167800 nmethod 5811 0x00007f03dd9b9090 code [0x00007f03dd9b9200, 0x00007f03dd9b9350]
Event: 14087.924 Thread 0x00007f03ec167800 5812       1       org.bukkit.event.entity.ItemSpawnEvent::isCancelled (5 bytes)
Event: 14087.924 Thread 0x00007f03ec167800 nmethod 5812 0x00007f03dd559d90 code [0x00007f03dd559f00, 0x00007f03dd55a010]

GC Heap History (10 events):
Event: 11683.327 GC heap before
{Heap before GC invocations=29 (full 1):
 PSYoungGen      total 138240K, used 108944K [0x00000000f5580000, 0x0000000100000000, 0x0000000100000000)
  eden space 104448K, 100% used [0x00000000f5580000,0x00000000fbb80000,0x00000000fbb80000)
  from space 33792K, 13% used [0x00000000fbb80000,0x00000000fbfe42c0,0x00000000fdc80000)
  to   space 31232K, 0% used [0x00000000fe180000,0x00000000fe180000,0x0000000100000000)
 ParOldGen       total 349696K, used 105201K [0x00000000e0000000, 0x00000000f5580000, 0x00000000f5580000)
  object space 349696K, 30% used [0x00000000e0000000,0x00000000e66bc688,0x00000000f5580000)
 Metaspace       used 30267K, capacity 30774K, committed 30976K, reserved 1077248K
  class space    used 3413K, capacity 3554K, committed 3584K, reserved 1048576K
Event: 11683.342 GC heap after
Heap after GC invocations=29 (full 1):
 PSYoungGen      total 145920K, used 1608K [0x00000000f5580000, 0x0000000100000000, 0x0000000100000000)
  eden space 114688K, 0% used [0x00000000f5580000,0x00000000f5580000,0x00000000fc580000)
  from space 31232K, 5% used [0x00000000fe180000,0x00000000fe312390,0x0000000100000000)
  to   space 28672K, 0% used [0x00000000fc580000,0x00000000fc580000,0x00000000fe180000)
 ParOldGen       total 349696K, used 105209K [0x00000000e0000000, 0x00000000f5580000, 0x00000000f5580000)
  object space 349696K, 30% used [0x00000000e0000000,0x00000000e66be688,0x00000000f5580000)
 Metaspace       used 30267K, capacity 30774K, committed 30976K, reserved 1077248K
  class space    used 3413K, capacity 3554K, committed 3584K, reserved 1048576K
}
Event: 11797.672 GC heap before
{Heap before GC invocations=30 (full 1):
 PSYoungGen      total 145920K, used 116296K [0x00000000f5580000, 0x0000000100000000, 0x0000000100000000)
  eden space 114688K, 100% used [0x00000000f5580000,0x00000000fc580000,0x00000000fc580000)
  from space 31232K, 5% used [0x00000000fe180000,0x00000000fe312390,0x0000000100000000)
  to   space 28672K, 0% used [0x00000000fc580000,0x00000000fc580000,0x00000000fe180000)
 ParOldGen       total 349696K, used 105209K [0x00000000e0000000, 0x00000000f5580000, 0x00000000f5580000)
  object space 349696K, 30% used [0x00000000e0000000,0x00000000e66be688,0x00000000f5580000)
 Metaspace       used 30307K, capacity 30818K, committed 31104K, reserved 1077248K
  class space    used 3417K, capacity 3588K, committed 3712K, reserved 1048576K
Event: 11797.693 GC heap after
Heap after GC invocations=30 (full 1):
 PSYoungGen      total 143360K, used 1325K [0x00000000f5580000, 0x0000000100000000, 0x0000000100000000)
  eden space 114688K, 0% used [0x00000000f5580000,0x00000000f5580000,0x00000000fc580000)
  from space 28672K, 4% used [0x00000000fc580000,0x00000000fc6cb5c8,0x00000000fe180000)
  to   space 26624K, 0% used [0x00000000fe600000,0x00000000fe600000,0x0000000100000000)
 ParOldGen       total 349696K, used 105217K [0x00000000e0000000, 0x00000000f5580000, 0x00000000f5580000)
  object space 349696K, 30% used [0x00000000e0000000,0x00000000e66c0688,0x00000000f5580000)
 Metaspace       used 30307K, capacity 30818K, committed 31104K, reserved 1077248K
  class space    used 3417K, capacity 3588K, committed 3712K, reserved 1048576K
}
Event: 12386.072 GC heap before
{Heap before GC invocations=31 (full 1):
 PSYoungGen      total 143360K, used 116013K [0x00000000f5580000, 0x0000000100000000, 0x0000000100000000)
  eden space 114688K, 100% used [0x00000000f5580000,0x00000000fc580000,0x00000000fc580000)
  from space 28672K, 4% used [0x00000000fc580000,0x00000000fc6cb5c8,0x00000000fe180000)
  to   space 26624K, 0% used [0x00000000fe600000,0x00000000fe600000,0x0000000100000000)
 ParOldGen       total 349696K, used 105217K [0x00000000e0000000, 0x00000000f5580000, 0x00000000f5580000)
  object space 349696K, 30% used [0x00000000e0000000,0x00000000e66c0688,0x00000000f5580000)
 Metaspace       used 30322K, capacity 30818K, committed 31104K, reserved 1077248K
  class space    used 3417K, capacity 3588K, committed 3712K, reserved 1048576K
Event: 12386.102 GC heap after
Heap after GC invocations=31 (full 1):
 PSYoungGen      total 149504K, used 1084K [0x00000000f5580000, 0x0000000100000000, 0x0000000100000000)
  eden space 122880K, 0% used [0x00000000f5580000,0x00000000f5580000,0x00000000fcd80000)
  from space 26624K, 4% used [0x00000000fe600000,0x00000000fe70f020,0x0000000100000000)
  to   space 25088K, 0% used [0x00000000fcd80000,0x00000000fcd80000,0x00000000fe600000)
 ParOldGen       total 349696K, used 105225K [0x00000000e0000000, 0x00000000f5580000, 0x00000000f5580000)
  object space 349696K, 30% used [0x00000000e0000000,0x00000000e66c2688,0x00000000f5580000)
 Metaspace       used 30322K, capacity 30818K, committed 31104K, reserved 1077248K
  class space    used 3417K, capacity 3588K, committed 3712K, reserved 1048576K
}
Event: 13139.279 GC heap before
{Heap before GC invocations=32 (full 1):
 PSYoungGen      total 149504K, used 123964K [0x00000000f5580000, 0x0000000100000000, 0x0000000100000000)
  eden space 122880K, 100% used [0x00000000f5580000,0x00000000fcd80000,0x00000000fcd80000)
  from space 26624K, 4% used [0x00000000fe600000,0x00000000fe70f020,0x0000000100000000)
  to   space 25088K, 0% used [0x00000000fcd80000,0x00000000fcd80000,0x00000000fe600000)
 ParOldGen       total 349696K, used 105225K [0x00000000e0000000, 0x00000000f5580000, 0x00000000f5580000)
  object space 349696K, 30% used [0x00000000e0000000,0x00000000e66c2688,0x00000000f5580000)
 Metaspace       used 30401K, capacity 31010K, committed 31360K, reserved 1077248K
  class space    used 3422K, capacity 3588K, committed 3712K, reserved 1048576K
Event: 13139.326 GC heap after
Heap after GC invocations=32 (full 1):
 PSYoungGen      total 147968K, used 1164K [0x00000000f5580000, 0x0000000100000000, 0x0000000100000000)
  eden space 122880K, 0% used [0x00000000f5580000,0x00000000f5580000,0x00000000fcd80000)
  from space 25088K, 4% used [0x00000000fcd80000,0x00000000fcea32c8,0x00000000fe600000)
  to   space 23040K, 0% used [0x00000000fe980000,0x00000000fe980000,0x0000000100000000)
 ParOldGen       total 349696K, used 105225K [0x00000000e0000000, 0x00000000f5580000, 0x00000000f5580000)
  object space 349696K, 30% used [0x00000000e0000000,0x00000000e66c2688,0x00000000f5580000)
 Metaspace       used 30401K, capacity 31010K, committed 31360K, reserved 1077248K
  class space    used 3422K, capacity 3588K, committed 3712K, reserved 1048576K
}
Event: 13749.881 GC heap before
{Heap before GC invocations=33 (full 1):
 PSYoungGen      total 147968K, used 124044K [0x00000000f5580000, 0x0000000100000000, 0x0000000100000000)
  eden space 122880K, 100% used [0x00000000f5580000,0x00000000fcd80000,0x00000000fcd80000)
  from space 25088K, 4% used [0x00000000fcd80000,0x00000000fcea32c8,0x00000000fe600000)
  to   space 23040K, 0% used [0x00000000fe980000,0x00000000fe980000,0x0000000100000000)
 ParOldGen       total 349696K, used 105225K [0x00000000e0000000, 0x00000000f5580000, 0x00000000f5580000)
  object space 349696K, 30% used [0x00000000e0000000,0x00000000e66c2688,0x00000000f5580000)
 Metaspace       used 30439K, capacity 31010K, committed 31360K, reserved 1077248K
  class space    used 3422K, capacity 3588K, committed 3712K, reserved 1048576K
Event: 13749.921 GC heap after
Heap after GC invocations=33 (full 1):
 PSYoungGen      total 153088K, used 972K [0x00000000f5580000, 0x0000000100000000, 0x0000000100000000)
  eden space 130048K, 0% used [0x00000000f5580000,0x00000000f5580000,0x00000000fd480000)
  from space 23040K, 4% used [0x00000000fe980000,0x00000000fea732c8,0x0000000100000000)
  to   space 21504K, 0% used [0x00000000fd480000,0x00000000fd480000,0x00000000fe980000)
 ParOldGen       total 349696K, used 105225K [0x00000000e0000000, 0x00000000f5580000, 0x00000000f5580000)
  object space 349696K, 30% used [0x00000000e0000000,0x00000000e66c2688,0x00000000f5580000)
 Metaspace       used 30439K, capacity 31010K, committed 31360K, reserved 1077248K
  class space    used 3422K, capacity 3588K, committed 3712K, reserved 1048576K
}

Class unloading (0 events):
No events

Deoptimization events (10 events):
Event: 11778.071 Thread 0x00007f03ec380000 Uncommon trap: reason=null_assert_or_unreached0 action=reinterpret pc=0x00007f03dda001f2 method=net.minecraft.server.v1_5_R3.EntityTrackerEntry.track(Ljava/util/List;)V @ 1393
Event: 11778.072 Thread 0x00007f03ec380000 Uncommon trap: reason=null_assert_or_unreached0 action=reinterpret pc=0x00007f03dd8cf81e method=net.minecraft.server.v1_5_R3.FoodMetaData.a(Lnet/minecraft/server/v1_5_R3/EntityHuman;)V @ 126
Event: 11780.972 Thread 0x00007f03ec380000 Uncommon trap: reason=intrinsic_or_type_checked_inlining action=reinterpret pc=0x00007f03ddb773e3 method=net.minecraft.server.v1_5_R3.WorldServer.g()V @ 582
Event: 11854.297 Thread 0x00007f0374008000 Uncommon trap: reason=not_compiled_exception_handler action=make_not_entrant pc=0x00007f03dda523e0 method=java.net.SocketInputStream.read([BII)I @ 11
Event: 13126.148 Thread 0x00007f0374008800 Uncommon trap: reason=intrinsic_or_type_checked_inlining action=reinterpret pc=0x00007f03dda7bbfd method=net.minecraft.server.v1_5_R3.NetworkManager.a(Lnet/minecraft/server/v1_5_R3/Packet;Z)Z @ 69
Event: 13138.227 Thread 0x00007f03ec380000 Uncommon trap: reason=null_assert_or_unreached0 action=reinterpret pc=0x00007f03dda61385 method=sun.nio.cs.UTF_8$Decoder.decodeArrayLoop(Ljava/nio/ByteBuffer;Ljava/nio/CharBuffer;)Ljava/nio/charset/CoderResult; @ 106
Event: 13138.249 Thread 0x00007f03ec380000 Uncommon trap: reason=intrinsic_or_type_checked_inlining action=reinterpret pc=0x00007f03dd75db86 method=java.util.regex.Pattern$Begin.match(Ljava/util/regex/Matcher;ILjava/lang/CharSequence;)Z @ 0
Event: 13138.497 Thread 0x00007f03ec380000 Uncommon trap: reason=null_assert_or_unreached0 action=reinterpret pc=0x00007f03dd2db12e method=net.minecraft.server.v1_5_R3.PlayerConnection.d()V @ 114
Event: 13850.426 Thread 0x00007f0374008000 Uncommon trap: reason=constraint action=none pc=0x00007f03ddaf06b2 method=java.lang.reflect.Constructor.newInstance([Ljava/lang/Object;)Ljava/lang/Object; @ 77
Event: 14119.087 Thread 0x00007f03ec380000 Uncommon trap: reason=null_assert_or_unreached0 action=reinterpret pc=0x00007f03dd8d6800 method=net.minecraft.server.v1_5_R3.MinecraftServer.run()V @ 177

Classes redefined (0 events):
No events

Internal exceptions (10 events):
Event: 13857.772 Thread 0x00007f0374008800 Exception <a 'java/lang/InterruptedException': sleep interrupted> (0x00000000f997ba38) thrown at [/b/b/e/main/graal-jvmci-8/src/share/vm/prims/jvm.cpp, line 3364]
Event: 13857.821 Thread 0x00007f0374008800 Exception <a 'java/lang/InterruptedException': sleep interrupted> (0x00000000f997bc90) thrown at [/b/b/e/main/graal-jvmci-8/src/share/vm/prims/jvm.cpp, line 3364]
Event: 13857.821 Thread 0x00007f0374008800 Exception <a 'java/lang/InterruptedException': sleep interrupted> (0x00000000f997bee8) thrown at [/b/b/e/main/graal-jvmci-8/src/share/vm/prims/jvm.cpp, line 3364]
Event: 13857.873 Thread 0x00007f0374008800 Exception <a 'java/lang/InterruptedException': sleep interrupted> (0x00000000f997c140) thrown at [/b/b/e/main/graal-jvmci-8/src/share/vm/prims/jvm.cpp, line 3364]
Event: 13857.934 Thread 0x00007f0374008800 Exception <a 'java/lang/InterruptedException': sleep interrupted> (0x00000000f997c398) thrown at [/b/b/e/main/graal-jvmci-8/src/share/vm/prims/jvm.cpp, line 3364]
Event: 13857.935 Thread 0x00007f0374008800 Exception <a 'java/lang/InterruptedException': sleep interrupted> (0x00000000f997c630) thrown at [/b/b/e/main/graal-jvmci-8/src/share/vm/prims/jvm.cpp, line 3364]
Event: 13857.972 Thread 0x00007f0374008800 Exception <a 'java/lang/InterruptedException': sleep interrupted> (0x00000000f997c888) thrown at [/b/b/e/main/graal-jvmci-8/src/share/vm/prims/jvm.cpp, line 3364]
Event: 13857.972 Thread 0x00007f0374008800 Exception <a 'java/lang/InterruptedException': sleep interrupted> (0x00000000f997cae0) thrown at [/b/b/e/main/graal-jvmci-8/src/share/vm/prims/jvm.cpp, line 3364]
Event: 13858.022 Thread 0x00007f0374008800 Exception <a 'java/lang/InterruptedException': sleep interrupted> (0x00000000f997cd38) thrown at [/b/b/e/main/graal-jvmci-8/src/share/vm/prims/jvm.cpp, line 3364]
Event: 13858.149 Thread 0x00007f0374008000 Exception <a 'java/lang/InterruptedException': sleep interrupted> (0x00000000f80392a0) thrown at [/b/b/e/main/graal-jvmci-8/src/share/vm/prims/jvm.cpp, line 3317]

Events (10 events):
Event: 14087.924 Thread 0x00007f03ec167800 flushing nmethod 0x00007f03dd738790
Event: 14119.084 Executing VM operation: RevokeBias
Event: 14119.084 Executing VM operation: RevokeBias done
Event: 14119.084 Executing VM operation: RevokeBias
Event: 14119.084 Executing VM operation: RevokeBias done
Event: 14119.084 Executing VM operation: RevokeBias
Event: 14119.084 Executing VM operation: RevokeBias done
Event: 14119.085 Thread 0x00007f03ec380000 Uncommon trap: trap_request=0xffffffed fr.pc=0x00007f03dd8d6800 relative=0x0000000000000420
Event: 14119.142 Thread 0x00007f03ec380000 DEOPT PACKING pc=0x00007f03dd8d6800 sp=0x00007f0395efd8d0
Event: 14119.176 Thread 0x00007f03ec380000 DEOPT UNPACKING pc=0x00007f03dd049199 sp=0x00007f0395efd5f8 mode 3


Dynamic libraries:
e0000000-1003a0000 rw-p 00000000 00:00 0 
1003a0000-140000000 ---p 00000000 00:00 0 
55fa29400000-55fa29401000 r-xp 00000000 00:2aa5 181159222                /nix/store/x26gyx3nb3kx580i4r9qg9q1iw45xbp9-graalvm8-ce/bin/.java-wrapped
55fa29600000-55fa29601000 r--p 00000000 00:2aa5 181159222                /nix/store/x26gyx3nb3kx580i4r9qg9q1iw45xbp9-graalvm8-ce/bin/.java-wrapped
55fa29601000-55fa29602000 rw-p 00001000 00:2aa5 181159222                /nix/store/x26gyx3nb3kx580i4r9qg9q1iw45xbp9-graalvm8-ce/bin/.java-wrapped
55fa29602000-55fa29603000 rw-p 00003000 00:2aa5 181159222                /nix/store/x26gyx3nb3kx580i4r9qg9q1iw45xbp9-graalvm8-ce/bin/.java-wrapped
55fa29603000-55fa29604000 rw-p 00004000 00:2aa5 181159222                /nix/store/x26gyx3nb3kx580i4r9qg9q1iw45xbp9-graalvm8-ce/bin/.java-wrapped
55fa2ac53000-55fa2ac74000 rw-p 00000000 00:00 0                          [heap]
7f0344000000-7f034404a000 rw-p 00000000 00:00 0 
7f034404a000-7f0348000000 ---p 00000000 00:00 0 
7f034c000000-7f034c04a000 rw-p 00000000 00:00 0 
7f034c04a000-7f0350000000 ---p 00000000 00:00 0 
7f0350000000-7f0350044000 rw-p 00000000 00:00 0 
7f0350044000-7f0354000000 ---p 00000000 00:00 0 
7f0354000000-7f035409b000 rw-p 00000000 00:00 0 
7f035409b000-7f0358000000 ---p 00000000 00:00 0 
7f03597fe000-7f0359801000 ---p 00000000 00:00 0 
7f0359801000-7f03598ff000 rw-p 00000000 00:00 0 
7f035b9ff000-7f035ba02000 ---p 00000000 00:00 0 
7f035ba02000-7f035bc00000 rw-p 00000000 00:00 0 
7f035bd00000-7f035be00000 rw-p 00000000 00:00 0 
7f035bf00000-7f035c000000 rw-p 00000000 00:00 0 
7f035c100000-7f035c200000 rw-p 00000000 00:00 0 
7f035c300000-7f035c400000 rw-p 00000000 00:00 0 
7f035c500000-7f035c600000 rw-p 00000000 00:00 0 
7f035c700000-7f035c800000 rw-p 00000000 00:00 0 
7f035c800000-7f035c900000 ---p 00000000 00:00 0 
7f035c900000-7f035ca00000 rw-p 00000000 00:00 0 
7f035cb00000-7f035cc00000 rw-p 00000000 00:00 0 
7f035cd00000-7f035ce00000 rw-p 00000000 00:00 0 
7f035cf00000-7f035d000000 rw-p 00000000 00:00 0 
7f035d100000-7f035d200000 rw-p 00000000 00:00 0 
7f035d2f0000-7f035d2f9000 r-xp 00000000 00:2aa5 182078940                /nix/store/x26gyx3nb3kx580i4r9qg9q1iw45xbp9-graalvm8-ce/jre/lib/amd64/libmanagement.so
7f035d2f9000-7f035d4f8000 ---p 00009000 00:2aa5 182078940                /nix/store/x26gyx3nb3kx580i4r9qg9q1iw45xbp9-graalvm8-ce/jre/lib/amd64/libmanagement.so
7f035d4f8000-7f035d4f9000 r--p 00008000 00:2aa5 182078940                /nix/store/x26gyx3nb3kx580i4r9qg9q1iw45xbp9-graalvm8-ce/jre/lib/amd64/libmanagement.so
7f035d4f9000-7f035d4fa000 rw-p 00009000 00:2aa5 182078940                /nix/store/x26gyx3nb3kx580i4r9qg9q1iw45xbp9-graalvm8-ce/jre/lib/amd64/libmanagement.so
7f035d4fa000-7f035d4fd000 rw-p 0000d000 00:2aa5 182078940                /nix/store/x26gyx3nb3kx580i4r9qg9q1iw45xbp9-graalvm8-ce/jre/lib/amd64/libmanagement.so
7f035d4fd000-7f035d6fd000 rw-p 00000000 00:00 0 
7f035d6fd000-7f035d700000 ---p 00000000 00:00 0 
7f035d700000-7f035d7fe000 rw-p 00000000 00:00 0 
7f035d7fe000-7f035d801000 ---p 00000000 00:00 0 
7f035d801000-7f035d8ff000 rw-p 00000000 00:00 0 
7f035d8ff000-7f035d902000 ---p 00000000 00:00 0 
7f035d902000-7f035dbc0000 rw-p 00000000 00:00 0 
7f035dbc0000-7f035dd00000 rw-p 00000000 00:00 0 
7f035de00000-7f035dfc0000 rw-p 00000000 00:00 0 
7f035dfc0000-7f035e1c0000 rw-p 00000000 00:00 0 
7f035e1c0000-7f035e300000 rw-p 00000000 00:00 0 
7f035e400000-7f035e5c0000 rw-p 00000000 00:00 0 
7f035e5c0000-7f035e700000 rw-p 00000000 00:00 0 
7f035e800000-7f035e900000 rw-p 00000000 00:00 0 
7f035ea00000-7f035eb00000 rw-p 00000000 00:00 0 
7f035ec00000-7f035ed00000 rw-p 00000000 00:00 0 
7f035ee00000-7f035ef00000 rw-p 00000000 00:00 0 
7f035f000000-7f035f100000 rw-p 00000000 00:00 0 
7f035f200000-7f035f300000 rw-p 00000000 00:00 0 
7f035f400000-7f035f500000 rw-p 00000000 00:00 0 
7f035f600000-7f035f700000 rw-p 00000000 00:00 0 
7f035f800000-7f035f900000 rw-p 00000000 00:00 0 
7f035fa00000-7f035fb00000 rw-p 00000000 00:00 0 
7f035fc00000-7f035fd00000 rw-p 00000000 00:00 0 
7f035fe00000-7f035ff00000 rw-p 00000000 00:00 0 
7f0360000000-7f0360021000 rw-p 00000000 00:00 0 
7f0360021000-7f0364000000 ---p 00000000 00:00 0 
7f0364000000-7f0364100000 rw-p 00000000 00:00 0 
7f0364200000-7f0364300000 rw-p 00000000 00:00 0 
7f0364400000-7f0364500000 rw-p 00000000 00:00 0 
7f0364600000-7f0364700000 rw-p 00000000 00:00 0 
7f0364800000-7f0364900000 rw-p 00000000 00:00 0 
7f0364a00000-7f0364b00000 rw-p 00000000 00:00 0 
7f0364c00000-7f0364d00000 rw-p 00000000 00:00 0 
7f0364e00000-7f0364f00000 rw-p 00000000 00:00 0 
7f0365000000-7f0365100000 rw-p 00000000 00:00 0 
7f0365200000-7f0365300000 rw-p 00000000 00:00 0 
7f0365400000-7f0365500000 rw-p 00000000 00:00 0 
7f0365600000-7f0365700000 rw-p 00000000 00:00 0 
7f0365800000-7f0365900000 rw-p 00000000 00:00 0 
7f0365a00000-7f0365b00000 rw-p 00000000 00:00 0 
7f0365c00000-7f0365d00000 rw-p 00000000 00:00 0 
7f0365e00000-7f0365f00000 rw-p 00000000 00:00 0 
7f0366000000-7f0366100000 rw-p 00000000 00:00 0 
7f0366200000-7f0366300000 rw-p 00000000 00:00 0 
7f0366400000-7f0366500000 rw-p 00000000 00:00 0 
7f0366600000-7f0366700000 rw-p 00000000 00:00 0 
7f0366800000-7f0366900000 rw-p 00000000 00:00 0 
7f0366a00000-7f0366b00000 rw-p 00000000 00:00 0 
7f0366c00000-7f0366d00000 rw-p 00000000 00:00 0 
7f0366e00000-7f0366f00000 rw-p 00000000 00:00 0 
7f0367000000-7f0367100000 rw-p 00000000 00:00 0 
7f0367200000-7f0367300000 rw-p 00000000 00:00 0 
7f0367400000-7f0367500000 rw-p 00000000 00:00 0 
7f0367600000-7f03677c0000 rw-p 00000000 00:00 0 
7f03677c0000-7f0367900000 rw-p 00000000 00:00 0 
7f0367a00000-7f0367b00000 rw-p 00000000 00:00 0 
7f0367c00000-7f0367d00000 rw-p 00000000 00:00 0 
7f0367e00000-7f0367f00000 rw-p 00000000 00:00 0 
7f0368000000-7f036809d000 rw-p 00000000 00:00 0 
7f036809d000-7f036c000000 ---p 00000000 00:00 0 
7f036c000000-7f036c100000 rw-p 00000000 00:00 0 
7f036c200000-7f036c300000 rw-p 00000000 00:00 0 
7f036c400000-7f036c500000 rw-p 00000000 00:00 0 
7f036c600000-7f036c700000 rw-p 00000000 00:00 0 
7f036c800000-7f036c900000 rw-p 00000000 00:00 0 
7f036ca00000-7f036cb00000 rw-p 00000000 00:00 0 
7f036cc00000-7f036cd00000 rw-p 00000000 00:00 0 
7f036ce00000-7f036cf00000 rw-p 00000000 00:00 0 
7f036d000000-7f036d100000 rw-p 00000000 00:00 0 
7f036d200000-7f036d300000 rw-p 00000000 00:00 0 
7f036d400000-7f036d500000 rw-p 00000000 00:00 0 
7f036d600000-7f036d700000 rw-p 00000000 00:00 0 
7f036d800000-7f036d900000 rw-p 00000000 00:00 0 
7f036da00000-7f036db00000 rw-p 00000000 00:00 0 
7f036dc00000-7f036dd00000 rw-p 00000000 00:00 0 
7f036de00000-7f036df00000 rw-p 00000000 00:00 0 
7f036e000000-7f036e100000 rw-p 00000000 00:00 0 
7f036e1ff000-7f036e202000 ---p 00000000 00:00 0 
7f036e202000-7f036e400000 rw-p 00000000 00:00 0 
7f036e500000-7f036e600000 rw-p 00000000 00:00 0 
7f036e700000-7f036e800000 rw-p 00000000 00:00 0 
7f036e900000-7f036ea00000 rw-p 00000000 00:00 0 
7f036eb00000-7f036ec00000 rw-p 00000000 00:00 0 
7f036ed00000-7f036ee00000 rw-p 00000000 00:00 0 
7f036ef00000-7f036f000000 rw-p 00000000 00:00 0 
7f036f100000-7f036f200000 rw-p 00000000 00:00 0 
7f036f300000-7f036f400000 rw-p 00000000 00:00 0 
7f036f500000-7f036f600000 rw-p 00000000 00:00 0 
7f036f700000-7f036f800000 rw-p 00000000 00:00 0 
7f036f900000-7f036fa00000 rw-p 00000000 00:00 0 
7f036faff000-7f036fb02000 ---p 00000000 00:00 0 
7f036fb02000-7f036fd00000 rw-p 00000000 00:00 0 
7f036fe00000-7f036ff00000 rw-p 00000000 00:00 0 
7f0370000000-7f0370100000 rw-p 00000000 00:00 0 
7f0370200000-7f0370300000 rw-p 00000000 00:00 0 
7f0370400000-7f0370500000 rw-p 00000000 00:00 0 
7f0370600000-7f0370700000 rw-p 00000000 00:00 0 
7f0370800000-7f0370900000 rw-p 00000000 00:00 0 
7f0370a00000-7f0370b00000 rw-p 00000000 00:00 0 
7f0370c00000-7f0370d00000 rw-p 00000000 00:00 0 
7f0370e00000-7f0370f00000 rw-p 00000000 00:00 0 
7f0371000000-7f0371100000 rw-p 00000000 00:00 0 
7f0371200000-7f0371300000 rw-p 00000000 00:00 0 
7f0371400000-7f0371500000 rw-p 00000000 00:00 0 
7f0371600000-7f0371700000 rw-p 00000000 00:00 0 
7f0371800000-7f0371900000 rw-p 00000000 00:00 0 
7f0371a00000-7f0371b00000 rw-p 00000000 00:00 0 
7f0371c00000-7f0371d00000 rw-p 00000000 00:00 0 
7f0371e00000-7f0371f00000 rw-p 00000000 00:00 0 
7f0372000000-7f0372100000 rw-p 00000000 00:00 0 
7f0372200000-7f0372300000 rw-p 00000000 00:00 0 
7f0372400000-7f0372500000 rw-p 00000000 00:00 0 
7f0372600000-7f0372700000 rw-p 00000000 00:00 0 
7f0372800000-7f0372900000 rw-p 00000000 00:00 0 
7f0372a00000-7f0372b00000 rw-p 00000000 00:00 0 
7f0372c00000-7f0372d00000 rw-p 00000000 00:00 0 
7f0372e00000-7f0372f00000 rw-p 00000000 00:00 0 
7f0373000000-7f0373100000 rw-p 00000000 00:00 0 
7f0373200000-7f0373300000 rw-p 00000000 00:00 0 
7f0373400000-7f0373500000 rw-p 00000000 00:00 0 
7f0373600000-7f03737c0000 rw-p 00000000 00:00 0 
7f03737c0000-7f0373900000 rw-p 00000000 00:00 0 
7f0373a00000-7f0373b00000 rw-p 00000000 00:00 0 
7f0373c00000-7f0373d00000 rw-p 00000000 00:00 0 
7f0373e00000-7f0373f00000 rw-p 00000000 00:00 0 
7f0374000000-7f0374021000 rw-p 00000000 00:00 0 
7f0374021000-7f0378000000 ---p 00000000 00:00 0 
7f0378100000-7f0378200000 rw-p 00000000 00:00 0 
7f0378300000-7f0378400000 rw-p 00000000 00:00 0 
7f0378500000-7f0378600000 rw-p 00000000 00:00 0 
7f0378700000-7f0378800000 rw-p 00000000 00:00 0 
7f0378900000-7f0378a00000 rw-p 00000000 00:00 0 
7f0378b00000-7f0378c00000 rw-p 00000000 00:00 0 
7f0378d00000-7f0378e00000 rw-p 00000000 00:00 0 
7f0378f00000-7f0379000000 rw-p 00000000 00:00 0 
7f0379100000-7f0379200000 rw-p 00000000 00:00 0 
7f0379300000-7f0379400000 rw-p 00000000 00:00 0 
7f0379500000-7f0379600000 rw-p 00000000 00:00 0 
7f0379700000-7f0379800000 rw-p 00000000 00:00 0 
7f0379900000-7f0379a00000 rw-p 00000000 00:00 0 
7f0379aff000-7f0379b02000 ---p 00000000 00:00 0 
7f0379b02000-7f0379d00000 rw-p 00000000 00:00 0 
7f0379e00000-7f0379f00000 rw-p 00000000 00:00 0 
7f037a000000-7f037a100000 rw-p 00000000 00:00 0 
7f037a200000-7f037a300000 rw-p 00000000 00:00 0 
7f037a400000-7f037a500000 rw-p 00000000 00:00 0 
7f037a600000-7f037a700000 rw-p 00000000 00:00 0 
7f037a800000-7f037a900000 rw-p 00000000 00:00 0 
7f037aa00000-7f037ab00000 rw-p 00000000 00:00 0 
7f037ac00000-7f037ad00000 rw-p 00000000 00:00 0 
7f037ae00000-7f037af00000 rw-p 00000000 00:00 0 
7f037b000000-7f037b100000 rw-p 00000000 00:00 0 
7f037b200000-7f037b300000 rw-p 00000000 00:00 0 
7f037b400000-7f037b500000 rw-p 00000000 00:00 0 
7f037b600000-7f037b700000 rw-p 00000000 00:00 0 
7f037b800000-7f037b900000 rw-p 00000000 00:00 0 
7f037ba00000-7f037bb00000 rw-p 00000000 00:00 0 
7f037bc00000-7f037bd00000 rw-p 00000000 00:00 0 
7f037be00000-7f037bf00000 rw-p 00000000 00:00 0 
7f037c000000-7f037c100000 rw-p 00000000 00:00 0 
7f037c200000-7f037c300000 rw-p 00000000 00:00 0 
7f037c400000-7f037c500000 rw-p 00000000 00:00 0 
7f037c600000-7f037c700000 rw-p 00000000 00:00 0 
7f037c800000-7f037c900000 rw-p 00000000 00:00 0 
7f037ca00000-7f037cb00000 rw-p 00000000 00:00 0 
7f037cc00000-7f037cd00000 rw-p 00000000 00:00 0 
7f037ce00000-7f037cf00000 rw-p 00000000 00:00 0 
7f037d000000-7f037d100000 rw-p 00000000 00:00 0 
7f037d200000-7f037d300000 rw-p 00000000 00:00 0 
7f037d400000-7f037d500000 rw-p 00000000 00:00 0 
7f037d600000-7f037d700000 rw-p 00000000 00:00 0 
7f037d800000-7f037d900000 rw-p 00000000 00:00 0 
7f037da00000-7f037db00000 rw-p 00000000 00:00 0 
7f037dc00000-7f037dd00000 rw-p 00000000 00:00 0 
7f037de00000-7f037df00000 rw-p 00000000 00:00 0 
7f037e000000-7f037e100000 rw-p 00000000 00:00 0 
7f037e200000-7f037e300000 rw-p 00000000 00:00 0 
7f037e400000-7f037e500000 rw-p 00000000 00:00 0 
7f037e600000-7f037e700000 rw-p 00000000 00:00 0 
7f037e800000-7f037e900000 rw-p 00000000 00:00 0 
7f037ea00000-7f037eb00000 rw-p 00000000 00:00 0 
7f037ec00000-7f037ed00000 rw-p 00000000 00:00 0 
7f037ee00000-7f037ef00000 rw-p 00000000 00:00 0 
7f037f000000-7f037f100000 rw-p 00000000 00:00 0 
7f037f200000-7f037f300000 rw-p 00000000 00:00 0 
7f037f400000-7f037f500000 rw-p 00000000 00:00 0 
7f037f600000-7f037f700000 rw-p 00000000 00:00 0 
7f037f800000-7f037f900000 rw-p 00000000 00:00 0 
7f037fa00000-7f037fbc0000 rw-p 00000000 00:00 0 
7f037fbc0000-7f037fd00000 rw-p 00000000 00:00 0 
7f037fe00000-7f037ff00000 rw-p 00000000 00:00 0 
7f0380000000-7f0382138000 rw-p 00000000 00:00 0 
7f0382138000-7f0384000000 ---p 00000000 00:00 0 
7f0384000000-7f0384021000 rw-p 00000000 00:00 0 
7f0384021000-7f0388000000 ---p 00000000 00:00 0 
7f0388000000-7f0388021000 rw-p 00000000 00:00 0 
7f0388021000-7f038c000000 ---p 00000000 00:00 0 
7f038c000000-7f038c021000 rw-p 00000000 00:00 0 
7f038c021000-7f0390000000 ---p 00000000 00:00 0 
7f0390000000-7f0390021000 rw-p 00000000 00:00 0 
7f0390021000-7f0394000000 ---p 00000000 00:00 0 
7f0394100000-7f0394200000 rw-p 00000000 00:00 0 
7f0394300000-7f0394400000 rw-p 00000000 00:00 0 
7f0394500000-7f0394600000 rw-p 00000000 00:00 0 
7f0394700000-7f0394800000 rw-p 00000000 00:00 0 
7f0394900000-7f0394a00000 rw-p 00000000 00:00 0 
7f0394ab8000-7f0394aea000 r-xp 00000000 00:2aa5 182079299                /nix/store/x26gyx3nb3kx580i4r9qg9q1iw45xbp9-graalvm8-ce/jre/lib/amd64/libsunec.so
7f0394aea000-7f0394ce9000 ---p 00032000 00:2aa5 182079299                /nix/store/x26gyx3nb3kx580i4r9qg9q1iw45xbp9-graalvm8-ce/jre/lib/amd64/libsunec.so
7f0394ce9000-7f0394cee000 r--p 00031000 00:2aa5 182079299                /nix/store/x26gyx3nb3kx580i4r9qg9q1iw45xbp9-graalvm8-ce/jre/lib/amd64/libsunec.so
7f0394cee000-7f0394cf0000 rw-p 00036000 00:2aa5 182079299                /nix/store/x26gyx3nb3kx580i4r9qg9q1iw45xbp9-graalvm8-ce/jre/lib/amd64/libsunec.so
7f0394cf0000-7f0394e00000 rw-p 00000000 00:00 0 
7f0394f00000-7f0395000000 rw-p 00000000 00:00 0 
7f0395100000-7f0395200000 rw-p 00000000 00:00 0 
7f0395300000-7f0395400000 rw-p 00000000 00:00 0 
7f0395500000-7f0395600000 rw-p 00000000 00:00 0 
7f0395700000-7f0395800000 rw-p 00000000 00:00 0 
7f0395900000-7f0395a00000 rw-p 00000000 00:00 0 
7f0395b00000-7f0395c00000 rw-p 00000000 00:00 0 
7f0395cfd000-7f0395d00000 ---p 00000000 00:00 0 
7f0395d00000-7f0395dfe000 rw-p 00000000 00:00 0 
7f0395dfe000-7f0395e01000 ---p 00000000 00:00 0 
7f0395e01000-7f0395eff000 rw-p 00000000 00:00 0 
7f0395eff000-7f0395f02000 ---p 00000000 00:00 0 
7f0395f02000-7f0396100000 rw-p 00000000 00:00 0 
7f0396200000-7f0396300000 rw-p 00000000 00:00 0 
7f0396400000-7f0396500000 rw-p 00000000 00:00 0 
7f0396600000-7f0396700000 rw-p 00000000 00:00 0 
7f0396800000-7f0396900000 rw-p 00000000 00:00 0 
7f0396a00000-7f0396b00000 rw-p 00000000 00:00 0 
7f0396c00000-7f0396d00000 rw-p 00000000 00:00 0 
7f0396e00000-7f0396f00000 rw-p 00000000 00:00 0 
7f0397000000-7f0397100000 rw-p 00000000 00:00 0 
7f0397200000-7f0397300000 rw-p 00000000 00:00 0 
7f0397400000-7f03975c0000 rw-p 00000000 00:00 0 
7f03975c0000-7f0397700000 rw-p 00000000 00:00 0 
7f0397800000-7f0397900000 rw-p 00000000 00:00 0 
7f0397a00000-7f0397b00000 rw-p 00000000 00:00 0 
7f0397c00000-7f0397d00000 rw-p 00000000 00:00 0 
7f0397e00000-7f0397f00000 rw-p 00000000 00:00 0 
7f0398000000-7f0398021000 rw-p 00000000 00:00 0 
7f0398021000-7f039c000000 ---p 00000000 00:00 0 
7f039c100000-7f039c200000 rw-p 00000000 00:00 0 
7f039c300000-7f039c400000 rw-p 00000000 00:00 0 
7f039c500000-7f039c600000 rw-p 00000000 00:00 0 
7f039c700000-7f039c800000 rw-p 00000000 00:00 0 
7f039c900000-7f039ca00000 rw-p 00000000 00:00 0 
7f039cb00000-7f039cc00000 rw-p 00000000 00:00 0 
7f039ccff000-7f039cd02000 ---p 00000000 00:00 0 
7f039cd02000-7f039cf00000 rw-p 00000000 00:00 0 
7f039d000000-7f039d100000 rw-p 00000000 00:00 0 
7f039d200000-7f039d300000 rw-p 00000000 00:00 0 
7f039d400000-7f039d500000 rw-p 00000000 00:00 0 
7f039d600000-7f039d700000 rw-p 00000000 00:00 0 
7f039d800000-7f039d900000 rw-p 00000000 00:00 0 
7f039da00000-7f039db00000 rw-p 00000000 00:00 0 
7f039dc00000-7f039dd00000 rw-p 00000000 00:00 0 
7f039de00000-7f039df00000 rw-p 00000000 00:00 0 
7f039e000000-7f039e100000 rw-p 00000000 00:00 0 
7f039e200000-7f039e300000 rw-p 00000000 00:00 0 
7f039e400000-7f039e500000 rw-p 00000000 00:00 0 
7f039e600000-7f039e700000 rw-p 00000000 00:00 0 
7f039e800000-7f039e900000 rw-p 00000000 00:00 0 
7f039ea00000-7f039eb00000 rw-p 00000000 00:00 0 
7f039ec00000-7f039ed00000 rw-p 00000000 00:00 0 
7f039ee00000-7f039ef00000 rw-p 00000000 00:00 0 
7f039f000000-7f039f100000 rw-p 00000000 00:00 0 
7f039f200000-7f039f300000 rw-p 00000000 00:00 0 
7f039f400000-7f039f500000 rw-p 00000000 00:00 0 
7f039f600000-7f039f700000 rw-p 00000000 00:00 0 
7f039f800000-7f039f900000 rw-p 00000000 00:00 0 
7f039fa00000-7f039fb00000 rw-p 00000000 00:00 0 
7f039fc00000-7f039fd00000 rw-p 00000000 00:00 0 
7f039fe00000-7f039ff00000 rw-p 00000000 00:00 0 
7f03a0000000-7f03a0055000 rw-p 00000000 00:00 0 
7f03a0055000-7f03a4000000 ---p 00000000 00:00 0 
7f03a4100000-7f03a4200000 rw-p 00000000 00:00 0 
7f03a4300000-7f03a4400000 rw-p 00000000 00:00 0 
7f03a4500000-7f03a4600000 rw-p 00000000 00:00 0 
7f03a4700000-7f03a4800000 rw-p 00000000 00:00 0 
7f03a4900000-7f03a4a00000 rw-p 00000000 00:00 0 
7f03a4b00000-7f03a4c00000 rw-p 00000000 00:00 0 
7f03a4d00000-7f03a4e00000 rw-p 00000000 00:00 0 
7f03a4eff000-7f03a4f02000 ---p 00000000 00:00 0 
7f03a4f02000-7f03a5100000 rw-p 00000000 00:00 0 
7f03a5200000-7f03a5300000 rw-p 00000000 00:00 0 
7f03a5400000-7f03a5500000 rw-p 00000000 00:00 0 
7f03a5600000-7f03a5700000 rw-p 00000000 00:00 0 
7f03a5800000-7f03a5900000 rw-p 00000000 00:00 0 
7f03a5a00000-7f03a5b00000 rw-p 00000000 00:00 0 
7f03a5c00000-7f03a5d00000 rw-p 00000000 00:00 0 
7f03a5e00000-7f03a5f00000 rw-p 00000000 00:00 0 
7f03a6000000-7f03a6100000 rw-p 00000000 00:00 0 
7f03a6200000-7f03a6300000 rw-p 00000000 00:00 0 
7f03a6400000-7f03a6500000 rw-p 00000000 00:00 0 
7f03a6600000-7f03a6700000 rw-p 00000000 00:00 0 
7f03a6800000-7f03a6900000 rw-p 00000000 00:00 0 
7f03a6a00000-7f03a6b00000 rw-p 00000000 00:00 0 
7f03a6c00000-7f03a6d00000 rw-p 00000000 00:00 0 
7f03a6e00000-7f03a6f00000 rw-p 00000000 00:00 0 
7f03a7000000-7f03a7100000 rw-p 00000000 00:00 0 
7f03a7200000-7f03a7300000 rw-p 00000000 00:00 0 
7f03a7400000-7f03a7500000 rw-p 00000000 00:00 0 
7f03a7600000-7f03a7700000 rw-p 00000000 00:00 0 
7f03a77ff000-7f03a7800000 ---p 00000000 00:00 0 
7f03a7800000-7f03a7803000 ---p 00000000 00:00 0 
7f03a7803000-7f03a8000000 rw-p 00000000 00:00 0 
7f03a8000000-7f03a8021000 rw-p 00000000 00:00 0 
7f03a8021000-7f03ac000000 ---p 00000000 00:00 0 
7f03ac000000-7f03ac36e000 rw-p 00000000 00:00 0 
7f03ac36e000-7f03b0000000 ---p 00000000 00:00 0 
7f03b0000000-7f03b0995000 rw-p 00000000 00:00 0 
7f03b0995000-7f03b4000000 ---p 00000000 00:00 0 
7f03b4000000-7f03b4021000 rw-p 00000000 00:00 0 
7f03b4021000-7f03b8000000 ---p 00000000 00:00 0 
7f03b8000000-7f03b814c000 rw-p 00000000 00:00 0 
7f03b814c000-7f03bc000000 ---p 00000000 00:00 0 
7f03bc000000-7f03bc100000 rw-p 00000000 00:00 0 
7f03bc200000-7f03bc300000 rw-p 00000000 00:00 0 
7f03bc400000-7f03bc500000 rw-p 00000000 00:00 0 
7f03bc600000-7f03bc700000 rw-p 00000000 00:00 0 
7f03bc7cd000-7f03bc7d0000 ---p 00000000 00:00 0 
7f03bc7d0000-7f03bc8ce000 rw-p 00000000 00:00 0 
7f03bc8ce000-7f03bc8e6000 r-xp 00000000 00:2aa5 182079293                /nix/store/x26gyx3nb3kx580i4r9qg9q1iw45xbp9-graalvm8-ce/jre/lib/amd64/libnet.so
7f03bc8e6000-7f03bcae6000 ---p 00018000 00:2aa5 182079293                /nix/store/x26gyx3nb3kx580i4r9qg9q1iw45xbp9-graalvm8-ce/jre/lib/amd64/libnet.so
7f03bcae6000-7f03bcae7000 r--p 00018000 00:2aa5 182079293                /nix/store/x26gyx3nb3kx580i4r9qg9q1iw45xbp9-graalvm8-ce/jre/lib/amd64/libnet.so
7f03bcae7000-7f03bcae8000 rw-p 00019000 00:2aa5 182079293                /nix/store/x26gyx3nb3kx580i4r9qg9q1iw45xbp9-graalvm8-ce/jre/lib/amd64/libnet.so
7f03bcae8000-7f03bcaea000 rw-p 00020000 00:2aa5 182079293                /nix/store/x26gyx3nb3kx580i4r9qg9q1iw45xbp9-graalvm8-ce/jre/lib/amd64/libnet.so
7f03bcaea000-7f03bcafb000 r-xp 00000000 00:2aa5 182079294                /nix/store/x26gyx3nb3kx580i4r9qg9q1iw45xbp9-graalvm8-ce/jre/lib/amd64/libnio.so
7f03bcafb000-7f03bccfa000 ---p 00011000 00:2aa5 182079294                /nix/store/x26gyx3nb3kx580i4r9qg9q1iw45xbp9-graalvm8-ce/jre/lib/amd64/libnio.so
7f03bccfa000-7f03bccfb000 r--p 00010000 00:2aa5 182079294                /nix/store/x26gyx3nb3kx580i4r9qg9q1iw45xbp9-graalvm8-ce/jre/lib/amd64/libnio.so
7f03bccfb000-7f03bccfc000 rw-p 00011000 00:2aa5 182079294                /nix/store/x26gyx3nb3kx580i4r9qg9q1iw45xbp9-graalvm8-ce/jre/lib/amd64/libnio.so
7f03bccfc000-7f03bcd00000 rw-p 00018000 00:2aa5 182079294                /nix/store/x26gyx3nb3kx580i4r9qg9q1iw45xbp9-graalvm8-ce/jre/lib/amd64/libnio.so
7f03bcd00000-7f03bce00000 rw-p 00000000 00:00 0 
7f03bce0b000-7f03bce4f000 rw-p 00000000 00:00 0 
7f03bce4f000-7f03bce62000 r--s 0034b000 00:2aa5 182079349                /nix/store/x26gyx3nb3kx580i4r9qg9q1iw45xbp9-graalvm8-ce/jre/lib/resources.jar
7f03bce62000-7f03bce6c000 r--s 000c6000 00:2aad 361                      /home/runner/EaglerCraft-Server/java/bukkit_command/plugins/Essentials.jar
7f03bce6c000-7f03bce79000 r--s 000be000 00:2aad 362                      /home/runner/EaglerCraft-Server/java/bukkit_command/plugins/WorldEdit.jar
7f03bce79000-7f03bce7d000 r--p 00000000 00:2aa5 265949937                /nix/store/9bh3986bpragfjmr32gay8p95k91q4gy-glibc-2.33-47/lib/libresolv-2.33.so
7f03bce7d000-7f03bce89000 r-xp 00004000 00:2aa5 265949937                /nix/store/9bh3986bpragfjmr32gay8p95k91q4gy-glibc-2.33-47/lib/libresolv-2.33.so
7f03bce89000-7f03bce8c000 r--p 00010000 00:2aa5 265949937                /nix/store/9bh3986bpragfjmr32gay8p95k91q4gy-glibc-2.33-47/lib/libresolv-2.33.so
7f03bce8c000-7f03bce8d000 ---p 00013000 00:2aa5 265949937                /nix/store/9bh3986bpragfjmr32gay8p95k91q4gy-glibc-2.33-47/lib/libresolv-2.33.so
7f03bce8d000-7f03bce8e000 r--p 00013000 00:2aa5 265949937                /nix/store/9bh3986bpragfjmr32gay8p95k91q4gy-glibc-2.33-47/lib/libresolv-2.33.so
7f03bce8e000-7f03bce8f000 rw-p 00014000 00:2aa5 265949937                /nix/store/9bh3986bpragfjmr32gay8p95k91q4gy-glibc-2.33-47/lib/libresolv-2.33.so
7f03bce8f000-7f03bce91000 rw-p 00000000 00:00 0 
7f03bce91000-7f03bce94000 r--p 00000000 00:2aa5 265949908                /nix/store/9bh3986bpragfjmr32gay8p95k91q4gy-glibc-2.33-47/lib/libgcc_s.so.1
7f03bce94000-7f03bcea5000 r-xp 00003000 00:2aa5 265949908                /nix/store/9bh3986bpragfjmr32gay8p95k91q4gy-glibc-2.33-47/lib/libgcc_s.so.1
7f03bcea5000-7f03bcea8000 r--p 00014000 00:2aa5 265949908                /nix/store/9bh3986bpragfjmr32gay8p95k91q4gy-glibc-2.33-47/lib/libgcc_s.so.1
7f03bcea8000-7f03bcea9000 ---p 00017000 00:2aa5 265949908                /nix/store/9bh3986bpragfjmr32gay8p95k91q4gy-glibc-2.33-47/lib/libgcc_s.so.1
7f03bcea9000-7f03bceaa000 r--p 00017000 00:2aa5 265949908                /nix/store/9bh3986bpragfjmr32gay8p95k91q4gy-glibc-2.33-47/lib/libgcc_s.so.1
7f03bceaa000-7f03bceab000 rw-p 00018000 00:2aa5 265949908                /nix/store/9bh3986bpragfjmr32gay8p95k91q4gy-glibc-2.33-47/lib/libgcc_s.so.1
7f03bceab000-7f03bcec7000 r--s 00393000 00:2aa5 182192671                /nix/store/x26gyx3nb3kx580i4r9qg9q1iw45xbp9-graalvm8-ce/jre/lib/ext/cldrdata.jar
7f03bcec7000-7f03bceca000 ---p 00000000 00:00 0 
7f03bceca000-7f03bcf00000 rw-p 00000000 00:00 0 
7f03bcf00000-7f03bd3aa000 r--p 00e97000 00:2aa5 182076995                /nix/store/x26gyx3nb3kx580i4r9qg9q1iw45xbp9-graalvm8-ce/jre/lib/amd64/libjvmcicompiler.so
7f03bd3aa000-7f03bd400000 r--p 00000000 00:00 0 
7f03bd400000-7f03bd4d7000 rw-p 00000000 00:00 0 
7f03bd4d7000-7f03bd800000 rw-p 0146e000 00:2aa5 182076995                /nix/store/x26gyx3nb3kx580i4r9qg9q1iw45xbp9-graalvm8-ce/jre/lib/amd64/libjvmcicompiler.so
7f03bd800000-7f03bdc42000 r--p 01797000 00:2aa5 182076995                /nix/store/x26gyx3nb3kx580i4r9qg9q1iw45xbp9-graalvm8-ce/jre/lib/amd64/libjvmcicompiler.so
7f03bdc45000-7f03bdc47000 r--s 00000000 00:2aad 360                      /home/runner/EaglerCraft-Server/java/bukkit_command/plugins/NoSpawnPVP.jar
7f03bdc47000-7f03bdc49000 r--s 00000000 00:2aad 17991                    /home/runner/EaglerCraft-Server/java/bukkit_command/plugins/EaglerPluginUpdater.jar (deleted)
7f03bdc49000-7f03bdc4b000 r--p 00000000 00:2aa5 265949924                /nix/store/9bh3986bpragfjmr32gay8p95k91q4gy-glibc-2.33-47/lib/libnss_dns-2.33.so
7f03bdc4b000-7f03bdc4e000 r-xp 00002000 00:2aa5 265949924                /nix/store/9bh3986bpragfjmr32gay8p95k91q4gy-glibc-2.33-47/lib/libnss_dns-2.33.so
7f03bdc4e000-7f03bdc4f000 r--p 00005000 00:2aa5 265949924                /nix/store/9bh3986bpragfjmr32gay8p95k91q4gy-glibc-2.33-47/lib/libnss_dns-2.33.so
7f03bdc4f000-7f03bdc50000 r--p 00005000 00:2aa5 265949924                /nix/store/9bh3986bpragfjmr32gay8p95k91q4gy-glibc-2.33-47/lib/libnss_dns-2.33.so
7f03bdc50000-7f03bdc51000 rw-p 00006000 00:2aa5 265949924                /nix/store/9bh3986bpragfjmr32gay8p95k91q4gy-glibc-2.33-47/lib/libnss_dns-2.33.so
7f03bdc51000-7f03bdc57000 r--s 0003d000 00:2aa5 182193566                /nix/store/x26gyx3nb3kx580i4r9qg9q1iw45xbp9-graalvm8-ce/jre/lib/ext/sunjce_provider.jar
7f03bdc57000-7f03bdc5a000 ---p 00000000 00:00 0 
7f03bdc5a000-7f03bdc90000 rw-p 00000000 00:00 0 
7f03bdc90000-7f03bdca1000 r--s 001c4000 00:2aa5 182079322                /nix/store/x26gyx3nb3kx580i4r9qg9q1iw45xbp9-graalvm8-ce/jre/lib/jsse.jar
7f03bdca1000-7f03bdd1b000 r--s 011a7000 00:2aa5 182193735                /nix/store/x26gyx3nb3kx580i4r9qg9q1iw45xbp9-graalvm8-ce/jre/lib/jvmci/graal.jar
7f03bdd1b000-7f03bf8f6000 r-xp 00000000 00:2aa5 182076995                /nix/store/x26gyx3nb3kx580i4r9qg9q1iw45xbp9-graalvm8-ce/jre/lib/amd64/libjvmcicompiler.so
7f03bf8f6000-7f03bfaf5000 ---p 01bdb000 00:2aa5 182076995                /nix/store/x26gyx3nb3kx580i4r9qg9q1iw45xbp9-graalvm8-ce/jre/lib/amd64/libjvmcicompiler.so
7f03bfaf5000-7f03bfaf6000 r--p 01bda000 00:2aa5 182076995                /nix/store/x26gyx3nb3kx580i4r9qg9q1iw45xbp9-graalvm8-ce/jre/lib/amd64/libjvmcicompiler.so
7f03bfaf6000-7f03bfaf8000 rw-p 01bdb000 00:2aa5 182076995                /nix/store/x26gyx3nb3kx580i4r9qg9q1iw45xbp9-graalvm8-ce/jre/lib/amd64/libjvmcicompiler.so
7f03bfaf8000-7f03bfafd000 rw-p 01e01000 00:2aa5 182076995                /nix/store/x26gyx3nb3kx580i4r9qg9q1iw45xbp9-graalvm8-ce/jre/lib/amd64/libjvmcicompiler.so
7f03bfafd000-7f03bfafe000 ---p 00000000 00:00 0 
7f03bfafe000-7f03bfbfe000 rw-p 00000000 00:00 0 
7f03bfbfe000-7f03bfbff000 ---p 00000000 00:00 0 
7f03bfbff000-7f03bfc02000 ---p 00000000 00:00 0 
7f03bfc02000-7f03bfdff000 rw-p 00000000 00:00 0 
7f03bfdff000-7f03bfe00000 ---p 00000000 00:00 0 
7f03bfe00000-7f03bfe03000 ---p 00000000 00:00 0 
7f03bfe03000-7f03c0000000 rw-p 00000000 00:00 0 
7f03c0000000-7f03c0021000 rw-p 00000000 00:00 0 
7f03c0021000-7f03c4000000 ---p 00000000 00:00 0 
7f03c4000000-7f03c4021000 rw-p 00000000 00:00 0 
7f03c4021000-7f03c8000000 ---p 00000000 00:00 0 
7f03c8000000-7f03c8021000 rw-p 00000000 00:00 0 
7f03c8021000-7f03cc000000 ---p 00000000 00:00 0 
7f03cc000000-7f03cc021000 rw-p 00000000 00:00 0 
7f03cc021000-7f03d0000000 ---p 00000000 00:00 0 
7f03d0000000-7f03d0021000 rw-p 00000000 00:00 0 
7f03d0021000-7f03d4000000 ---p 00000000 00:00 0 
7f03d4000000-7f03d4021000 rw-p 00000000 00:00 0 
7f03d4021000-7f03d8000000 ---p 00000000 00:00 0 
7f03d8000000-7f03d8021000 rw-p 00000000 00:00 0 
7f03d8021000-7f03dc000000 ---p 00000000 00:00 0 
7f03dc000000-7f03dc001000 r--s 00000000 00:2aad 276                      /home/runner/EaglerCraft-Server/java/bukkit_command/plugins/AutoSaver.jar
7f03dc001000-7f03dc002000 r--s 00003000 00:2aad 17990                    /home/runner/EaglerCraft-Server/java/bukkit_command/plugins/EaglerPluginInstaller.jar (deleted)
7f03dc002000-7f03dc00d000 r--s 00116000 00:2aa5 182193165                /nix/store/x26gyx3nb3kx580i4r9qg9q1iw45xbp9-graalvm8-ce/jre/lib/ext/localedata.jar
7f03dc00d000-7f03dc010000 ---p 00000000 00:00 0 
7f03dc010000-7f03dc10e000 rw-p 00000000 00:00 0 
7f03dc10e000-7f03dc111000 ---p 00000000 00:00 0 
7f03dc111000-7f03dc20f000 rw-p 00000000 00:00 0 
7f03dc20f000-7f03dc4f5000 r--p 00000000 00:2955 28444448                 /usr/lib/locale/locale-archive
7f03dc4f5000-7f03dc4f8000 ---p 00000000 00:00 0 
7f03dc4f8000-7f03dc5f6000 rw-p 00000000 00:00 0 
7f03dc5f6000-7f03dc5f9000 ---p 00000000 00:00 0 
7f03dc5f9000-7f03dc6f7000 rw-p 00000000 00:00 0 
7f03dc6f7000-7f03dc6f8000 ---p 00000000 00:00 0 
7f03dc6f8000-7f03dd000000 rw-p 00000000 00:00 0 
7f03dd000000-7f03ddd00000 rwxp 00000000 00:00 0 
7f03ddd00000-7f03ec000000 ---p 00000000 00:00 0 
7f03ec000000-7f03ec534000 rw-p 00000000 00:00 0 
7f03ec534000-7f03f0000000 ---p 00000000 00:00 0 
7f03f0000000-7f03f0002000 r--s 00008000 00:2aa5 182193565                /nix/store/x26gyx3nb3kx580i4r9qg9q1iw45xbp9-graalvm8-ce/jre/lib/ext/sunec.jar
7f03f0002000-7f03f0006000 r--s 00040000 00:2aa5 182193578                /nix/store/x26gyx3nb3kx580i4r9qg9q1iw45xbp9-graalvm8-ce/jre/lib/ext/sunpkcs11.jar
7f03f0006000-7f03f0008000 r--s 00016000 00:2aa5 182079319                /nix/store/x26gyx3nb3kx580i4r9qg9q1iw45xbp9-graalvm8-ce/jre/lib/jce.jar
7f03f0008000-7f03f0009000 r--s 00000000 00:2aa5 182193734                /nix/store/x26gyx3nb3kx580i4r9qg9q1iw45xbp9-graalvm8-ce/jre/lib/jvmci/graal-truffle-jfr-impl.jar
7f03f0009000-7f03f000d000 r--s 00089000 00:2aa5 182196473                /nix/store/x26gyx3nb3kx580i4r9qg9q1iw45xbp9-graalvm8-ce/jre/lib/jvmci/jvmci-hotspot.jar
7f03f000d000-7f03f0011000 r--s 0004f000 00:2aa5 182196470                /nix/store/x26gyx3nb3kx580i4r9qg9q1iw45xbp9-graalvm8-ce/jre/lib/jvmci/jvmci-api.jar
7f03f0011000-7f03f00a5000 r--s 00bcb000 00:2aad 284                      /home/runner/EaglerCraft-Server/java/bukkit_command/craftbukkit-1.5.2-R1.0.jar
7f03f00a5000-7f03f00a6000 r--s 00010000 00:2aa5 182192581                /nix/store/x26gyx3nb3kx580i4r9qg9q1iw45xbp9-graalvm8-ce/jre/lib/boot/graaljs-scriptengine.jar
7f03f00a6000-7f03f00ab000 r--s 0005c000 00:2aa5 182192580                /nix/store/x26gyx3nb3kx580i4r9qg9q1iw45xbp9-graalvm8-ce/jre/lib/boot/graal-sdk.src.zip
7f03f00ab000-7f03f00ac000 r--s 00004000 00:2aa5 182192582                /nix/store/x26gyx3nb3kx580i4r9qg9q1iw45xbp9-graalvm8-ce/jre/lib/boot/truffleruby-services.jar
7f03f00ac000-7f03f00b4000 r--s 0008b000 00:2aa5 182192579                /nix/store/x26gyx3nb3kx580i4r9qg9q1iw45xbp9-graalvm8-ce/jre/lib/boot/graal-sdk.jar
7f03f00b4000-7f03f00b5000 r--s 00005000 00:2aa5 182079328                /nix/store/x26gyx3nb3kx580i4r9qg9q1iw45xbp9-graalvm8-ce/jre/lib/jvmci-services.jar
7f03f00b5000-7f03f00bb000 r--s 000d3000 00:2aa5 182079321                /nix/store/x26gyx3nb3kx580i4r9qg9q1iw45xbp9-graalvm8-ce/jre/lib/jfr.jar
7f03f00bb000-7f03f050d000 rw-p 00000000 00:00 0 
7f03f050d000-7f03f06de000 r--s 03ca5000 00:2aa5 182079350                /nix/store/x26gyx3nb3kx580i4r9qg9q1iw45xbp9-graalvm8-ce/jre/lib/rt.jar
7f03f06de000-7f03f20b9000 rw-p 00000000 00:00 0 
7f03f20b9000-7f03f20ba000 ---p 00000000 00:00 0 
7f03f20ba000-7f03f21ba000 rw-p 00000000 00:00 0 
7f03f21ba000-7f03f21bb000 ---p 00000000 00:00 0 
7f03f21bb000-7f03f22bb000 rw-p 00000000 00:00 0 
7f03f22bb000-7f03f22bc000 ---p 00000000 00:00 0 
7f03f22bc000-7f03f259c000 rw-p 00000000 00:00 0 
7f03f259c000-7f03f2928000 ---p 00000000 00:00 0 
7f03f2928000-7f03f2930000 r-xp 00000000 00:2aa5 182079303                /nix/store/x26gyx3nb3kx580i4r9qg9q1iw45xbp9-graalvm8-ce/jre/lib/amd64/libzip.so
7f03f2930000-7f03f2b2f000 ---p 00008000 00:2aa5 182079303                /nix/store/x26gyx3nb3kx580i4r9qg9q1iw45xbp9-graalvm8-ce/jre/lib/amd64/libzip.so
7f03f2b2f000-7f03f2b30000 r--p 00007000 00:2aa5 182079303                /nix/store/x26gyx3nb3kx580i4r9qg9q1iw45xbp9-graalvm8-ce/jre/lib/amd64/libzip.so
7f03f2b30000-7f03f2b31000 rw-p 00008000 00:2aa5 182079303                /nix/store/x26gyx3nb3kx580i4r9qg9q1iw45xbp9-graalvm8-ce/jre/lib/amd64/libzip.so
7f03f2b31000-7f03f2b33000 rw-p 0000b000 00:2aa5 182079303                /nix/store/x26gyx3nb3kx580i4r9qg9q1iw45xbp9-graalvm8-ce/jre/lib/amd64/libzip.so
7f03f2b33000-7f03f2b3b000 rw-s 00000000 00:2952 393                      /tmp/hsperfdata_runner/33
7f03f2b3b000-7f03f2b3e000 r--p 00000000 00:2aa5 265949927                /nix/store/9bh3986bpragfjmr32gay8p95k91q4gy-glibc-2.33-47/lib/libnss_files-2.33.so
7f03f2b3e000-7f03f2b44000 r-xp 00003000 00:2aa5 265949927                /nix/store/9bh3986bpragfjmr32gay8p95k91q4gy-glibc-2.33-47/lib/libnss_files-2.33.so
7f03f2b44000-7f03f2b46000 r--p 00009000 00:2aa5 265949927                /nix/store/9bh3986bpragfjmr32gay8p95k91q4gy-glibc-2.33-47/lib/libnss_files-2.33.so
7f03f2b46000-7f03f2b47000 r--p 0000a000 00:2aa5 265949927                /nix/store/9bh3986bpragfjmr32gay8p95k91q4gy-glibc-2.33-47/lib/libnss_files-2.33.so
7f03f2b47000-7f03f2b48000 rw-p 0000b000 00:2aa5 265949927                /nix/store/9bh3986bpragfjmr32gay8p95k91q4gy-glibc-2.33-47/lib/libnss_files-2.33.so
7f03f2b48000-7f03f2b4f000 rw-p 00000000 00:00 0 
7f03f2b4f000-7f03f2b50000 r--p 00000000 00:00 0 
7f03f2b50000-7f03f2b78000 r-xp 00000000 00:2aa5 182076983                /nix/store/x26gyx3nb3kx580i4r9qg9q1iw45xbp9-graalvm8-ce/jre/lib/amd64/libjava.so
7f03f2b78000-7f03f2d77000 ---p 00028000 00:2aa5 182076983                /nix/store/x26gyx3nb3kx580i4r9qg9q1iw45xbp9-graalvm8-ce/jre/lib/amd64/libjava.so
7f03f2d77000-7f03f2d78000 r--p 00027000 00:2aa5 182076983                /nix/store/x26gyx3nb3kx580i4r9qg9q1iw45xbp9-graalvm8-ce/jre/lib/amd64/libjava.so
7f03f2d78000-7f03f2d7a000 rw-p 00028000 00:2aa5 182076983                /nix/store/x26gyx3nb3kx580i4r9qg9q1iw45xbp9-graalvm8-ce/jre/lib/amd64/libjava.so
7f03f2d7a000-7f03f2d7f000 rw-p 00034000 00:2aa5 182076983                /nix/store/x26gyx3nb3kx580i4r9qg9q1iw45xbp9-graalvm8-ce/jre/lib/amd64/libjava.so
7f03f2d7f000-7f03f2d8e000 r-xp 00000000 00:2aa5 182079302                /nix/store/x26gyx3nb3kx580i4r9qg9q1iw45xbp9-graalvm8-ce/jre/lib/amd64/libverify.so
7f03f2d8e000-7f03f2f8d000 ---p 0000f000 00:2aa5 182079302                /nix/store/x26gyx3nb3kx580i4r9qg9q1iw45xbp9-graalvm8-ce/jre/lib/amd64/libverify.so
7f03f2f8d000-7f03f2f8f000 r--p 0000e000 00:2aa5 182079302                /nix/store/x26gyx3nb3kx580i4r9qg9q1iw45xbp9-graalvm8-ce/jre/lib/amd64/libverify.so
7f03f2f8f000-7f03f2f90000 rw-p 00010000 00:2aa5 182079302                /nix/store/x26gyx3nb3kx580i4r9qg9q1iw45xbp9-graalvm8-ce/jre/lib/amd64/libverify.so
7f03f2f90000-7f03f2f91000 rw-p 00013000 00:2aa5 182079302                /nix/store/x26gyx3nb3kx580i4r9qg9q1iw45xbp9-graalvm8-ce/jre/lib/amd64/libverify.so
7f03f2f91000-7f03f2f94000 r--p 00000000 00:2aa5 265949940                /nix/store/9bh3986bpragfjmr32gay8p95k91q4gy-glibc-2.33-47/lib/librt-2.33.so
7f03f2f94000-7f03f2f98000 r-xp 00003000 00:2aa5 265949940                /nix/store/9bh3986bpragfjmr32gay8p95k91q4gy-glibc-2.33-47/lib/librt-2.33.so
7f03f2f98000-7f03f2f9a000 r--p 00007000 00:2aa5 265949940                /nix/store/9bh3986bpragfjmr32gay8p95k91q4gy-glibc-2.33-47/lib/librt-2.33.so
7f03f2f9a000-7f03f2f9b000 r--p 00008000 00:2aa5 265949940                /nix/store/9bh3986bpragfjmr32gay8p95k91q4gy-glibc-2.33-47/lib/librt-2.33.so
7f03f2f9b000-7f03f2f9c000 rw-p 00009000 00:2aa5 265949940                /nix/store/9bh3986bpragfjmr32gay8p95k91q4gy-glibc-2.33-47/lib/librt-2.33.so
7f03f2f9c000-7f03f2f9d000 ---p 00000000 00:00 0 
7f03f2f9d000-7f03f2fa0000 ---p 00000000 00:00 0 
7f03f2fa0000-7f03f309d000 rw-p 00000000 00:00 0 
7f03f309d000-7f03f30ac000 r--p 00000000 00:2aa5 265949909                /nix/store/9bh3986bpragfjmr32gay8p95k91q4gy-glibc-2.33-47/lib/libm-2.33.so
7f03f30ac000-7f03f3143000 r-xp 0000f000 00:2aa5 265949909                /nix/store/9bh3986bpragfjmr32gay8p95k91q4gy-glibc-2.33-47/lib/libm-2.33.so
7f03f3143000-7f03f31dc000 r--p 000a6000 00:2aa5 265949909                /nix/store/9bh3986bpragfjmr32gay8p95k91q4gy-glibc-2.33-47/lib/libm-2.33.so
7f03f31dc000-7f03f31dd000 r--p 0013e000 00:2aa5 265949909                /nix/store/9bh3986bpragfjmr32gay8p95k91q4gy-glibc-2.33-47/lib/libm-2.33.so
7f03f31dd000-7f03f31de000 rw-p 0013f000 00:2aa5 265949909                /nix/store/9bh3986bpragfjmr32gay8p95k91q4gy-glibc-2.33-47/lib/libm-2.33.so
7f03f31de000-7f03f4015000 r-xp 00000000 00:2aa5 182192051                /nix/store/x26gyx3nb3kx580i4r9qg9q1iw45xbp9-graalvm8-ce/jre/lib/amd64/server/libjvm.so
7f03f4015000-7f03f4215000 ---p 00e37000 00:2aa5 182192051                /nix/store/x26gyx3nb3kx580i4r9qg9q1iw45xbp9-graalvm8-ce/jre/lib/amd64/server/libjvm.so
7f03f4215000-7f03f42e0000 rw-p 00e37000 00:2aa5 182192051                /nix/store/x26gyx3nb3kx580i4r9qg9q1iw45xbp9-graalvm8-ce/jre/lib/amd64/server/libjvm.so
7f03f42e0000-7f03f4318000 rw-p 00000000 00:00 0 
7f03f4318000-7f03f433e000 r--p 00000000 00:2aa5 265949897                /nix/store/9bh3986bpragfjmr32gay8p95k91q4gy-glibc-2.33-47/lib/libc-2.33.so
7f03f433e000-7f03f4481000 r-xp 00026000 00:2aa5 265949897                /nix/store/9bh3986bpragfjmr32gay8p95k91q4gy-glibc-2.33-47/lib/libc-2.33.so
7f03f4481000-7f03f44ce000 r--p 00169000 00:2aa5 265949897                /nix/store/9bh3986bpragfjmr32gay8p95k91q4gy-glibc-2.33-47/lib/libc-2.33.so
7f03f44ce000-7f03f44d1000 r--p 001b5000 00:2aa5 265949897                /nix/store/9bh3986bpragfjmr32gay8p95k91q4gy-glibc-2.33-47/lib/libc-2.33.so
7f03f44d1000-7f03f44d4000 rw-p 001b8000 00:2aa5 265949897                /nix/store/9bh3986bpragfjmr32gay8p95k91q4gy-glibc-2.33-47/lib/libc-2.33.so
7f03f44d4000-7f03f44df000 rw-p 00000000 00:00 0 
7f03f44df000-7f03f44e0000 r--p 00000000 00:2aa5 265949904                /nix/store/9bh3986bpragfjmr32gay8p95k91q4gy-glibc-2.33-47/lib/libdl-2.33.so
7f03f44e0000-7f03f44e1000 r-xp 00001000 00:2aa5 265949904                /nix/store/9bh3986bpragfjmr32gay8p95k91q4gy-glibc-2.33-47/lib/libdl-2.33.so
7f03f44e1000-7f03f44e2000 r--p 00002000 00:2aa5 265949904                /nix/store/9bh3986bpragfjmr32gay8p95k91q4gy-glibc-2.33-47/lib/libdl-2.33.so
7f03f44e2000-7f03f44e3000 r--p 00002000 00:2aa5 265949904                /nix/store/9bh3986bpragfjmr32gay8p95k91q4gy-glibc-2.33-47/lib/libdl-2.33.so
7f03f44e3000-7f03f44e4000 rw-p 00003000 00:2aa5 265949904                /nix/store/9bh3986bpragfjmr32gay8p95k91q4gy-glibc-2.33-47/lib/libdl-2.33.so
7f03f44e4000-7f03f44f1000 r-xp 00000000 00:2aa5 182076968                /nix/store/x26gyx3nb3kx580i4r9qg9q1iw45xbp9-graalvm8-ce/jre/lib/amd64/jli/libjli.so
7f03f44f1000-7f03f46f1000 ---p 0000d000 00:2aa5 182076968                /nix/store/x26gyx3nb3kx580i4r9qg9q1iw45xbp9-graalvm8-ce/jre/lib/amd64/jli/libjli.so
7f03f46f1000-7f03f46f2000 r--p 0000d000 00:2aa5 182076968                /nix/store/x26gyx3nb3kx580i4r9qg9q1iw45xbp9-graalvm8-ce/jre/lib/amd64/jli/libjli.so
7f03f46f2000-7f03f46f3000 rw-p 0000e000 00:2aa5 182076968                /nix/store/x26gyx3nb3kx580i4r9qg9q1iw45xbp9-graalvm8-ce/jre/lib/amd64/jli/libjli.so
7f03f46f3000-7f03f46f4000 rw-p 00012000 00:2aa5 182076968                /nix/store/x26gyx3nb3kx580i4r9qg9q1iw45xbp9-graalvm8-ce/jre/lib/amd64/jli/libjli.so
7f03f46f4000-7f03f46f7000 r--p 00000000 00:2aa5 266601246                /nix/store/dc3r2nbhckwn41hq5vaxxbj7z0lqdwb1-zlib-1.2.11/lib/libz.so.1.2.11
7f03f46f7000-7f03f4708000 r-xp 00003000 00:2aa5 266601246                /nix/store/dc3r2nbhckwn41hq5vaxxbj7z0lqdwb1-zlib-1.2.11/lib/libz.so.1.2.11
7f03f4708000-7f03f470e000 r--p 00014000 00:2aa5 266601246                /nix/store/dc3r2nbhckwn41hq5vaxxbj7z0lqdwb1-zlib-1.2.11/lib/libz.so.1.2.11
7f03f470e000-7f03f470f000 ---p 0001a000 00:2aa5 266601246                /nix/store/dc3r2nbhckwn41hq5vaxxbj7z0lqdwb1-zlib-1.2.11/lib/libz.so.1.2.11
7f03f470f000-7f03f4710000 r--p 0001a000 00:2aa5 266601246                /nix/store/dc3r2nbhckwn41hq5vaxxbj7z0lqdwb1-zlib-1.2.11/lib/libz.so.1.2.11
7f03f4710000-7f03f4711000 rw-p 0001b000 00:2aa5 266601246                /nix/store/dc3r2nbhckwn41hq5vaxxbj7z0lqdwb1-zlib-1.2.11/lib/libz.so.1.2.11
7f03f4711000-7f03f4718000 r--p 00000000 00:2aa5 265949934                /nix/store/9bh3986bpragfjmr32gay8p95k91q4gy-glibc-2.33-47/lib/libpthread-2.33.so
7f03f4718000-7f03f4726000 r-xp 00007000 00:2aa5 265949934                /nix/store/9bh3986bpragfjmr32gay8p95k91q4gy-glibc-2.33-47/lib/libpthread-2.33.so
7f03f4726000-7f03f472b000 r--p 00015000 00:2aa5 265949934                /nix/store/9bh3986bpragfjmr32gay8p95k91q4gy-glibc-2.33-47/lib/libpthread-2.33.so
7f03f472b000-7f03f472c000 r--p 00019000 00:2aa5 265949934                /nix/store/9bh3986bpragfjmr32gay8p95k91q4gy-glibc-2.33-47/lib/libpthread-2.33.so
7f03f472c000-7f03f472d000 rw-p 0001a000 00:2aa5 265949934                /nix/store/9bh3986bpragfjmr32gay8p95k91q4gy-glibc-2.33-47/lib/libpthread-2.33.so
7f03f472d000-7f03f4733000 rw-p 00000000 00:00 0 
7f03f4733000-7f03f4734000 r--p 00000000 00:2aa5 265949888                /nix/store/9bh3986bpragfjmr32gay8p95k91q4gy-glibc-2.33-47/lib/ld-2.33.so
7f03f4734000-7f03f4758000 r-xp 00001000 00:2aa5 265949888                /nix/store/9bh3986bpragfjmr32gay8p95k91q4gy-glibc-2.33-47/lib/ld-2.33.so
7f03f4758000-7f03f4762000 r--p 00025000 00:2aa5 265949888                /nix/store/9bh3986bpragfjmr32gay8p95k91q4gy-glibc-2.33-47/lib/ld-2.33.so
7f03f4762000-7f03f4764000 r--p 0002e000 00:2aa5 265949888                /nix/store/9bh3986bpragfjmr32gay8p95k91q4gy-glibc-2.33-47/lib/ld-2.33.so
7f03f4764000-7f03f4766000 rw-p 00030000 00:2aa5 265949888                /nix/store/9bh3986bpragfjmr32gay8p95k91q4gy-glibc-2.33-47/lib/ld-2.33.so
7ffe2c585000-7ffe2c5a9000 rw-p 00000000 00:00 0                          [stack]
7ffe2c5ef000-7ffe2c5f3000 r--p 00000000 00:00 0                          [vvar]
7ffe2c5f3000-7ffe2c5f5000 r-xp 00000000 00:00 0                          [vdso]
ffffffffff600000-ffffffffff601000 --xp 00000000 00:00 0                  [vsyscall]

VM Arguments:
jvm_args: -Xmx512M -Xms512M 
java_command: craftbukkit-1.5.2-R1.0.jar
java_class_path (initial): craftbukkit-1.5.2-R1.0.jar
Launcher Type: SUN_STANDARD

Environment Variables:
JAVA_HOME=/nix/store/x26gyx3nb3kx580i4r9qg9q1iw45xbp9-graalvm8-ce
LD_LIBRARY_PATH=/nix/store/kbz3s60sndry87c2csg4svbbld3224q8-cups-2.3.3-lib/lib:/nix/store/0bdcnb6wnd9dg4wj4aqjwkizzz7lldps-cairo-1.16.0/lib:/nix/store/3jz43ya7j65mh53nj262rilsk1j2jb68-glib-2.68.3/lib:/nix/store/qvmdkg2f09pvlsdr4bqasyiy5g0mbvrd-gtk+3-3.24.30/lib:/nix/store/hisqvx32cd57apbpcsnkpx6k3549wql1-libglvnd-1.4.0/lib:/nix/store/p36pgcv991mq5srvg765b78yqpxvk3qs-mesa-21.3.3-drivers/lib:/nix/store/mav4251if1ahjq5vkpwycyyvnmy459c4-pulseaudio-14.2/lib
DISPLAY=:0

Signal Handlers:
SIGSEGV: [libjvm.so+0xbe9860], sa_mask[0]=11111111011111111101111111111110, sa_flags=SA_RESTART|SA_SIGINFO
SIGBUS: [libjvm.so+0xbe9860], sa_mask[0]=11111111011111111101111111111110, sa_flags=SA_RESTART|SA_SIGINFO
SIGFPE: [libjvm.so+0xa11d10], sa_mask[0]=11111111011111111101111111111110, sa_flags=SA_RESTART|SA_SIGINFO
SIGPIPE: [libjvm.so+0xa11d10], sa_mask[0]=11111111011111111101111111111110, sa_flags=SA_RESTART|SA_SIGINFO
SIGXFSZ: [libjvm.so+0xa11d10], sa_mask[0]=11111111011111111101111111111110, sa_flags=SA_RESTART|SA_SIGINFO
SIGILL: [libjvm.so+0xa11d10], sa_mask[0]=11111111011111111101111111111110, sa_flags=SA_RESTART|SA_SIGINFO
SIGUSR1: SIG_DFL, sa_mask[0]=00000000000000000000000000000000, sa_flags=none
SIGUSR2: [libjvm.so+0xa11be0], sa_mask[0]=00000000000000000000000000000000, sa_flags=SA_RESTART|SA_SIGINFO
SIGHUP: [libjvm.so+0xa12200], sa_mask[0]=11111111011111111101111111111110, sa_flags=SA_RESTART|SA_SIGINFO
SIGINT: [libjvm.so+0xa12200], sa_mask[0]=11111111011111111101111111111110, sa_flags=SA_RESTART|SA_SIGINFO
SIGTERM: [libjvm.so+0xa12200], sa_mask[0]=11111111011111111101111111111110, sa_flags=SA_RESTART|SA_SIGINFO
SIGQUIT: [libjvm.so+0xa12200], sa_mask[0]=11111111011111111101111111111110, sa_flags=SA_RESTART|SA_SIGINFO


---------------  S Y S T E M  ---------------

OS: