#
# A fatal error has been detected by the Java Runtime Environment:
#
#  SIGBUS (0x7) at pc=0x00007ff64b88bd1e, pid=946, tid=0x00007ff61f816640
#
# JRE version: OpenJDK Runtime Environment (8.0_302-b07) (build 1.8.0_302-b07)
# Java VM: OpenJDK 64-Bit Server VM GraalVM CE 21.2.0 (25.302-b07-jvmci-21.2-b08 mixed mode linux-amd64 compressed oops)
# Problematic frame:
# V  [libjvm.so+0xa60d1e]  PerfLongVariant::sample()+0x1e
#
# Core dump written. Default location: /home/runner/EaglerCraft-Server/java/bukkit_command/core or core.946
#
# If you would like to submit a bug report, please visit:
#   https://github.com/oracle/graal/issues
#

---------------  T H R E A D  ---------------

Current thread (0x00007ff64417a000):  WatcherThread [stack: 0x00007ff61f717000,0x00007ff61f817000] [id=971]

siginfo: si_signo: 7 (SIGBUS), si_code: 2 (BUS_ADRERR), si_addr: 0x00007ff64a781420

Registers:
RAX=0x0000000000a7a418, RBX=0x00007ff64a781420, RCX=0x0000000000000002, RDX=0x00007ff64b0f8690
RSP=0x00007ff61f815ce0, RBP=0x00007ff61f815cf0, RSI=0x00007ff64bf412cc, RDI=0x00007ff64401c040
R8 =0x0000000000000000, R9 =0x0000000000000032, R10=0x0000000000000000, R11=0x0000000000000000
R12=0x0000000000000008, R13=0x00007ff6441766e0, R14=0x0000000000000002, R15=0x0000000000000001
RIP=0x00007ff64b88bd1e, EFLAGS=0x0000000000010216, CSGSFS=0x002b000000000033, ERR=0x0000000000000007
  TRAPNO=0x000000000000000e

Top of Stack: (sp=0x00007ff61f815ce0)
0x00007ff61f815ce0:   00007ff61f815d20 0000000000000001
0x00007ff61f815cf0:   00007ff61f815d20 00007ff64b934add
0x00007ff61f815d00:   0000000000000032 0000000000000032
0x00007ff61f815d10:   00007ff64bf46e80 0000000000000001
0x00007ff61f815d20:   00007ff61f815d70 00007ff64b98722c
0x00007ff61f815d30:   00007ff6440097a0 000000324c029570
0x00007ff61f815d40:   0000000000000000 00007ff64417a000
0x00007ff61f815d50:   0000000000000032 00007ff64bf408d8
0x00007ff61f815d60:   0000219b1fb0652b 0000000000000001
0x00007ff61f815d70:   00007ff61f815e10 00007ff64b9ad8b6
0x00007ff61f815d80:   0000000000000004 000000024417afd0
0x00007ff61f815d90:   00007ff64417aee0 00007ff6440097a0
0x00007ff61f815da0:   0000000000000000 00007ff64417a000
0x00007ff61f815db0:   00007ff61f815e10 00007ff64b7f0eea
0x00007ff61f815dc0:   00007ff64baa8639 00007ff64417afd0
0x00007ff61f815dd0:   00007ff61f815e10 00007ff6007ef82e
0x00007ff61f815de0:   00007ff61f815e10 00007ff64417afd0
0x00007ff61f815df0:   00007ff64417aee0 00007ff64417a000
0x00007ff61f815e00:   0000000000000000 00007ff61f816640
0x00007ff61f815e10:   00007ff61f815e50 00007ff64b83ed02
0x00007ff61f815e20:   0000000000000000 0000000000000000
0x00007ff61f815e30:   00007ff64ace89de 00007ff64ace89df
0x00007ff61f815e40:   0000000000000000 00007ff61f816640
0x00007ff61f815e50:   0000000000000000 00007ff64c366d3e
0x00007ff61f815e60:   0000000000000000 00007ff61f816640
0x00007ff61f815e70:   00007ff61f816640 fe8e30936815bfeb
0x00007ff61f815e80:   00007ff64ace89de 00007ff64ace89df
0x00007ff61f815e90:   0000000000000000 00007ff61f816640
0x00007ff61f815ea0:   01620f91d4d5bfeb 0162a8ffb17dbfeb
0x00007ff61f815eb0:   0000000000000000 0000000000000000
0x00007ff61f815ec0:   0000000000000000 0000000000000000
0x00007ff61f815ed0:   0000000000000000 0000000000000000 

Instructions: (pc=0x00007ff64b88bd1e)
0x00007ff64b88bcfe:   90 90 48 89 f8 48 8b 7f 38 48 85 ff 74 24 55 48
0x00007ff64b88bd0e:   89 e5 53 48 83 ec 08 48 8b 58 28 48 8b 07 ff 10
0x00007ff64b88bd1e:   48 89 03 48 83 c4 08 5b 5d c3 0f 1f 84 00 00 00
0x00007ff64b88bd2e:   00 00 f3 c3 66 66 2e 0f 1f 84 00 00 00 00 00 0f 

Register to memory mapping:

RAX=0x0000000000a7a418 is an unknown value
RBX=0x00007ff64a781420 is an unknown value
RCX=0x0000000000000002 is an unknown value
RDX=0x00007ff64b0f8690: <offset 0x2cd690> in /nix/store/x26gyx3nb3kx580i4r9qg9q1iw45xbp9-graalvm8-ce/jre/lib/amd64/server/libjvm.so at 0x00007ff64ae2b000
RSP=0x00007ff61f815ce0 is an unknown value
RBP=0x00007ff61f815cf0 is an unknown value
RSI=0x00007ff64bf412cc: <offset 0x11162cc> in /nix/store/x26gyx3nb3kx580i4r9qg9q1iw45xbp9-graalvm8-ce/jre/lib/amd64/server/libjvm.so at 0x00007ff64ae2b000
RDI=0x00007ff64401c040 is an unknown value
R8 =0x0000000000000000 is an unknown value
R9 =0x0000000000000032 is an unknown value
R10=0x0000000000000000 is an unknown value
R11=0x0000000000000000 is an unknown value
R12=0x0000000000000008 is an unknown value
R13=0x00007ff6441766e0 is an unknown value
R14=0x0000000000000002 is an unknown value
R15=0x0000000000000001 is an unknown value


Stack: [0x00007ff61f717000,0x00007ff61f817000],  sp=0x00007ff61f815ce0,  free space=1019k
Native frames: (J=compiled Java code, j=interpreted, Vv=VM code, C=native code)
V  [libjvm.so+0xa60d1e]  PerfLongVariant::sample()+0x1e
V  [libjvm.so+0xb09add]  StatSamplerTask::task()+0x3d
V  [libjvm.so+0xb5c22c]  PeriodicTask::real_time_tick(int)+0xac
V  [libjvm.so+0xb828b6]  WatcherThread::run()+0x276
V  [libjvm.so+0xa13d02]  java_start(Thread*)+0x102


---------------  P R O C E S S  ---------------

Java Threads: ( => current thread )
  0x00007ff5d9ff9000 JavaThread "Chunk I/O Executor Thread-1" daemon [_thread_blocked, id=1128, stack(0x00007ff5b43ff000,0x00007ff5b4500000)]
  0x00007ff5d8ce3800 JavaThread "pool-2-thread-1" [_thread_blocked, id=1122, stack(0x00007ff5b58ff000,0x00007ff5b5a00000)]
  0x00007ff5d8cd5000 JavaThread "File IO Thread" [_thread_blocked, id=1073, stack(0x00007ff5c55ff000,0x00007ff5c5700000)]
  0x00007ff5d8278000 JavaThread "pool-1-thread-4" [_thread_blocked, id=1070, stack(0x00007ff5b56fd000,0x00007ff5b57fe000)]
  0x00007ff5d808b800 JavaThread "Listen thread" [_thread_in_native, id=1017, stack(0x00007ff5d24ff000,0x00007ff5d2600000)]
  0x00007ff5d8004800 JavaThread "Thread-5" daemon [_thread_in_native, id=1002, stack(0x00007ff5ecefe000,0x00007ff5ecfff000)]
  0x00007ff64400a000 JavaThread "DestroyJavaVM" [_thread_blocked, id=948, stack(0x00007ff64abea000,0x00007ff64acea000)]
  0x00007ff644386000 JavaThread "Server thread" [_thread_blocked, id=1001, stack(0x00007ff5ecfff000,0x00007ff5ed100000)]
  0x00007ff644384800 JavaThread "Thread-4" daemon [_thread_blocked, id=1000, stack(0x00007ff5ed2ff000,0x00007ff5ed400000)]
  0x00007ff64430f800 JavaThread "Snooper Timer" daemon [_thread_blocked, id=983, stack(0x00007ff5f42ff000,0x00007ff5f4400000)]
  0x00007ff5f8035000 JavaThread "Libgraal MBean Registration" daemon [_thread_blocked, id=976, stack(0x00007ff5fd0ff000,0x00007ff5fd200000)]
  0x00007ff6441ce000 JavaThread "CrashLoopDetector" daemon [_thread_blocked, id=972, stack(0x00007ff61c3cd000,0x00007ff61c4ce000)]
  0x00007ff644174000 JavaThread "Service Thread" daemon [_thread_blocked, id=969, stack(0x00007ff61f817000,0x00007ff61f918000)]
  0x00007ff644167800 JavaThread "C1 CompilerThread1" daemon [_thread_blocked, id=967, stack(0x00007ff61f919000,0x00007ff61fb19000)]
  0x00007ff644164800 JavaThread "JVMCI-native CompilerThread0" daemon [_thread_blocked, id=965, stack(0x00007ff61fb1a000,0x00007ff61fd1a000)]
  0x00007ff644161800 JavaThread "Signal Dispatcher" daemon [_thread_blocked, id=962, stack(0x00007ff6340f1000,0x00007ff6341f2000)]
  0x00007ff64412f000 JavaThread "Finalizer" daemon [_thread_blocked, id=961, stack(0x00007ff6341f2000,0x00007ff6342f3000)]
  0x00007ff64412a800 JavaThread "Reference Handler" daemon [_thread_blocked, id=958, stack(0x00007ff6342f3000,0x00007ff6343f4000)]

Other Threads:
  0x00007ff644122800 VMThread [stack: 0x00007ff6343f5000,0x00007ff6344f5000] [id=957]
=>0x00007ff64417a000 WatcherThread [stack: 0x00007ff61f717000,0x00007ff61f817000] [id=971]

VM state:not at safepoint (normal execution)

VM Mutex/Monitor currently owned by a thread:  ([mutex/lock_event])
[0x00007ff6440097a0] PeriodicTask_lock - owner thread: 0x00007ff64417a000

heap address: 0x00000000e0000000, size: 512 MB, Compressed Oops mode: 32-bit
Narrow klass base: 0x0000000000000000, Narrow klass shift: 3
Compressed class space size: 1073741824 Address: 0x0000000100000000

Heap:
 PSYoungGen      total 116736K, used 17277K [0x00000000f5580000, 0x0000000100000000, 0x0000000100000000)
  eden space 58880K, 29% used [0x00000000f5580000,0x00000000f663f558,0x00000000f8f00000)
  from space 57856K, 0% used [0x00000000f8f00000,0x00000000f8f20000,0x00000000fc780000)
  to   space 57856K, 0% used [0x00000000fc780000,0x00000000fc780000,0x0000000100000000)
 ParOldGen       total 349696K, used 106311K [0x00000000e0000000, 0x00000000f5580000, 0x00000000f5580000)
  object space 349696K, 30% used [0x00000000e0000000,0x00000000e67d1e60,0x00000000f5580000)
 Metaspace       used 30290K, capacity 30736K, committed 31104K, reserved 1077248K
  class space    used 3419K, capacity 3585K, committed 3712K, reserved 1048576K

Card table byte_map: [0x00007ff64a0b4000,0x00007ff64a1b5000] byte_map_base: 0x00007ff6499b4000

Marking Bits: (ParMarkBitMap*) 0x00007ff64bf45080
 Begin Bits: [0x00007ff648d06000, 0x00007ff649506000)
 End Bits:   [0x00007ff649506000, 0x00007ff649d06000)

Polling page: 0x00007ff64a79c000

CodeCache: size=245760Kb used=12195Kb max_used=13045Kb free=233564Kb
 bounds [0x00007ff635000000, 0x00007ff635d10000, 0x00007ff644000000]
 total_blobs=4233 nmethods=3670 adapters=476
 compilation: enabled
              stopped_count=0, restarted_count=0

JVMCI Events (8 events):
Event: 0.226 Thread 0x00007ff64400a000 created new JVMCI runtime 0 (0x00007ff644081950)
Event: 0.226 Thread 0x00007ff64400a000 created new JVMCI runtime -1 (0x00007ff64409c5c0)
Event: 0.768 Thread 0x00007ff644164800 loaded JVMCI shared library from /nix/store/x26gyx3nb3kx580i4r9qg9q1iw45xbp9-graalvm8-ce/jre/lib/amd64/libjvmcicompiler.so
Event: 0.797 Thread 0x00007ff644164800 created JavaVM[1]@0x00007ff61d392798 for JVMCI runtime 0
Event: 0.984 Thread 0x00007ff644164800 initializing JVMCI runtime 0
Event: 1.084 Thread 0x00007ff644164800 initialized JVMCI runtime 0
Event: 2.271 Thread 0x00007ff5f8001000 initializing JVMCI runtime -1
Event: 3.359 Thread 0x00007ff5f8001000 initialized JVMCI runtime -1

Compilation events (10 events):
Event: 5487.530 Thread 0x00007ff644167800 5452       3       net.minecraft.server.v1_5_R3.EntityItem::l_ (467 bytes)
Event: 5487.533 Thread 0x00007ff644167800 nmethod 5452 0x00007ff6357a2c10 code [0x00007ff6357a2fe0, 0x00007ff6357a5ce8]
Event: 5532.330 Thread 0x00007ff644164800 5453       4       net.minecraft.server.v1_5_R3.Packet33RelEntityMoveLook::<init> (39 bytes)
Event: 5532.339 Thread 0x00007ff644164800 nmethod 5453 0x00007ff6354e07d0 code [0x00007ff6354e0940, 0x00007ff6354e0c70]
Event: 5586.230 Thread 0x00007ff644164800 5454       4       net.minecraft.server.v1_5_R3.World::v (61 bytes)
Event: 5586.236 Thread 0x00007ff644164800 nmethod 5454 0x00007ff6357ecfd0 code [0x00007ff6357ed200, 0x00007ff6357ed550]
Event: 5611.731 Thread 0x00007ff644164800 5455       4       net.minecraft.server.v1_5_R3.Entity::i (451 bytes)
Event: 5611.987 Thread 0x00007ff644164800 nmethod 5455 0x00007ff6359e25d0 code [0x00007ff6359e2880, 0x00007ff6359e3258]
Event: 5612.330 Thread 0x00007ff644164800 5456       4       net.minecraft.server.v1_5_R3.EntityItem::l_ (467 bytes)
Event: 5612.352 Thread 0x00007ff644164800 nmethod 5456 0x00007ff635ae4fd0 code [0x00007ff635ae5200, 0x00007ff635ae5a78]

GC Heap History (10 events):
Event: 3485.630 GC heap before
{Heap before GC invocations=14 (full 1):
 PSYoungGen      total 116736K, used 59104K [0x00000000f5580000, 0x0000000100000000, 0x0000000100000000)
  eden space 58880K, 100% used [0x00000000f5580000,0x00000000f8f00000,0x00000000f8f00000)
  from space 57856K, 0% used [0x00000000fc780000,0x00000000fc7b8000,0x0000000100000000)
  to   space 57856K, 0% used [0x00000000f8f00000,0x00000000f8f00000,0x00000000fc780000)
 ParOldGen       total 349696K, used 106143K [0x00000000e0000000, 0x00000000f5580000, 0x00000000f5580000)
  object space 349696K, 30% used [0x00000000e0000000,0x00000000e67a7e60,0x00000000f5580000)
 Metaspace       used 30268K, capacity 30736K, committed 31104K, reserved 1077248K
  class space    used 3419K, capacity 3585K, committed 3712K, reserved 1048576K
Event: 3485.632 GC heap after
Heap after GC invocations=14 (full 1):
 PSYoungGen      total 116736K, used 128K [0x00000000f5580000, 0x0000000100000000, 0x0000000100000000)
  eden space 58880K, 0% used [0x00000000f5580000,0x00000000f5580000,0x00000000f8f00000)
  from space 57856K, 0% used [0x00000000f8f00000,0x00000000f8f20000,0x00000000fc780000)
  to   space 57856K, 0% used [0x00000000fc780000,0x00000000fc780000,0x0000000100000000)
 ParOldGen       total 349696K, used 106271K [0x00000000e0000000, 0x00000000f5580000, 0x00000000f5580000)
  object space 349696K, 30% used [0x00000000e0000000,0x00000000e67c7e60,0x00000000f5580000)
 Metaspace       used 30268K, capacity 30736K, committed 31104K, reserved 1077248K
  class space    used 3419K, capacity 3585K, committed 3712K, reserved 1048576K
}
Event: 3981.530 GC heap before
{Heap before GC invocations=15 (full 1):
 PSYoungGen      total 116736K, used 59008K [0x00000000f5580000, 0x0000000100000000, 0x0000000100000000)
  eden space 58880K, 100% used [0x00000000f5580000,0x00000000f8f00000,0x00000000f8f00000)
  from space 57856K, 0% used [0x00000000f8f00000,0x00000000f8f20000,0x00000000fc780000)
  to   space 57856K, 0% used [0x00000000fc780000,0x00000000fc780000,0x0000000100000000)
 ParOldGen       total 349696K, used 106271K [0x00000000e0000000, 0x00000000f5580000, 0x00000000f5580000)
  object space 349696K, 30% used [0x00000000e0000000,0x00000000e67c7e60,0x00000000f5580000)
 Metaspace       used 30279K, capacity 30736K, committed 31104K, reserved 1077248K
  class space    used 3419K, capacity 3585K, committed 3712K, reserved 1048576K
Event: 3981.533 GC heap after
Heap after GC invocations=15 (full 1):
 PSYoungGen      total 116736K, used 96K [0x00000000f5580000, 0x0000000100000000, 0x0000000100000000)
  eden space 58880K, 0% used [0x00000000f5580000,0x00000000f5580000,0x00000000f8f00000)
  from space 57856K, 0% used [0x00000000fc780000,0x00000000fc798000,0x0000000100000000)
  to   space 57856K, 0% used [0x00000000f8f00000,0x00000000f8f00000,0x00000000fc780000)
 ParOldGen       total 349696K, used 106279K [0x00000000e0000000, 0x00000000f5580000, 0x00000000f5580000)
  object space 349696K, 30% used [0x00000000e0000000,0x00000000e67c9e60,0x00000000f5580000)
 Metaspace       used 30279K, capacity 30736K, committed 31104K, reserved 1077248K
  class space    used 3419K, capacity 3585K, committed 3712K, reserved 1048576K
}
Event: 4515.630 GC heap before
{Heap before GC invocations=16 (full 1):
 PSYoungGen      total 116736K, used 58976K [0x00000000f5580000, 0x0000000100000000, 0x0000000100000000)
  eden space 58880K, 100% used [0x00000000f5580000,0x00000000f8f00000,0x00000000f8f00000)
  from space 57856K, 0% used [0x00000000fc780000,0x00000000fc798000,0x0000000100000000)
  to   space 57856K, 0% used [0x00000000f8f00000,0x00000000f8f00000,0x00000000fc780000)
 ParOldGen       total 349696K, used 106279K [0x00000000e0000000, 0x00000000f5580000, 0x00000000f5580000)
  object space 349696K, 30% used [0x00000000e0000000,0x00000000e67c9e60,0x00000000f5580000)
 Metaspace       used 30285K, capacity 30736K, committed 31104K, reserved 1077248K
  class space    used 3419K, capacity 3585K, committed 3712K, reserved 1048576K
Event: 4515.633 GC heap after
Heap after GC invocations=16 (full 1):
 PSYoungGen      total 116736K, used 128K [0x00000000f5580000, 0x0000000100000000, 0x0000000100000000)
  eden space 58880K, 0% used [0x00000000f5580000,0x00000000f5580000,0x00000000f8f00000)
  from space 57856K, 0% used [0x00000000f8f00000,0x00000000f8f20000,0x00000000fc780000)
  to   space 57856K, 0% used [0x00000000fc780000,0x00000000fc780000,0x0000000100000000)
 ParOldGen       total 349696K, used 106287K [0x00000000e0000000, 0x00000000f5580000, 0x00000000f5580000)
  object space 349696K, 30% used [0x00000000e0000000,0x00000000e67cbe60,0x00000000f5580000)
 Metaspace       used 30285K, capacity 30736K, committed 31104K, reserved 1077248K
  class space    used 3419K, capacity 3585K, committed 3712K, reserved 1048576K
}
Event: 5014.281 GC heap before
{Heap before GC invocations=17 (full 1):
 PSYoungGen      total 116736K, used 59008K [0x00000000f5580000, 0x0000000100000000, 0x0000000100000000)
  eden space 58880K, 100% used [0x00000000f5580000,0x00000000f8f00000,0x00000000f8f00000)
  from space 57856K, 0% used [0x00000000f8f00000,0x00000000f8f20000,0x00000000fc780000)
  to   space 57856K, 0% used [0x00000000fc780000,0x00000000fc780000,0x0000000100000000)
 ParOldGen       total 349696K, used 106287K [0x00000000e0000000, 0x00000000f5580000, 0x00000000f5580000)
  object space 349696K, 30% used [0x00000000e0000000,0x00000000e67cbe60,0x00000000f5580000)
 Metaspace       used 30288K, capacity 30736K, committed 31104K, reserved 1077248K
  class space    used 3419K, capacity 3585K, committed 3712K, reserved 1048576K
Event: 5014.284 GC heap after
Heap after GC invocations=17 (full 1):
 PSYoungGen      total 116736K, used 96K [0x00000000f5580000, 0x0000000100000000, 0x0000000100000000)
  eden space 58880K, 0% used [0x00000000f5580000,0x00000000f5580000,0x00000000f8f00000)
  from space 57856K, 0% used [0x00000000fc780000,0x00000000fc798000,0x0000000100000000)
  to   space 57856K, 0% used [0x00000000f8f00000,0x00000000f8f00000,0x00000000fc780000)
 ParOldGen       total 349696K, used 106295K [0x00000000e0000000, 0x00000000f5580000, 0x00000000f5580000)
  object space 349696K, 30% used [0x00000000e0000000,0x00000000e67cde60,0x00000000f5580000)
 Metaspace       used 30288K, capacity 30736K, committed 31104K, reserved 1077248K
  class space    used 3419K, capacity 3585K, committed 3712K, reserved 1048576K
}
Event: 5510.979 GC heap before
{Heap before GC invocations=18 (full 1):
 PSYoungGen      total 116736K, used 58976K [0x00000000f5580000, 0x0000000100000000, 0x0000000100000000)
  eden space 58880K, 100% used [0x00000000f5580000,0x00000000f8f00000,0x00000000f8f00000)
  from space 57856K, 0% used [0x00000000fc780000,0x00000000fc798000,0x0000000100000000)
  to   space 57856K, 0% used [0x00000000f8f00000,0x00000000f8f00000,0x00000000fc780000)
 ParOldGen       total 349696K, used 106295K [0x00000000e0000000, 0x00000000f5580000, 0x00000000f5580000)
  object space 349696K, 30% used [0x00000000e0000000,0x00000000e67cde60,0x00000000f5580000)
 Metaspace       used 30290K, capacity 30736K, committed 31104K, reserved 1077248K
  class space    used 3419K, capacity 3585K, committed 3712K, reserved 1048576K
Event: 5510.983 GC heap after
Heap after GC invocations=18 (full 1):
 PSYoungGen      total 116736K, used 128K [0x00000000f5580000, 0x0000000100000000, 0x0000000100000000)
  eden space 58880K, 0% used [0x00000000f5580000,0x00000000f5580000,0x00000000f8f00000)
  from space 57856K, 0% used [0x00000000f8f00000,0x00000000f8f20000,0x00000000fc780000)
  to   space 57856K, 0% used [0x00000000fc780000,0x00000000fc780000,0x0000000100000000)
 ParOldGen       total 349696K, used 106311K [0x00000000e0000000, 0x00000000f5580000, 0x00000000f5580000)
  object space 349696K, 30% used [0x00000000e0000000,0x00000000e67d1e60,0x00000000f5580000)
 Metaspace       used 30290K, capacity 30736K, committed 31104K, reserved 1077248K
  class space    used 3419K, capacity 3585K, committed 3712K, reserved 1048576K
}

Class unloading (0 events):
No events

Deoptimization events (10 events):
Event: 2678.539 Thread 0x00007ff644386000 Uncommon trap: reason=null_assert_or_unreached0 action=reinterpret pc=0x00007ff635932a7c method=net.minecraft.server.v1_5_R3.NetworkManager.b()V @ 164
Event: 2678.539 Thread 0x00007ff5cc00b000 Uncommon trap: reason=null_assert_or_unreached0 action=reinterpret pc=0x00007ff6357c911f method=java.net.AbstractPlainSocketImpl.releaseFD()V @ 7
Event: 2678.759 Thread 0x00007ff644386000 Uncommon trap: reason=null_assert_or_unreached0 action=reinterpret pc=0x00007ff6357c703f method=net.minecraft.server.v1_5_R3.ServerConnection.b()V @ 33
Event: 2678.787 Thread 0x00007ff644386000 Uncommon trap: reason=null_assert_or_unreached0 action=reinterpret pc=0x00007ff635a35cac method=net.minecraft.server.v1_5_R3.PlayerChunkMap.flush()V @ 42
Event: 2685.683 Thread 0x00007ff644386000 Uncommon trap: reason=null_assert_or_unreached0 action=reinterpret pc=0x00007ff635a7b54e method=net.minecraft.server.v1_5_R3.EntityTrackerEntry.track(Ljava/util/List;)V @ 621
Event: 2692.580 Thread 0x00007ff644386000 Uncommon trap: reason=null_assert_or_unreached0 action=reinterpret pc=0x00007ff63544468d method=net.minecraft.server.v1_5_R3.WorldData.setThunderDuration(I)V @ 5
Event: 3177.729 Thread 0x00007ff644386000 Uncommon trap: reason=null_assert_or_unreached0 action=reinterpret pc=0x00007ff6354f9335 method=net.minecraft.server.v1_5_R3.WorldData.setWeatherDuration(I)V @ 5
Event: 3434.779 Thread 0x00007ff644386000 Uncommon trap: reason=null_assert_or_unreached0 action=reinterpret pc=0x00007ff6358f5509 method=net.minecraft.server.v1_5_R3.VillageSiege.a()V @ 94
Event: 5483.729 Thread 0x00007ff644386000 Uncommon trap: reason=null_assert_or_unreached0 action=reinterpret pc=0x00007ff6358a3b42 method=net.minecraft.server.v1_5_R3.Entity.i(DDD)Z @ 147
Event: 5484.330 Thread 0x00007ff644386000 Uncommon trap: reason=null_assert_or_unreached0 action=reinterpret pc=0x00007ff635415127 method=net.minecraft.server.v1_5_R3.EntityItem.l_()V @ 353

Classes redefined (0 events):
No events

Internal exceptions (10 events):
Event: 2678.284 Thread 0x00007ff5cc00f800 Exception <a 'java/lang/InterruptedException': sleep interrupted> (0x00000000f68340f8) thrown at [/b/b/e/main/graal-jvmci-8/src/share/vm/prims/jvm.cpp, line 3364]
Event: 2678.331 Thread 0x00007ff5cc00f800 Exception <a 'java/lang/InterruptedException': sleep interrupted> (0x00000000f6834350) thrown at [/b/b/e/main/graal-jvmci-8/src/share/vm/prims/jvm.cpp, line 3364]
Event: 2678.382 Thread 0x00007ff5cc00f800 Exception <a 'java/lang/InterruptedException': sleep interrupted> (0x00000000f68345a8) thrown at [/b/b/e/main/graal-jvmci-8/src/share/vm/prims/jvm.cpp, line 3364]
Event: 2678.431 Thread 0x00007ff5cc00f800 Exception <a 'java/lang/InterruptedException': sleep interrupted> (0x00000000f6834800) thrown at [/b/b/e/main/graal-jvmci-8/src/share/vm/prims/jvm.cpp, line 3364]
Event: 2678.482 Thread 0x00007ff5cc00f800 Exception <a 'java/lang/InterruptedException': sleep interrupted> (0x00000000f6834a58) thrown at [/b/b/e/main/graal-jvmci-8/src/share/vm/prims/jvm.cpp, line 3364]
Event: 2678.693 Thread 0x00007ff5cc00b000 Exception <a 'java/lang/InterruptedException': sleep interrupted> (0x00000000f6a90a88) thrown at [/b/b/e/main/graal-jvmci-8/src/share/vm/prims/jvm.cpp, line 3317]
Event: 2747.729 Thread 0x00007ff64430f800 Exception <a 'java/net/UnknownHostException'> (0x00000000f767f910) thrown at [/b/b/e/main/graal-jvmci-8/src/share/vm/prims/jni.cpp, line 715]
Event: 3647.682 Thread 0x00007ff64430f800 Exception <a 'java/net/UnknownHostException'> (0x00000000f6a7bb98) thrown at [/b/b/e/main/graal-jvmci-8/src/share/vm/prims/jni.cpp, line 715]
Event: 4547.685 Thread 0x00007ff64430f800 Exception <a 'java/net/UnknownHostException'> (0x00000000f5c9ae38) thrown at [/b/b/e/main/graal-jvmci-8/src/share/vm/prims/jni.cpp, line 715]
Event: 5447.682 Thread 0x00007ff64430f800 Exception <a 'java/net/UnknownHostException'> (0x00000000f899c640) thrown at [/b/b/e/main/graal-jvmci-8/src/share/vm/prims/jni.cpp, line 715]

Events (10 events):
Event: 5483.729 Thread 0x00007ff644386000 DEOPT PACKING pc=0x00007ff6358a3b42 sp=0x00007ff5ed0fe600
Event: 5483.729 Thread 0x00007ff644386000 DEOPT UNPACKING pc=0x00007ff635049199 sp=0x00007ff5ed0fe2d0 mode 3
Event: 5484.330 Thread 0x00007ff644386000 Uncommon trap: trap_request=0xffffffed fr.pc=0x00007ff635415127 relative=0x00000000000006e7
Event: 5484.330 Thread 0x00007ff644386000 DEOPT PACKING pc=0x00007ff635415127 sp=0x00007ff5ed0fe6a0
Event: 5484.330 Thread 0x00007ff644386000 DEOPT UNPACKING pc=0x00007ff635049199 sp=0x00007ff5ed0fe3b0 mode 3
Event: 5499.563 Executing VM operation: RevokeBias
Event: 5499.563 Executing VM operation: RevokeBias done
Event: 5499.563 Thread 0x00007ff5d9ff9800 Thread exited: 0x00007ff5d9ff9800
Event: 5510.979 Executing VM operation: ParallelGCFailedAllocation
Event: 5510.983 Executing VM operation: ParallelGCFailedAllocation done


Dynamic libraries:
e0000000-1003a0000 rw-p 00000000 00:00 0 
1003a0000-140000000 ---p 00000000 00:00 0 
565478e00000-565478e01000 r-xp 00000000 00:1b17 181159222                /nix/store/x26gyx3nb3kx580i4r9qg9q1iw45xbp9-graalvm8-ce/bin/.java-wrapped
565479000000-565479001000 r--p 00000000 00:1b17 181159222                /nix/store/x26gyx3nb3kx580i4r9qg9q1iw45xbp9-graalvm8-ce/bin/.java-wrapped
565479001000-565479002000 rw-p 00001000 00:1b17 181159222                /nix/store/x26gyx3nb3kx580i4r9qg9q1iw45xbp9-graalvm8-ce/bin/.java-wrapped
565479002000-565479003000 rw-p 00003000 00:1b17 181159222                /nix/store/x26gyx3nb3kx580i4r9qg9q1iw45xbp9-graalvm8-ce/bin/.java-wrapped
565479003000-565479004000 rw-p 00004000 00:1b17 181159222                /nix/store/x26gyx3nb3kx580i4r9qg9q1iw45xbp9-graalvm8-ce/bin/.java-wrapped
56547af3d000-56547af5e000 rw-p 00000000 00:00 0                          [heap]
7ff5a7cff000-7ff5a7d02000 ---p 00000000 00:00 0 
7ff5a7d02000-7ff5a7f00000 rw-p 00000000 00:00 0 
7ff5a8000000-7ff5a8047000 rw-p 00000000 00:00 0 
7ff5a8047000-7ff5ac000000 ---p 00000000 00:00 0 
7ff5ac000000-7ff5ac021000 rw-p 00000000 00:00 0 
7ff5ac021000-7ff5b0000000 ---p 00000000 00:00 0 
7ff5b0000000-7ff5b0021000 rw-p 00000000 00:00 0 
7ff5b0021000-7ff5b4000000 ---p 00000000 00:00 0 
7ff5b4000000-7ff5b4100000 rw-p 00000000 00:00 0 
7ff5b4200000-7ff5b4300000 rw-p 00000000 00:00 0 
7ff5b43ff000-7ff5b4402000 ---p 00000000 00:00 0 
7ff5b4402000-7ff5b4600000 rw-p 00000000 00:00 0 
7ff5b4700000-7ff5b4800000 rw-p 00000000 00:00 0 
7ff5b4900000-7ff5b4a00000 rw-p 00000000 00:00 0 
7ff5b4b00000-7ff5b4bc0000 rw-p 00000000 00:00 0 
7ff5b4bc0000-7ff5b4d00000 ---p 00000000 00:00 0 
7ff5b4d00000-7ff5b4e00000 rw-p 00000000 00:00 0 
7ff5b4f00000-7ff5b5000000 rw-p 00000000 00:00 0 
7ff5b50f3000-7ff5b50fc000 r-xp 00000000 00:1b17 182078940                /nix/store/x26gyx3nb3kx580i4r9qg9q1iw45xbp9-graalvm8-ce/jre/lib/amd64/libmanagement.so
7ff5b50fc000-7ff5b52fb000 ---p 00009000 00:1b17 182078940                /nix/store/x26gyx3nb3kx580i4r9qg9q1iw45xbp9-graalvm8-ce/jre/lib/amd64/libmanagement.so
7ff5b52fb000-7ff5b52fc000 r--p 00008000 00:1b17 182078940                /nix/store/x26gyx3nb3kx580i4r9qg9q1iw45xbp9-graalvm8-ce/jre/lib/amd64/libmanagement.so
7ff5b52fc000-7ff5b52fd000 rw-p 00009000 00:1b17 182078940                /nix/store/x26gyx3nb3kx580i4r9qg9q1iw45xbp9-graalvm8-ce/jre/lib/amd64/libmanagement.so
7ff5b52fd000-7ff5b5300000 rw-p 0000d000 00:1b17 182078940                /nix/store/x26gyx3nb3kx580i4r9qg9q1iw45xbp9-graalvm8-ce/jre/lib/amd64/libmanagement.so
7ff5b5300000-7ff5b54c0000 rw-p 00000000 00:00 0 
7ff5b54c0000-7ff5b5600000 rw-p 00000000 00:00 0 
7ff5b56fd000-7ff5b5700000 ---p 00000000 00:00 0 
7ff5b5700000-7ff5b57fe000 rw-p 00000000 00:00 0 
7ff5b57fe000-7ff5b5801000 ---p 00000000 00:00 0 
7ff5b5801000-7ff5b58ff000 rw-p 00000000 00:00 0 
7ff5b58ff000-7ff5b5902000 ---p 00000000 00:00 0 
7ff5b5902000-7ff5b5bc0000 rw-p 00000000 00:00 0 
7ff5b5bc0000-7ff5b5dc0000 rw-p 00000000 00:00 0 
7ff5b5dc0000-7ff5b5fc0000 rw-p 00000000 00:00 0 
7ff5b5fc0000-7ff5b6100000 rw-p 00000000 00:00 0 
7ff5b6200000-7ff5b63c0000 rw-p 00000000 00:00 0 
7ff5b63c0000-7ff5b6500000 rw-p 00000000 00:00 0 
7ff5b6600000-7ff5b6700000 rw-p 00000000 00:00 0 
7ff5b6800000-7ff5b6900000 rw-p 00000000 00:00 0 
7ff5b6a00000-7ff5b6b00000 rw-p 00000000 00:00 0 
7ff5b6c00000-7ff5b6d00000 rw-p 00000000 00:00 0 
7ff5b6e00000-7ff5b6f00000 rw-p 00000000 00:00 0 
7ff5b7000000-7ff5b7100000 rw-p 00000000 00:00 0 
7ff5b7200000-7ff5b7300000 rw-p 00000000 00:00 0 
7ff5b7400000-7ff5b7500000 rw-p 00000000 00:00 0 
7ff5b7600000-7ff5b7700000 rw-p 00000000 00:00 0 
7ff5b7800000-7ff5b7900000 rw-p 00000000 00:00 0 
7ff5b7a00000-7ff5b7b00000 rw-p 00000000 00:00 0 
7ff5b7c00000-7ff5b7d00000 rw-p 00000000 00:00 0 
7ff5b7e00000-7ff5b7f00000 rw-p 00000000 00:00 0 
7ff5b8000000-7ff5b804b000 rw-p 00000000 00:00 0 
7ff5b804b000-7ff5bc000000 ---p 00000000 00:00 0 
7ff5bc000000-7ff5bc100000 rw-p 00000000 00:00 0 
7ff5bc200000-7ff5bc300000 rw-p 00000000 00:00 0 
7ff5bc400000-7ff5bc500000 rw-p 00000000 00:00 0 
7ff5bc600000-7ff5bc700000 rw-p 00000000 00:00 0 
7ff5bc800000-7ff5bc900000 rw-p 00000000 00:00 0 
7ff5bca00000-7ff5bcb00000 rw-p 00000000 00:00 0 
7ff5bcc00000-7ff5bcd00000 rw-p 00000000 00:00 0 
7ff5bce00000-7ff5bcf00000 rw-p 00000000 00:00 0 
7ff5bd000000-7ff5bd100000 rw-p 00000000 00:00 0 
7ff5bd200000-7ff5bd300000 rw-p 00000000 00:00 0 
7ff5bd400000-7ff5bd500000 rw-p 00000000 00:00 0 
7ff5bd600000-7ff5bd700000 rw-p 00000000 00:00 0 
7ff5bd800000-7ff5bd900000 rw-p 00000000 00:00 0 
7ff5bda00000-7ff5bdb00000 rw-p 00000000 00:00 0 
7ff5bdc00000-7ff5bdd00000 rw-p 00000000 00:00 0 
7ff5bde00000-7ff5bdf00000 rw-p 00000000 00:00 0 
7ff5be000000-7ff5be100000 rw-p 00000000 00:00 0 
7ff5be200000-7ff5be300000 rw-p 00000000 00:00 0 
7ff5be400000-7ff5be500000 rw-p 00000000 00:00 0 
7ff5be600000-7ff5be700000 rw-p 00000000 00:00 0 
7ff5be800000-7ff5be900000 rw-p 00000000 00:00 0 
7ff5bea00000-7ff5beb00000 rw-p 00000000 00:00 0 
7ff5bec00000-7ff5bed00000 rw-p 00000000 00:00 0 
7ff5bee00000-7ff5bef00000 rw-p 00000000 00:00 0 
7ff5bf000000-7ff5bf100000 rw-p 00000000 00:00 0 
7ff5bf200000-7ff5bf300000 rw-p 00000000 00:00 0 
7ff5bf400000-7ff5bf500000 rw-p 00000000 00:00 0 
7ff5bf600000-7ff5bf700000 rw-p 00000000 00:00 0 
7ff5bf800000-7ff5bf900000 rw-p 00000000 00:00 0 
7ff5bfa00000-7ff5bfb00000 rw-p 00000000 00:00 0 
7ff5bfc00000-7ff5bfd00000 rw-p 00000000 00:00 0 
7ff5bfe00000-7ff5bff00000 rw-p 00000000 00:00 0 
7ff5c0000000-7ff5c0082000 rw-p 00000000 00:00 0 
7ff5c0082000-7ff5c4000000 ---p 00000000 00:00 0 
7ff5c4000000-7ff5c4100000 rw-p 00000000 00:00 0 
7ff5c4200000-7ff5c4300000 rw-p 00000000 00:00 0 
7ff5c4400000-7ff5c4500000 rw-p 00000000 00:00 0 
7ff5c4600000-7ff5c4700000 rw-p 00000000 00:00 0 
7ff5c4800000-7ff5c4900000 rw-p 00000000 00:00 0 
7ff5c4a00000-7ff5c4b00000 rw-p 00000000 00:00 0 
7ff5c4c00000-7ff5c4d00000 rw-p 00000000 00:00 0 
7ff5c4e00000-7ff5c4f00000 rw-p 00000000 00:00 0 
7ff5c5000000-7ff5c5100000 rw-p 00000000 00:00 0 
7ff5c5200000-7ff5c5300000 rw-p 00000000 00:00 0 
7ff5c5400000-7ff5c5500000 rw-p 00000000 00:00 0 
7ff5c55ff000-7ff5c5602000 ---p 00000000 00:00 0 
7ff5c5602000-7ff5c58c0000 rw-p 00000000 00:00 0 
7ff5c58c0000-7ff5c5a00000 rw-p 00000000 00:00 0 
7ff5c5b00000-7ff5c5c00000 rw-p 00000000 00:00 0 
7ff5c5d00000-7ff5c5e00000 rw-p 00000000 00:00 0 
7ff5c5f00000-7ff5c6000000 rw-p 00000000 00:00 0 
7ff5c6100000-7ff5c6200000 rw-p 00000000 00:00 0 
7ff5c6300000-7ff5c6400000 rw-p 00000000 00:00 0 
7ff5c6500000-7ff5c6600000 rw-p 00000000 00:00 0 
7ff5c6700000-7ff5c6800000 rw-p 00000000 00:00 0 
7ff5c6900000-7ff5c6a00000 rw-p 00000000 00:00 0 
7ff5c6b00000-7ff5c6c00000 rw-p 00000000 00:00 0 
7ff5c6d00000-7ff5c6e00000 rw-p 00000000 00:00 0 
7ff5c6f00000-7ff5c7000000 rw-p 00000000 00:00 0 
7ff5c7100000-7ff5c7200000 rw-p 00000000 00:00 0 
7ff5c7300000-7ff5c7400000 rw-p 00000000 00:00 0 
7ff5c7500000-7ff5c7600000 rw-p 00000000 00:00 0 
7ff5c76ff000-7ff5c7702000 ---p 00000000 00:00 0 
7ff5c7702000-7ff5c7900000 rw-p 00000000 00:00 0 
7ff5c7a00000-7ff5c7b00000 rw-p 00000000 00:00 0 
7ff5c7c00000-7ff5c7d00000 rw-p 00000000 00:00 0 
7ff5c7e00000-7ff5c7f00000 rw-p 00000000 00:00 0 
7ff5c8000000-7ff5c8100000 rw-p 00000000 00:00 0 
7ff5c8200000-7ff5c8300000 rw-p 00000000 00:00 0 
7ff5c8400000-7ff5c8500000 rw-p 00000000 00:00 0 
7ff5c8600000-7ff5c8700000 rw-p 00000000 00:00 0 
7ff5c8800000-7ff5c8900000 rw-p 00000000 00:00 0 
7ff5c8a00000-7ff5c8b00000 rw-p 00000000 00:00 0 
7ff5c8c00000-7ff5c8d00000 rw-p 00000000 00:00 0 
7ff5c8e00000-7ff5c8f00000 rw-p 00000000 00:00 0 
7ff5c9000000-7ff5c9100000 rw-p 00000000 00:00 0 
7ff5c9200000-7ff5c9300000 rw-p 00000000 00:00 0 
7ff5c9400000-7ff5c9500000 rw-p 00000000 00:00 0 
7ff5c9600000-7ff5c9700000 rw-p 00000000 00:00 0 
7ff5c9800000-7ff5c9900000 rw-p 00000000 00:00 0 
7ff5c9a00000-7ff5c9b00000 rw-p 00000000 00:00 0 
7ff5c9c00000-7ff5c9d00000 rw-p 00000000 00:00 0 
7ff5c9e00000-7ff5c9f00000 rw-p 00000000 00:00 0 
7ff5ca000000-7ff5ca100000 rw-p 00000000 00:00 0 
7ff5ca200000-7ff5ca300000 rw-p 00000000 00:00 0 
7ff5ca400000-7ff5ca500000 rw-p 00000000 00:00 0 
7ff5ca600000-7ff5ca700000 rw-p 00000000 00:00 0 
7ff5ca800000-7ff5ca900000 rw-p 00000000 00:00 0 
7ff5caa00000-7ff5cab00000 rw-p 00000000 00:00 0 
7ff5cac00000-7ff5cad00000 rw-p 00000000 00:00 0 
7ff5cae00000-7ff5caf00000 rw-p 00000000 00:00 0 
7ff5cb000000-7ff5cb100000 rw-p 00000000 00:00 0 
7ff5cb200000-7ff5cb300000 rw-p 00000000 00:00 0 
7ff5cb400000-7ff5cb500000 rw-p 00000000 00:00 0 
7ff5cb600000-7ff5cb700000 rw-p 00000000 00:00 0 
7ff5cb800000-7ff5cb900000 rw-p 00000000 00:00 0 
7ff5cba00000-7ff5cbb00000 rw-p 00000000 00:00 0 
7ff5cbc00000-7ff5cbd00000 rw-p 00000000 00:00 0 
7ff5cbe00000-7ff5cbf00000 rw-p 00000000 00:00 0 
7ff5cc000000-7ff5cc021000 rw-p 00000000 00:00 0 
7ff5cc021000-7ff5d0000000 ---p 00000000 00:00 0 
7ff5d0100000-7ff5d0200000 rw-p 00000000 00:00 0 
7ff5d0300000-7ff5d04c0000 rw-p 00000000 00:00 0 
7ff5d04c0000-7ff5d0600000 rw-p 00000000 00:00 0 
7ff5d0700000-7ff5d0800000 rw-p 00000000 00:00 0 
7ff5d0900000-7ff5d0a00000 rw-p 00000000 00:00 0 
7ff5d0b00000-7ff5d0c00000 rw-p 00000000 00:00 0 
7ff5d0d00000-7ff5d0e00000 rw-p 00000000 00:00 0 
7ff5d0f00000-7ff5d1000000 rw-p 00000000 00:00 0 
7ff5d1100000-7ff5d1200000 rw-p 00000000 00:00 0 
7ff5d1300000-7ff5d1400000 rw-p 00000000 00:00 0 
7ff5d1500000-7ff5d1600000 rw-p 00000000 00:00 0 
7ff5d1700000-7ff5d1800000 rw-p 00000000 00:00 0 
7ff5d1900000-7ff5d1a00000 rw-p 00000000 00:00 0 
7ff5d1b00000-7ff5d1c00000 rw-p 00000000 00:00 0 
7ff5d1d00000-7ff5d1e00000 rw-p 00000000 00:00 0 
7ff5d1f00000-7ff5d2000000 rw-p 00000000 00:00 0 
7ff5d2100000-7ff5d2200000 rw-p 00000000 00:00 0 
7ff5d2300000-7ff5d2400000 rw-p 00000000 00:00 0 
7ff5d24ff000-7ff5d2502000 ---p 00000000 00:00 0 
7ff5d2502000-7ff5d2700000 rw-p 00000000 00:00 0 
7ff5d2800000-7ff5d2900000 rw-p 00000000 00:00 0 
7ff5d2a00000-7ff5d2b00000 rw-p 00000000 00:00 0 
7ff5d2c00000-7ff5d2d00000 rw-p 00000000 00:00 0 
7ff5d2e00000-7ff5d2f00000 rw-p 00000000 00:00 0 
7ff5d3000000-7ff5d3100000 rw-p 00000000 00:00 0 
7ff5d3200000-7ff5d3300000 rw-p 00000000 00:00 0 
7ff5d3400000-7ff5d3500000 rw-p 00000000 00:00 0 
7ff5d3600000-7ff5d3700000 rw-p 00000000 00:00 0 
7ff5d3800000-7ff5d3900000 rw-p 00000000 00:00 0 
7ff5d3a00000-7ff5d3b00000 rw-p 00000000 00:00 0 
7ff5d3c00000-7ff5d3d00000 rw-p 00000000 00:00 0 
7ff5d3e00000-7ff5d3f00000 rw-p 00000000 00:00 0 
7ff5d4000000-7ff5d4100000 rw-p 00000000 00:00 0 
7ff5d4200000-7ff5d4300000 rw-p 00000000 00:00 0 
7ff5d4400000-7ff5d4500000 rw-p 00000000 00:00 0 
7ff5d4600000-7ff5d4700000 rw-p 00000000 00:00 0 
7ff5d4800000-7ff5d4900000 rw-p 00000000 00:00 0 
7ff5d4a00000-7ff5d4b00000 rw-p 00000000 00:00 0 
7ff5d4c00000-7ff5d4d00000 rw-p 00000000 00:00 0 
7ff5d4e00000-7ff5d4f00000 rw-p 00000000 00:00 0 
7ff5d5000000-7ff5d5100000 rw-p 00000000 00:00 0 
7ff5d5200000-7ff5d5300000 rw-p 00000000 00:00 0 
7ff5d5400000-7ff5d5500000 rw-p 00000000 00:00 0 
7ff5d5600000-7ff5d5700000 rw-p 00000000 00:00 0 
7ff5d5800000-7ff5d5900000 rw-p 00000000 00:00 0 
7ff5d5a00000-7ff5d5b00000 rw-p 00000000 00:00 0 
7ff5d5c00000-7ff5d5d00000 rw-p 00000000 00:00 0 
7ff5d5e00000-7ff5d5f00000 rw-p 00000000 00:00 0 
7ff5d6000000-7ff5d6100000 rw-p 00000000 00:00 0 
7ff5d6200000-7ff5d6300000 rw-p 00000000 00:00 0 
7ff5d6400000-7ff5d6500000 rw-p 00000000 00:00 0 
7ff5d6600000-7ff5d67c0000 rw-p 00000000 00:00 0 
7ff5d67c0000-7ff5d6900000 rw-p 00000000 00:00 0 
7ff5d6a00000-7ff5d6b00000 rw-p 00000000 00:00 0 
7ff5d6c00000-7ff5d6d00000 rw-p 00000000 00:00 0 
7ff5d6e00000-7ff5d6f00000 rw-p 00000000 00:00 0 
7ff5d7000000-7ff5d7100000 rw-p 00000000 00:00 0 
7ff5d7200000-7ff5d7300000 rw-p 00000000 00:00 0 
7ff5d7400000-7ff5d7500000 rw-p 00000000 00:00 0 
7ff5d75b8000-7ff5d75ea000 r-xp 00000000 00:1b17 182079299                /nix/store/x26gyx3nb3kx580i4r9qg9q1iw45xbp9-graalvm8-ce/jre/lib/amd64/libsunec.so
7ff5d75ea000-7ff5d77e9000 ---p 00032000 00:1b17 182079299                /nix/store/x26gyx3nb3kx580i4r9qg9q1iw45xbp9-graalvm8-ce/jre/lib/amd64/libsunec.so
7ff5d77e9000-7ff5d77ee000 r--p 00031000 00:1b17 182079299                /nix/store/x26gyx3nb3kx580i4r9qg9q1iw45xbp9-graalvm8-ce/jre/lib/amd64/libsunec.so
7ff5d77ee000-7ff5d77f0000 rw-p 00036000 00:1b17 182079299                /nix/store/x26gyx3nb3kx580i4r9qg9q1iw45xbp9-graalvm8-ce/jre/lib/amd64/libsunec.so
7ff5d77f0000-7ff5d7900000 rw-p 00000000 00:00 0 
7ff5d7a00000-7ff5d7b00000 rw-p 00000000 00:00 0 
7ff5d7c00000-7ff5d7d00000 rw-p 00000000 00:00 0 
7ff5d7e00000-7ff5d7f00000 rw-p 00000000 00:00 0 
7ff5d8000000-7ff5da0fb000 rw-p 00000000 00:00 0 
7ff5da0fb000-7ff5dc000000 ---p 00000000 00:00 0 
7ff5dc000000-7ff5dc021000 rw-p 00000000 00:00 0 
7ff5dc021000-7ff5e0000000 ---p 00000000 00:00 0 
7ff5e0000000-7ff5e0194000 rw-p 00000000 00:00 0 
7ff5e0194000-7ff5e4000000 ---p 00000000 00:00 0 
7ff5e4000000-7ff5e4021000 rw-p 00000000 00:00 0 
7ff5e4021000-7ff5e8000000 ---p 00000000 00:00 0 
7ff5e8000000-7ff5e8021000 rw-p 00000000 00:00 0 
7ff5e8021000-7ff5ec000000 ---p 00000000 00:00 0 
7ff5ec100000-7ff5ec200000 rw-p 00000000 00:00 0 
7ff5ec300000-7ff5ec400000 rw-p 00000000 00:00 0 
7ff5ec500000-7ff5ec600000 rw-p 00000000 00:00 0 
7ff5ec700000-7ff5ec800000 rw-p 00000000 00:00 0 
7ff5ec900000-7ff5eca00000 rw-p 00000000 00:00 0 
7ff5ecb00000-7ff5ecc00000 rw-p 00000000 00:00 0 
7ff5ecd00000-7ff5ece00000 rw-p 00000000 00:00 0 
7ff5ecefe000-7ff5ecf01000 ---p 00000000 00:00 0 
7ff5ecf01000-7ff5ecfff000 rw-p 00000000 00:00 0 
7ff5ecfff000-7ff5ed002000 ---p 00000000 00:00 0 
7ff5ed002000-7ff5ed200000 rw-p 00000000 00:00 0 
7ff5ed2ff000-7ff5ed302000 ---p 00000000 00:00 0 
7ff5ed302000-7ff5ed500000 rw-p 00000000 00:00 0 
7ff5ed600000-7ff5ed700000 rw-p 00000000 00:00 0 
7ff5ed800000-7ff5ed900000 rw-p 00000000 00:00 0 
7ff5eda00000-7ff5edb00000 rw-p 00000000 00:00 0 
7ff5edc00000-7ff5edd00000 rw-p 00000000 00:00 0 
7ff5ede00000-7ff5edf00000 rw-p 00000000 00:00 0 
7ff5ee000000-7ff5ee100000 rw-p 00000000 00:00 0 
7ff5ee200000-7ff5ee300000 rw-p 00000000 00:00 0 
7ff5ee400000-7ff5ee500000 rw-p 00000000 00:00 0 
7ff5ee600000-7ff5ee700000 rw-p 00000000 00:00 0 
7ff5ee800000-7ff5ee900000 rw-p 00000000 00:00 0 
7ff5eea00000-7ff5eeb00000 rw-p 00000000 00:00 0 
7ff5eec00000-7ff5eed00000 rw-p 00000000 00:00 0 
7ff5eee00000-7ff5eefc0000 rw-p 00000000 00:00 0 
7ff5eefc0000-7ff5ef100000 rw-p 00000000 00:00 0 
7ff5ef200000-7ff5ef300000 rw-p 00000000 00:00 0 
7ff5ef400000-7ff5ef500000 rw-p 00000000 00:00 0 
7ff5ef600000-7ff5ef700000 rw-p 00000000 00:00 0 
7ff5ef800000-7ff5ef900000 rw-p 00000000 00:00 0 
7ff5efa00000-7ff5efb00000 rw-p 00000000 00:00 0 
7ff5efc00000-7ff5efd00000 rw-p 00000000 00:00 0 
7ff5efe00000-7ff5eff00000 rw-p 00000000 00:00 0 
7ff5f0000000-7ff5f0021000 rw-p 00000000 00:00 0 
7ff5f0021000-7ff5f4000000 ---p 00000000 00:00 0 
7ff5f4100000-7ff5f4200000 rw-p 00000000 00:00 0 
7ff5f42ff000-7ff5f4302000 ---p 00000000 00:00 0 
7ff5f4302000-7ff5f4500000 rw-p 00000000 00:00 0 
7ff5f4600000-7ff5f4700000 rw-p 00000000 00:00 0 
7ff5f4800000-7ff5f4900000 rw-p 00000000 00:00 0 
7ff5f4a00000-7ff5f4b00000 rw-p 00000000 00:00 0 
7ff5f4c00000-7ff5f4d00000 rw-p 00000000 00:00 0 
7ff5f4e00000-7ff5f4f00000 rw-p 00000000 00:00 0 
7ff5f5000000-7ff5f5100000 rw-p 00000000 00:00 0 
7ff5f5200000-7ff5f5300000 rw-p 00000000 00:00 0 
7ff5f5400000-7ff5f5500000 rw-p 00000000 00:00 0 
7ff5f5600000-7ff5f5700000 rw-p 00000000 00:00 0 
7ff5f5800000-7ff5f5900000 rw-p 00000000 00:00 0 
7ff5f5a00000-7ff5f5b00000 rw-p 00000000 00:00 0 
7ff5f5c00000-7ff5f5d00000 rw-p 00000000 00:00 0 
7ff5f5e00000-7ff5f5f00000 rw-p 00000000 00:00 0 
7ff5f6000000-7ff5f6100000 rw-p 00000000 00:00 0 
7ff5f6200000-7ff5f6300000 rw-p 00000000 00:00 0 
7ff5f6400000-7ff5f6500000 rw-p 00000000 00:00 0 
7ff5f6600000-7ff5f6700000 rw-p 00000000 00:00 0 
7ff5f6800000-7ff5f6900000 rw-p 00000000 00:00 0 
7ff5f6a00000-7ff5f6b00000 rw-p 00000000 00:00 0 
7ff5f6c00000-7ff5f6d00000 rw-p 00000000 00:00 0 
7ff5f6e00000-7ff5f6f00000 rw-p 00000000 00:00 0 
7ff5f7000000-7ff5f7100000 rw-p 00000000 00:00 0 
7ff5f7200000-7ff5f7300000 rw-p 00000000 00:00 0 
7ff5f7400000-7ff5f7500000 rw-p 00000000 00:00 0 
7ff5f7600000-7ff5f7700000 rw-p 00000000 00:00 0 
7ff5f7800000-7ff5f7900000 rw-p 00000000 00:00 0 
7ff5f7a00000-7ff5f7b00000 rw-p 00000000 00:00 0 
7ff5f7c00000-7ff5f7d00000 rw-p 00000000 00:00 0 
7ff5f7e00000-7ff5f7f00000 rw-p 00000000 00:00 0 
7ff5f8000000-7ff5f8051000 rw-p 00000000 00:00 0 
7ff5f8051000-7ff5fc000000 ---p 00000000 00:00 0 
7ff5fc100000-7ff5fc200000 rw-p 00000000 00:00 0 
7ff5fc300000-7ff5fc400000 rw-p 00000000 00:00 0 
7ff5fc500000-7ff5fc600000 rw-p 00000000 00:00 0 
7ff5fc700000-7ff5fc800000 rw-p 00000000 00:00 0 
7ff5fc900000-7ff5fca00000 rw-p 00000000 00:00 0 
7ff5fcb00000-7ff5fcc00000 rw-p 00000000 00:00 0 
7ff5fcd00000-7ff5fce00000 rw-p 00000000 00:00 0 
7ff5fcf00000-7ff5fd000000 rw-p 00000000 00:00 0 
7ff5fd0ff000-7ff5fd102000 ---p 00000000 00:00 0 
7ff5fd102000-7ff5fd300000 rw-p 00000000 00:00 0 
7ff5fd400000-7ff5fd500000 rw-p 00000000 00:00 0 
7ff5fd600000-7ff5fd700000 rw-p 00000000 00:00 0 
7ff5fd800000-7ff5fd900000 rw-p 00000000 00:00 0 
7ff5fda00000-7ff5fdb00000 rw-p 00000000 00:00 0 
7ff5fdc00000-7ff5fdd00000 rw-p 00000000 00:00 0 
7ff5fde00000-7ff5fdf00000 rw-p 00000000 00:00 0 
7ff5fe000000-7ff5fe100000 rw-p 00000000 00:00 0 
7ff5fe200000-7ff5fe300000 rw-p 00000000 00:00 0 
7ff5fe400000-7ff5fe500000 rw-p 00000000 00:00 0 
7ff5fe600000-7ff5fe700000 rw-p 00000000 00:00 0 
7ff5fe800000-7ff5fe900000 rw-p 00000000 00:00 0 
7ff5fea00000-7ff5feb00000 rw-p 00000000 00:00 0 
7ff5fec00000-7ff5fed00000 rw-p 00000000 00:00 0 
7ff5fee00000-7ff5fef00000 rw-p 00000000 00:00 0 
7ff5ff000000-7ff5ff100000 rw-p 00000000 00:00 0 
7ff5ff200000-7ff5ff300000 rw-p 00000000 00:00 0 
7ff5ff400000-7ff5ff500000 rw-p 00000000 00:00 0 
7ff5ff600000-7ff5ff700000 rw-p 00000000 00:00 0 
7ff5ff7ff000-7ff5ff800000 ---p 00000000 00:00 0 
7ff5ff800000-7ff5ff803000 ---p 00000000 00:00 0 
7ff5ff803000-7ff600000000 rw-p 00000000 00:00 0 
7ff600000000-7ff6002fa000 rw-p 00000000 00:00 0 
7ff6002fa000-7ff604000000 ---p 00000000 00:00 0 
7ff604000000-7ff604380000 rw-p 00000000 00:00 0 
7ff604380000-7ff608000000 ---p 00000000 00:00 0 
7ff608000000-7ff608899000 rw-p 00000000 00:00 0 
7ff608899000-7ff60c000000 ---p 00000000 00:00 0 
7ff60c000000-7ff60c021000 rw-p 00000000 00:00 0 
7ff60c021000-7ff610000000 ---p 00000000 00:00 0 
7ff610000000-7ff610021000 rw-p 00000000 00:00 0 
7ff610021000-7ff614000000 ---p 00000000 00:00 0 
7ff614000000-7ff614340000 rw-p 00000000 00:00 0 
7ff614340000-7ff618000000 ---p 00000000 00:00 0 
7ff618000000-7ff618021000 rw-p 00000000 00:00 0 
7ff618021000-7ff61c000000 ---p 00000000 00:00 0 
7ff61c000000-7ff61c100000 rw-p 00000000 00:00 0 
7ff61c200000-7ff61c300000 rw-p 00000000 00:00 0 
7ff61c3cd000-7ff61c3d0000 ---p 00000000 00:00 0 
7ff61c3d0000-7ff61c4ce000 rw-p 00000000 00:00 0 
7ff61c4ce000-7ff61c4e6000 r-xp 00000000 00:1b17 182079293                /nix/store/x26gyx3nb3kx580i4r9qg9q1iw45xbp9-graalvm8-ce/jre/lib/amd64/libnet.so
7ff61c4e6000-7ff61c6e6000 ---p 00018000 00:1b17 182079293                /nix/store/x26gyx3nb3kx580i4r9qg9q1iw45xbp9-graalvm8-ce/jre/lib/amd64/libnet.so
7ff61c6e6000-7ff61c6e7000 r--p 00018000 00:1b17 182079293                /nix/store/x26gyx3nb3kx580i4r9qg9q1iw45xbp9-graalvm8-ce/jre/lib/amd64/libnet.so
7ff61c6e7000-7ff61c6e8000 rw-p 00019000 00:1b17 182079293                /nix/store/x26gyx3nb3kx580i4r9qg9q1iw45xbp9-graalvm8-ce/jre/lib/amd64/libnet.so
7ff61c6e8000-7ff61c6ea000 rw-p 00020000 00:1b17 182079293                /nix/store/x26gyx3nb3kx580i4r9qg9q1iw45xbp9-graalvm8-ce/jre/lib/amd64/libnet.so
7ff61c6ea000-7ff61c6fb000 r-xp 00000000 00:1b17 182079294                /nix/store/x26gyx3nb3kx580i4r9qg9q1iw45xbp9-graalvm8-ce/jre/lib/amd64/libnio.so
7ff61c6fb000-7ff61c8fa000 ---p 00011000 00:1b17 182079294                /nix/store/x26gyx3nb3kx580i4r9qg9q1iw45xbp9-graalvm8-ce/jre/lib/amd64/libnio.so
7ff61c8fa000-7ff61c8fb000 r--p 00010000 00:1b17 182079294                /nix/store/x26gyx3nb3kx580i4r9qg9q1iw45xbp9-graalvm8-ce/jre/lib/amd64/libnio.so
7ff61c8fb000-7ff61c8fc000 rw-p 00011000 00:1b17 182079294                /nix/store/x26gyx3nb3kx580i4r9qg9q1iw45xbp9-graalvm8-ce/jre/lib/amd64/libnio.so
7ff61c8fc000-7ff61c900000 rw-p 00018000 00:1b17 182079294                /nix/store/x26gyx3nb3kx580i4r9qg9q1iw45xbp9-graalvm8-ce/jre/lib/amd64/libnio.so
7ff61c900000-7ff61ca00000 rw-p 00000000 00:00 0 
7ff61ca7a000-7ff61ca9c000 rw-p 00000000 00:00 0 
7ff61ca9c000-7ff61caaf000 r--s 0034b000 00:1b17 182079349                /nix/store/x26gyx3nb3kx580i4r9qg9q1iw45xbp9-graalvm8-ce/jre/lib/resources.jar
7ff61caaf000-7ff61cab9000 r--s 000c6000 00:1ade 361                      /home/runner/EaglerCraft-Server/java/bukkit_command/plugins/Essentials.jar
7ff61cab9000-7ff61cac6000 r--s 000be000 00:1ade 362                      /home/runner/EaglerCraft-Server/java/bukkit_command/plugins/WorldEdit.jar
7ff61cac6000-7ff61caca000 r--p 00000000 00:1b17 265949937                /nix/store/9bh3986bpragfjmr32gay8p95k91q4gy-glibc-2.33-47/lib/libresolv-2.33.so
7ff61caca000-7ff61cad6000 r-xp 00004000 00:1b17 265949937                /nix/store/9bh3986bpragfjmr32gay8p95k91q4gy-glibc-2.33-47/lib/libresolv-2.33.so
7ff61cad6000-7ff61cad9000 r--p 00010000 00:1b17 265949937                /nix/store/9bh3986bpragfjmr32gay8p95k91q4gy-glibc-2.33-47/lib/libresolv-2.33.so
7ff61cad9000-7ff61cada000 ---p 00013000 00:1b17 265949937                /nix/store/9bh3986bpragfjmr32gay8p95k91q4gy-glibc-2.33-47/lib/libresolv-2.33.so
7ff61cada000-7ff61cadb000 r--p 00013000 00:1b17 265949937                /nix/store/9bh3986bpragfjmr32gay8p95k91q4gy-glibc-2.33-47/lib/libresolv-2.33.so
7ff61cadb000-7ff61cadc000 rw-p 00014000 00:1b17 265949937                /nix/store/9bh3986bpragfjmr32gay8p95k91q4gy-glibc-2.33-47/lib/libresolv-2.33.so
7ff61cadc000-7ff61cade000 rw-p 00000000 00:00 0 
7ff61cade000-7ff61cae0000 r--p 00000000 00:1b17 265949924                /nix/store/9bh3986bpragfjmr32gay8p95k91q4gy-glibc-2.33-47/lib/libnss_dns-2.33.so
7ff61cae0000-7ff61cae3000 r-xp 00002000 00:1b17 265949924                /nix/store/9bh3986bpragfjmr32gay8p95k91q4gy-glibc-2.33-47/lib/libnss_dns-2.33.so
7ff61cae3000-7ff61cae4000 r--p 00005000 00:1b17 265949924                /nix/store/9bh3986bpragfjmr32gay8p95k91q4gy-glibc-2.33-47/lib/libnss_dns-2.33.so
7ff61cae4000-7ff61cae5000 r--p 00005000 00:1b17 265949924                /nix/store/9bh3986bpragfjmr32gay8p95k91q4gy-glibc-2.33-47/lib/libnss_dns-2.33.so
7ff61cae5000-7ff61cae6000 rw-p 00006000 00:1b17 265949924                /nix/store/9bh3986bpragfjmr32gay8p95k91q4gy-glibc-2.33-47/lib/libnss_dns-2.33.so
7ff61cae6000-7ff61cae9000 r--p 00000000 00:1b17 265949908                /nix/store/9bh3986bpragfjmr32gay8p95k91q4gy-glibc-2.33-47/lib/libgcc_s.so.1
7ff61cae9000-7ff61cafa000 r-xp 00003000 00:1b17 265949908                /nix/store/9bh3986bpragfjmr32gay8p95k91q4gy-glibc-2.33-47/lib/libgcc_s.so.1
7ff61cafa000-7ff61cafd000 r--p 00014000 00:1b17 265949908                /nix/store/9bh3986bpragfjmr32gay8p95k91q4gy-glibc-2.33-47/lib/libgcc_s.so.1
7ff61cafd000-7ff61cafe000 ---p 00017000 00:1b17 265949908                /nix/store/9bh3986bpragfjmr32gay8p95k91q4gy-glibc-2.33-47/lib/libgcc_s.so.1
7ff61cafe000-7ff61caff000 r--p 00017000 00:1b17 265949908                /nix/store/9bh3986bpragfjmr32gay8p95k91q4gy-glibc-2.33-47/lib/libgcc_s.so.1
7ff61caff000-7ff61cb00000 rw-p 00018000 00:1b17 265949908                /nix/store/9bh3986bpragfjmr32gay8p95k91q4gy-glibc-2.33-47/lib/libgcc_s.so.1
7ff61cb00000-7ff61cfaa000 r--p 00e97000 00:1b17 182076995                /nix/store/x26gyx3nb3kx580i4r9qg9q1iw45xbp9-graalvm8-ce/jre/lib/amd64/libjvmcicompiler.so
7ff61cfaa000-7ff61d000000 r--p 00000000 00:00 0 
7ff61d000000-7ff61d0d7000 rw-p 00000000 00:00 0 
7ff61d0d7000-7ff61d400000 rw-p 0146e000 00:1b17 182076995                /nix/store/x26gyx3nb3kx580i4r9qg9q1iw45xbp9-graalvm8-ce/jre/lib/amd64/libjvmcicompiler.so
7ff61d400000-7ff61d842000 r--p 01797000 00:1b17 182076995                /nix/store/x26gyx3nb3kx580i4r9qg9q1iw45xbp9-graalvm8-ce/jre/lib/amd64/libjvmcicompiler.so
7ff61d844000-7ff61d846000 r--s 00000000 00:1ade 360                      /home/runner/EaglerCraft-Server/java/bukkit_command/plugins/NoSpawnPVP.jar
7ff61d846000-7ff61d848000 r--s 00000000 00:1ade 25213                    /home/runner/EaglerCraft-Server/java/bukkit_command/plugins/EaglerPluginUpdater.jar (deleted)
7ff61d848000-7ff61d84b000 ---p 00000000 00:00 0 
7ff61d84b000-7ff61d881000 rw-p 00000000 00:00 0 
7ff61d881000-7ff61d884000 ---p 00000000 00:00 0 
7ff61d884000-7ff61d8ba000 rw-p 00000000 00:00 0 
7ff61d8ba000-7ff61d934000 r--s 011a7000 00:1b17 182193735                /nix/store/x26gyx3nb3kx580i4r9qg9q1iw45xbp9-graalvm8-ce/jre/lib/jvmci/graal.jar
7ff61d934000-7ff61f50f000 r-xp 00000000 00:1b17 182076995                /nix/store/x26gyx3nb3kx580i4r9qg9q1iw45xbp9-graalvm8-ce/jre/lib/amd64/libjvmcicompiler.so
7ff61f50f000-7ff61f70e000 ---p 01bdb000 00:1b17 182076995                /nix/store/x26gyx3nb3kx580i4r9qg9q1iw45xbp9-graalvm8-ce/jre/lib/amd64/libjvmcicompiler.so
7ff61f70e000-7ff61f70f000 r--p 01bda000 00:1b17 182076995                /nix/store/x26gyx3nb3kx580i4r9qg9q1iw45xbp9-graalvm8-ce/jre/lib/amd64/libjvmcicompiler.so
7ff61f70f000-7ff61f711000 rw-p 01bdb000 00:1b17 182076995                /nix/store/x26gyx3nb3kx580i4r9qg9q1iw45xbp9-graalvm8-ce/jre/lib/amd64/libjvmcicompiler.so
7ff61f711000-7ff61f716000 rw-p 01e01000 00:1b17 182076995                /nix/store/x26gyx3nb3kx580i4r9qg9q1iw45xbp9-graalvm8-ce/jre/lib/amd64/libjvmcicompiler.so
7ff61f716000-7ff61f717000 ---p 00000000 00:00 0 
7ff61f717000-7ff61f817000 rw-p 00000000 00:00 0 
7ff61f817000-7ff61f81a000 ---p 00000000 00:00 0 
7ff61f81a000-7ff61f918000 rw-p 00000000 00:00 0 
7ff61f918000-7ff61f919000 ---p 00000000 00:00 0 
7ff61f919000-7ff61f91c000 ---p 00000000 00:00 0 
7ff61f91c000-7ff61fb19000 rw-p 00000000 00:00 0 
7ff61fb19000-7ff61fb1a000 ---p 00000000 00:00 0 
7ff61fb1a000-7ff61fb1d000 ---p 00000000 00:00 0 
7ff61fb1d000-7ff61fd1a000 rw-p 00000000 00:00 0 
7ff61fd1a000-7ff620000000 r--p 00000000 00:1612 28444448                 /usr/lib/locale/locale-archive
7ff620000000-7ff620021000 rw-p 00000000 00:00 0 
7ff620021000-7ff624000000 ---p 00000000 00:00 0 
7ff624000000-7ff624021000 rw-p 00000000 00:00 0 
7ff624021000-7ff628000000 ---p 00000000 00:00 0 
7ff628000000-7ff628021000 rw-p 00000000 00:00 0 
7ff628021000-7ff62c000000 ---p 00000000 00:00 0 
7ff62c000000-7ff62c021000 rw-p 00000000 00:00 0 
7ff62c021000-7ff630000000 ---p 00000000 00:00 0 
7ff630000000-7ff630021000 rw-p 00000000 00:00 0 
7ff630021000-7ff634000000 ---p 00000000 00:00 0 
7ff634001000-7ff634002000 r--s 00000000 00:1ade 276                      /home/runner/EaglerCraft-Server/java/bukkit_command/plugins/AutoSaver.jar
7ff634002000-7ff634008000 r--s 0003d000 00:1b17 182193566                /nix/store/x26gyx3nb3kx580i4r9qg9q1iw45xbp9-graalvm8-ce/jre/lib/ext/sunjce_provider.jar
7ff634008000-7ff63400a000 r--s 00008000 00:1b17 182193565                /nix/store/x26gyx3nb3kx580i4r9qg9q1iw45xbp9-graalvm8-ce/jre/lib/ext/sunec.jar
7ff63400a000-7ff63400e000 r--s 00040000 00:1b17 182193578                /nix/store/x26gyx3nb3kx580i4r9qg9q1iw45xbp9-graalvm8-ce/jre/lib/ext/sunpkcs11.jar
7ff63400e000-7ff634010000 r--s 00016000 00:1b17 182079319                /nix/store/x26gyx3nb3kx580i4r9qg9q1iw45xbp9-graalvm8-ce/jre/lib/jce.jar
7ff634010000-7ff63402c000 r--s 00393000 00:1b17 182192671                /nix/store/x26gyx3nb3kx580i4r9qg9q1iw45xbp9-graalvm8-ce/jre/lib/ext/cldrdata.jar
7ff63402c000-7ff634037000 r--s 00116000 00:1b17 182193165                /nix/store/x26gyx3nb3kx580i4r9qg9q1iw45xbp9-graalvm8-ce/jre/lib/ext/localedata.jar
7ff634037000-7ff634048000 r--s 001c4000 00:1b17 182079322                /nix/store/x26gyx3nb3kx580i4r9qg9q1iw45xbp9-graalvm8-ce/jre/lib/jsse.jar
7ff634048000-7ff63404c000 r--s 00089000 00:1b17 182196473                /nix/store/x26gyx3nb3kx580i4r9qg9q1iw45xbp9-graalvm8-ce/jre/lib/jvmci/jvmci-hotspot.jar
7ff63404c000-7ff634050000 r--s 0004f000 00:1b17 182196470                /nix/store/x26gyx3nb3kx580i4r9qg9q1iw45xbp9-graalvm8-ce/jre/lib/jvmci/jvmci-api.jar
7ff634050000-7ff6340e4000 r--s 00bcb000 00:1ade 284                      /home/runner/EaglerCraft-Server/java/bukkit_command/craftbukkit-1.5.2-R1.0.jar
7ff6340e4000-7ff6340e9000 r--s 0005c000 00:1b17 182192580                /nix/store/x26gyx3nb3kx580i4r9qg9q1iw45xbp9-graalvm8-ce/jre/lib/boot/graal-sdk.src.zip
7ff6340e9000-7ff6340f1000 r--s 0008b000 00:1b17 182192579                /nix/store/x26gyx3nb3kx580i4r9qg9q1iw45xbp9-graalvm8-ce/jre/lib/boot/graal-sdk.jar
7ff6340f1000-7ff6340f4000 ---p 00000000 00:00 0 
7ff6340f4000-7ff6341f2000 rw-p 00000000 00:00 0 
7ff6341f2000-7ff6341f5000 ---p 00000000 00:00 0 
7ff6341f5000-7ff6342f3000 rw-p 00000000 00:00 0 
7ff6342f3000-7ff6342f6000 ---p 00000000 00:00 0 
7ff6342f6000-7ff6343f4000 rw-p 00000000 00:00 0 
7ff6343f4000-7ff6343f5000 ---p 00000000 00:00 0 
7ff6343f5000-7ff635000000 rw-p 00000000 00:00 0 
7ff635000000-7ff635d10000 rwxp 00000000 00:00 0 
7ff635d10000-7ff644000000 ---p 00000000 00:00 0 
7ff644000000-7ff64439b000 rw-p 00000000 00:00 0 
7ff64439b000-7ff648000000 ---p 00000000 00:00 0 
7ff648000000-7ff648001000 r--s 00003000 00:1ade 25212                    /home/runner/EaglerCraft-Server/java/bukkit_command/plugins/EaglerPluginInstaller.jar (deleted)
7ff648001000-7ff648002000 r--s 00000000 00:1b17 182193734                /nix/store/x26gyx3nb3kx580i4r9qg9q1iw45xbp9-graalvm8-ce/jre/lib/jvmci/graal-truffle-jfr-impl.jar
7ff648002000-7ff648003000 r--s 00010000 00:1b17 182192581                /nix/store/x26gyx3nb3kx580i4r9qg9q1iw45xbp9-graalvm8-ce/jre/lib/boot/graaljs-scriptengine.jar
7ff648003000-7ff648004000 r--s 00004000 00:1b17 182192582                /nix/store/x26gyx3nb3kx580i4r9qg9q1iw45xbp9-graalvm8-ce/jre/lib/boot/truffleruby-services.jar
7ff648004000-7ff648005000 r--s 00005000 00:1b17 182079328                /nix/store/x26gyx3nb3kx580i4r9qg9q1iw45xbp9-graalvm8-ce/jre/lib/jvmci-services.jar
7ff648005000-7ff64800b000 r--s 000d3000 00:1b17 182079321                /nix/store/x26gyx3nb3kx580i4r9qg9q1iw45xbp9-graalvm8-ce/jre/lib/jfr.jar
7ff64800b000-7ff64815a000 rw-p 00000000 00:00 0 
7ff64815a000-7ff64832b000 r--s 03ca5000 00:1b17 182079350                /nix/store/x26gyx3nb3kx580i4r9qg9q1iw45xbp9-graalvm8-ce/jre/lib/rt.jar
7ff64832b000-7ff649d06000 rw-p 00000000 00:00 0 
7ff649d06000-7ff649d07000 ---p 00000000 00:00 0 
7ff649d07000-7ff649e07000 rw-p 00000000 00:00 0 
7ff649e07000-7ff649e08000 ---p 00000000 00:00 0 
7ff649e08000-7ff649f08000 rw-p 00000000 00:00 0 
7ff649f08000-7ff649f09000 ---p 00000000 00:00 0 
7ff649f09000-7ff64a1ea000 rw-p 00000000 00:00 0 
7ff64a1ea000-7ff64a575000 ---p 00000000 00:00 0 
7ff64a575000-7ff64a57d000 r-xp 00000000 00:1b17 182079303                /nix/store/x26gyx3nb3kx580i4r9qg9q1iw45xbp9-graalvm8-ce/jre/lib/amd64/libzip.so
7ff64a57d000-7ff64a77c000 ---p 00008000 00:1b17 182079303                /nix/store/x26gyx3nb3kx580i4r9qg9q1iw45xbp9-graalvm8-ce/jre/lib/amd64/libzip.so
7ff64a77c000-7ff64a77d000 r--p 00007000 00:1b17 182079303                /nix/store/x26gyx3nb3kx580i4r9qg9q1iw45xbp9-graalvm8-ce/jre/lib/amd64/libzip.so
7ff64a77d000-7ff64a77e000 rw-p 00008000 00:1b17 182079303                /nix/store/x26gyx3nb3kx580i4r9qg9q1iw45xbp9-graalvm8-ce/jre/lib/amd64/libzip.so
7ff64a77e000-7ff64a780000 rw-p 0000b000 00:1b17 182079303                /nix/store/x26gyx3nb3kx580i4r9qg9q1iw45xbp9-graalvm8-ce/jre/lib/amd64/libzip.so
7ff64a780000-7ff64a788000 rw-s 00000000 00:160f 436                      /tmp/hsperfdata_runner/946
7ff64a788000-7ff64a78b000 r--p 00000000 00:1b17 265949927                /nix/store/9bh3986bpragfjmr32gay8p95k91q4gy-glibc-2.33-47/lib/libnss_files-2.33.so
7ff64a78b000-7ff64a791000 r-xp 00003000 00:1b17 265949927                /nix/store/9bh3986bpragfjmr32gay8p95k91q4gy-glibc-2.33-47/lib/libnss_files-2.33.so
7ff64a791000-7ff64a793000 r--p 00009000 00:1b17 265949927                /nix/store/9bh3986bpragfjmr32gay8p95k91q4gy-glibc-2.33-47/lib/libnss_files-2.33.so
7ff64a793000-7ff64a794000 r--p 0000a000 00:1b17 265949927                /nix/store/9bh3986bpragfjmr32gay8p95k91q4gy-glibc-2.33-47/lib/libnss_files-2.33.so
7ff64a794000-7ff64a795000 rw-p 0000b000 00:1b17 265949927                /nix/store/9bh3986bpragfjmr32gay8p95k91q4gy-glibc-2.33-47/lib/libnss_files-2.33.so
7ff64a795000-7ff64a79c000 rw-p 00000000 00:00 0 
7ff64a79c000-7ff64a79d000 r--p 00000000 00:00 0 
7ff64a79d000-7ff64a7c5000 r-xp 00000000 00:1b17 182076983                /nix/store/x26gyx3nb3kx580i4r9qg9q1iw45xbp9-graalvm8-ce/jre/lib/amd64/libjava.so
7ff64a7c5000-7ff64a9c4000 ---p 00028000 00:1b17 182076983                /nix/store/x26gyx3nb3kx580i4r9qg9q1iw45xbp9-graalvm8-ce/jre/lib/amd64/libjava.so
7ff64a9c4000-7ff64a9c5000 r--p 00027000 00:1b17 182076983                /nix/store/x26gyx3nb3kx580i4r9qg9q1iw45xbp9-graalvm8-ce/jre/lib/amd64/libjava.so
7ff64a9c5000-7ff64a9c7000 rw-p 00028000 00:1b17 182076983                /nix/store/x26gyx3nb3kx580i4r9qg9q1iw45xbp9-graalvm8-ce/jre/lib/amd64/libjava.so
7ff64a9c7000-7ff64a9cc000 rw-p 00034000 00:1b17 182076983                /nix/store/x26gyx3nb3kx580i4r9qg9q1iw45xbp9-graalvm8-ce/jre/lib/amd64/libjava.so
7ff64a9cc000-7ff64a9db000 r-xp 00000000 00:1b17 182079302                /nix/store/x26gyx3nb3kx580i4r9qg9q1iw45xbp9-graalvm8-ce/jre/lib/amd64/libverify.so
7ff64a9db000-7ff64abda000 ---p 0000f000 00:1b17 182079302                /nix/store/x26gyx3nb3kx580i4r9qg9q1iw45xbp9-graalvm8-ce/jre/lib/amd64/libverify.so
7ff64abda000-7ff64abdc000 r--p 0000e000 00:1b17 182079302                /nix/store/x26gyx3nb3kx580i4r9qg9q1iw45xbp9-graalvm8-ce/jre/lib/amd64/libverify.so
7ff64abdc000-7ff64abdd000 rw-p 00010000 00:1b17 182079302                /nix/store/x26gyx3nb3kx580i4r9qg9q1iw45xbp9-graalvm8-ce/jre/lib/amd64/libverify.so
7ff64abdd000-7ff64abde000 rw-p 00013000 00:1b17 182079302                /nix/store/x26gyx3nb3kx580i4r9qg9q1iw45xbp9-graalvm8-ce/jre/lib/amd64/libverify.so
7ff64abde000-7ff64abe1000 r--p 00000000 00:1b17 265949940                /nix/store/9bh3986bpragfjmr32gay8p95k91q4gy-glibc-2.33-47/lib/librt-2.33.so
7ff64abe1000-7ff64abe5000 r-xp 00003000 00:1b17 265949940                /nix/store/9bh3986bpragfjmr32gay8p95k91q4gy-glibc-2.33-47/lib/librt-2.33.so
7ff64abe5000-7ff64abe7000 r--p 00007000 00:1b17 265949940                /nix/store/9bh3986bpragfjmr32gay8p95k91q4gy-glibc-2.33-47/lib/librt-2.33.so
7ff64abe7000-7ff64abe8000 r--p 00008000 00:1b17 265949940                /nix/store/9bh3986bpragfjmr32gay8p95k91q4gy-glibc-2.33-47/lib/librt-2.33.so
7ff64abe8000-7ff64abe9000 rw-p 00009000 00:1b17 265949940                /nix/store/9bh3986bpragfjmr32gay8p95k91q4gy-glibc-2.33-47/lib/librt-2.33.so
7ff64abe9000-7ff64abea000 ---p 00000000 00:00 0 
7ff64abea000-7ff64abed000 ---p 00000000 00:00 0 
7ff64abed000-7ff64acea000 rw-p 00000000 00:00 0 
7ff64acea000-7ff64acf9000 r--p 00000000 00:1b17 265949909                /nix/store/9bh3986bpragfjmr32gay8p95k91q4gy-glibc-2.33-47/lib/libm-2.33.so
7ff64acf9000-7ff64ad90000 r-xp 0000f000 00:1b17 265949909                /nix/store/9bh3986bpragfjmr32gay8p95k91q4gy-glibc-2.33-47/lib/libm-2.33.so
7ff64ad90000-7ff64ae29000 r--p 000a6000 00:1b17 265949909                /nix/store/9bh3986bpragfjmr32gay8p95k91q4gy-glibc-2.33-47/lib/libm-2.33.so
7ff64ae29000-7ff64ae2a000 r--p 0013e000 00:1b17 265949909                /nix/store/9bh3986bpragfjmr32gay8p95k91q4gy-glibc-2.33-47/lib/libm-2.33.so
7ff64ae2a000-7ff64ae2b000 rw-p 0013f000 00:1b17 265949909                /nix/store/9bh3986bpragfjmr32gay8p95k91q4gy-glibc-2.33-47/lib/libm-2.33.so
7ff64ae2b000-7ff64bc62000 r-xp 00000000 00:1b17 182192051                /nix/store/x26gyx3nb3kx580i4r9qg9q1iw45xbp9-graalvm8-ce/jre/lib/amd64/server/libjvm.so
7ff64bc62000-7ff64be62000 ---p 00e37000 00:1b17 182192051                /nix/store/x26gyx3nb3kx580i4r9qg9q1iw45xbp9-graalvm8-ce/jre/lib/amd64/server/libjvm.so
7ff64be62000-7ff64bf2d000 rw-p 00e37000 00:1b17 182192051                /nix/store/x26gyx3nb3kx580i4r9qg9q1iw45xbp9-graalvm8-ce/jre/lib/amd64/server/libjvm.so
7ff64bf2d000-7ff64bf65000 rw-p 00000000 00:00 0 
7ff64bf65000-7ff64bf8b000 r--p 00000000 00:1b17 265949897                /nix/store/9bh3986bpragfjmr32gay8p95k91q4gy-glibc-2.33-47/lib/libc-2.33.so
7ff64bf8b000-7ff64c0ce000 r-xp 00026000 00:1b17 265949897                /nix/store/9bh3986bpragfjmr32gay8p95k91q4gy-glibc-2.33-47/lib/libc-2.33.so
7ff64c0ce000-7ff64c11b000 r--p 00169000 00:1b17 265949897                /nix/store/9bh3986bpragfjmr32gay8p95k91q4gy-glibc-2.33-47/lib/libc-2.33.so
7ff64c11b000-7ff64c11e000 r--p 001b5000 00:1b17 265949897                /nix/store/9bh3986bpragfjmr32gay8p95k91q4gy-glibc-2.33-47/lib/libc-2.33.so
7ff64c11e000-7ff64c121000 rw-p 001b8000 00:1b17 265949897                /nix/store/9bh3986bpragfjmr32gay8p95k91q4gy-glibc-2.33-47/lib/libc-2.33.so
7ff64c121000-7ff64c12c000 rw-p 00000000 00:00 0 
7ff64c12c000-7ff64c12d000 r--p 00000000 00:1b17 265949904                /nix/store/9bh3986bpragfjmr32gay8p95k91q4gy-glibc-2.33-47/lib/libdl-2.33.so
7ff64c12d000-7ff64c12e000 r-xp 00001000 00:1b17 265949904                /nix/store/9bh3986bpragfjmr32gay8p95k91q4gy-glibc-2.33-47/lib/libdl-2.33.so
7ff64c12e000-7ff64c12f000 r--p 00002000 00:1b17 265949904                /nix/store/9bh3986bpragfjmr32gay8p95k91q4gy-glibc-2.33-47/lib/libdl-2.33.so
7ff64c12f000-7ff64c130000 r--p 00002000 00:1b17 265949904                /nix/store/9bh3986bpragfjmr32gay8p95k91q4gy-glibc-2.33-47/lib/libdl-2.33.so
7ff64c130000-7ff64c131000 rw-p 00003000 00:1b17 265949904                /nix/store/9bh3986bpragfjmr32gay8p95k91q4gy-glibc-2.33-47/lib/libdl-2.33.so
7ff64c131000-7ff64c13e000 r-xp 00000000 00:1b17 182076968                /nix/store/x26gyx3nb3kx580i4r9qg9q1iw45xbp9-graalvm8-ce/jre/lib/amd64/jli/libjli.so
7ff64c13e000-7ff64c33e000 ---p 0000d000 00:1b17 182076968                /nix/store/x26gyx3nb3kx580i4r9qg9q1iw45xbp9-graalvm8-ce/jre/lib/amd64/jli/libjli.so
7ff64c33e000-7ff64c33f000 r--p 0000d000 00:1b17 182076968                /nix/store/x26gyx3nb3kx580i4r9qg9q1iw45xbp9-graalvm8-ce/jre/lib/amd64/jli/libjli.so
7ff64c33f000-7ff64c340000 rw-p 0000e000 00:1b17 182076968                /nix/store/x26gyx3nb3kx580i4r9qg9q1iw45xbp9-graalvm8-ce/jre/lib/amd64/jli/libjli.so
7ff64c340000-7ff64c341000 rw-p 00012000 00:1b17 182076968                /nix/store/x26gyx3nb3kx580i4r9qg9q1iw45xbp9-graalvm8-ce/jre/lib/amd64/jli/libjli.so
7ff64c341000-7ff64c344000 r--p 00000000 00:1b17 266601246                /nix/store/dc3r2nbhckwn41hq5vaxxbj7z0lqdwb1-zlib-1.2.11/lib/libz.so.1.2.11
7ff64c344000-7ff64c355000 r-xp 00003000 00:1b17 266601246                /nix/store/dc3r2nbhckwn41hq5vaxxbj7z0lqdwb1-zlib-1.2.11/lib/libz.so.1.2.11
7ff64c355000-7ff64c35b000 r--p 00014000 00:1b17 266601246                /nix/store/dc3r2nbhckwn41hq5vaxxbj7z0lqdwb1-zlib-1.2.11/lib/libz.so.1.2.11
7ff64c35b000-7ff64c35c000 ---p 0001a000 00:1b17 266601246                /nix/store/dc3r2nbhckwn41hq5vaxxbj7z0lqdwb1-zlib-1.2.11/lib/libz.so.1.2.11
7ff64c35c000-7ff64c35d000 r--p 0001a000 00:1b17 266601246                /nix/store/dc3r2nbhckwn41hq5vaxxbj7z0lqdwb1-zlib-1.2.11/lib/libz.so.1.2.11
7ff64c35d000-7ff64c35e000 rw-p 0001b000 00:1b17 266601246                /nix/store/dc3r2nbhckwn41hq5vaxxbj7z0lqdwb1-zlib-1.2.11/lib/libz.so.1.2.11
7ff64c35e000-7ff64c365000 r--p 00000000 00:1b17 265949934                /nix/store/9bh3986bpragfjmr32gay8p95k91q4gy-glibc-2.33-47/lib/libpthread-2.33.so
7ff64c365000-7ff64c373000 r-xp 00007000 00:1b17 265949934                /nix/store/9bh3986bpragfjmr32gay8p95k91q4gy-glibc-2.33-47/lib/libpthread-2.33.so
7ff64c373000-7ff64c378000 r--p 00015000 00:1b17 265949934                /nix/store/9bh3986bpragfjmr32gay8p95k91q4gy-glibc-2.33-47/lib/libpthread-2.33.so
7ff64c378000-7ff64c379000 r--p 00019000 00:1b17 265949934                /nix/store/9bh3986bpragfjmr32gay8p95k91q4gy-glibc-2.33-47/lib/libpthread-2.33.so
7ff64c379000-7ff64c37a000 rw-p 0001a000 00:1b17 265949934                /nix/store/9bh3986bpragfjmr32gay8p95k91q4gy-glibc-2.33-47/lib/libpthread-2.33.so
7ff64c37a000-7ff64c380000 rw-p 00000000 00:00 0 
7ff64c380000-7ff64c381000 r--p 00000000 00:1b17 265949888                /nix/store/9bh3986bpragfjmr32gay8p95k91q4gy-glibc-2.33-47/lib/ld-2.33.so
7ff64c381000-7ff64c3a5000 r-xp 00001000 00:1b17 265949888                /nix/store/9bh3986bpragfjmr32gay8p95k91q4gy-glibc-2.33-47/lib/ld-2.33.so
7ff64c3a5000-7ff64c3af000 r--p 00025000 00:1b17 265949888                /nix/store/9bh3986bpragfjmr32gay8p95k91q4gy-glibc-2.33-47/lib/ld-2.33.so
7ff64c3af000-7ff64c3b1000 r--p 0002e000 00:1b17 265949888                /nix/store/9bh3986bpragfjmr32gay8p95k91q4gy-glibc-2.33-47/lib/ld-2.33.so
7ff64c3b1000-7ff64c3b3000 rw-p 00030000 00:1b17 265949888                /nix/store/9bh3986bpragfjmr32gay8p95k91q4gy-glibc-2.33-47/lib/ld-2.33.so
7ffd5707e000-7ffd570a2000 rw-p 00000000 00:00 0                          [stack]
7ffd570f7000-7ffd570fb000 r--p 00000000 00:00 0                          [vvar]
7ffd570fb000-7ffd570fd000 r-xp 00000000 00:00 0                          [vdso]
ffffffffff600000-ffffffffff601000 --xp 00000000 00:00 0                  [vsyscall]

VM Arguments:
jvm_args: -Xmx512M -Xms512M 
java_command: craftbukkit-1.5.2-R1.0.jar
java_class_path (initial): craftbukkit-1.5.2-R1.0.jar
Launcher Type: SUN_STANDARD

Environment Variables:
JAVA_HOME=/nix/store/x26gyx3nb3kx580i4r9qg9q1iw45xbp9-graalvm8-ce
LD_LIBRARY_PATH=/nix/store/kbz3s60sndry87c2csg4svbbld3224q8-cups-2.3.3-lib/lib:/nix/store/0bdcnb6wnd9dg4wj4aqjwkizzz7lldps-cairo-1.16.0/lib:/nix/store/3jz43ya7j65mh53nj262rilsk1j2jb68-glib-2.68.3/lib:/nix/store/qvmdkg2f09pvlsdr4bqasyiy5g0mbvrd-gtk+3-3.24.30/lib:/nix/store/hisqvx32cd57apbpcsnkpx6k3549wql1-libglvnd-1.4.0/lib:/nix/store/p36pgcv991mq5srvg765b78yqpxvk3qs-mesa-21.3.3-drivers/lib:/nix/store/mav4251if1ahjq5vkpwycyyvnmy459c4-pulseaudio-14.2/lib
DISPLAY=:0

Signal Handlers:
SIGSEGV: [libjvm.so+0xbe9860], sa_mask[0]=11111111011111111101111111111110, sa_flags=SA_RESTART|SA_SIGINFO
SIGBUS: [libjvm.so+0xbe9860], sa_mask[0]=11111111011111111101111111111110, sa_flags=SA_RESTART|SA_SIGINFO
SIGFPE: [libjvm.so+0xa11d10], sa_mask[0]=11111111011111111101111111111110, sa_flags=SA_RESTART|SA_SIGINFO
SIGPIPE: [libjvm.so+0xa11d10], sa_mask[0]=11111111011111111101111111111110, sa_flags=SA_RESTART|SA_SIGINFO
SIGXFSZ: [libjvm.so+0xa11d10], sa_mask[0]=11111111011111111101111111111110, sa_flags=SA_RESTART|SA_SIGINFO
SIGILL: [libjvm.so+0xa11d10], sa_mask[0]=11111111011111111101111111111110, sa_flags=SA_RESTART|SA_SIGINFO
SIGUSR1: SIG_DFL, sa_mask[0]=00000000000000000000000000000000, sa_flags=none
SIGUSR2: [libjvm.so+0xa11be0], sa_mask[0]=00000000000000000000000000000000, sa_flags=SA_RESTART|SA_SIGINFO
SIGHUP: [libjvm.so+0xa12200], sa_mask[0]=11111111011111111101111111111110, sa_flags=SA_RESTART|SA_SIGINFO
SIGINT: [libjvm.so+0xa12200], sa_mask[0]=11111111011111111101111111111110, sa_flags=SA_RESTART|SA_SIGINFO
SIGTERM: [libjvm.so+0xa12200], sa_mask[0]=11111111011111111101111111111110, sa_flags=SA_RESTART|SA_SIGINFO
SIGQUIT: [libjvm.so+0xa12200], sa_mask[0]=11111111011111111101111111111110, sa_flags=SA_RESTART|SA_SIGINFO


---------------  S Y S T E M  ---------------

OS:DISTRIB_ID=Ubuntu
DISTRIB_RELEASE=20.04
DISTRIB_CODENAME=focal
DISTRIB_DESCRIPTION="Ubuntu 20.04.2 LTS"

uname:Linux 6.2.0-1018-gcp #20~22.04.1-Ubuntu SMP Mon Oct 23 12:29:43 UTC 2023 x86_64
libc:glibc 2.33 NPTL 2.33 
rlimit: STACK 8192k, CORE infinity, NPROC infinity, NOFILE 5242, AS infinity
load average:28.33 15.09 11.44

/proc/meminfo:
MemTotal:       32855972 kB
MemFree:         1054876 kB
MemAvailable:   16926440 kB
Buffers:          655832 kB
Cached:         14026256 kB
SwapCached:            0 kB
Active:          6555520 kB
Inactive:       22240860 kB
Active(anon):      24588 kB
Inactive(anon): 13726256 kB
Active(file):    6530932 kB
Inactive(file):  8514604 kB
Unevictable:       28296 kB
Mlocked:           28296 kB
SwapTotal:             0 kB
SwapFree:              0 kB
Zswap:                 0 kB
Zswapped:              0 kB
Dirty:              9948 kB
Writeback:          1292 kB
AnonPages:      14104744 kB
Mapped:          1654492 kB
Shmem:             53716 kB
KReclaimable:    1291960 kB
Slab:            2008096 kB
SReclaimable:    1291960 kB
SUnreclaim:       716136 kB
KernelStack:      245408 kB
PageTables:       365484 kB
SecPageTables:         0 kB
NFS_Unstable:          0 kB
Bounce:                0 kB
WritebackTmp:          0 kB
CommitLimit:    16427984 kB
Committed_AS:   70571540 kB
VmallocTotal:   34359738367 kB
VmallocUsed:      280608 kB
VmallocChunk:          0 kB
Percpu:            21280 kB
HardwareCorrupted:     0 kB
AnonHugePages:    671744 kB
ShmemHugePages:        0 kB
ShmemPmdMapped:        0 kB
FileHugePages:         0 kB
FilePmdMapped:         0 kB
HugePages_Total:       0
HugePages_Free:        0
HugePages_Rsvd:        0
HugePages_Surp:        0
Hugepagesize:       2048 kB
Hugetlb:               0 kB
DirectMap4k:      930616 kB
DirectMap2M:    31571968 kB
DirectMap1G:     3145728 kB


CPU:total 4 (initial active 3) (4 cores per cpu, 1 threads per core) family 23 model 49 stepping 0, cmov, cx8, fxsr, mmx, sse, sse2, sse3, ssse3, sse4.1, sse4.2, popcnt, avx, avx2, aes, clmul, mmxext, 3dnowpref, lzcnt, sse4a, tsc, tscinvbit, tscinv, bmi1

/proc/cpuinfo:
processor	: 0
vendor_id	: AuthenticAMD
cpu family	: 23
model		: 49
model name	: AMD EPYC 7B12
stepping	: 0
microcode	: 0xffffffff
cpu MHz		: 2249.998
cache size	: 512 KB
physical id	: 0
siblings	: 4
core id		: 0
cpu cores	: 2
apicid		: 0
initial apicid	: 0
fpu		: yes
fpu_exception	: yes
cpuid level	: 13
wp		: yes
flags		: fpu vme de pse tsc msr pae mce cx8 apic sep mtrr pge mca cmov pat pse36 clflush mmx fxsr sse sse2 ht syscall nx mmxext fxsr_opt pdpe1gb rdtscp lm constant_tsc rep_good nopl nonstop_tsc cpuid extd_apicid tsc_known_freq pni pclmulqdq ssse3 fma cx16 sse4_1 sse4_2 movbe popcnt aes xsave avx f16c rdrand hypervisor lahf_lm cmp_legacy cr8_legacy abm sse4a misalignsse 3dnowprefetch osvw topoext ssbd ibrs ibpb stibp vmmcall fsgsbase tsc_adjust bmi1 avx2 smep bmi2 rdseed adx smap clflushopt clwb sha_ni xsaveopt xsavec xgetbv1 clzero xsaveerptr arat npt nrip_save umip rdpid
bugs		: sysret_ss_attrs null_seg spectre_v1 spectre_v2 spec_store_bypass retbleed smt_rsb srso
bogomips	: 4499.99
TLB size	: 3072 4K pages
clflush size	: 64
cache_alignment	: 64
address sizes	: 48 bits physical, 48 bits virtual
power management:

processor	: 1
vendor_id	: AuthenticAMD
cpu family	: 23
model		: 49
model name	: AMD EPYC 7B12
stepping	: 0
microcode	: 0xffffffff
cpu MHz		: 2249.998
cache size	: 512 KB
physical id	: 0
siblings	: 4
core id		: 1
cpu cores	: 2
apicid		: 2
initial apicid	: 2
fpu		: yes
fpu_exception	: yes
cpuid level	: 13
wp		: yes
flags		: fpu vme de pse tsc msr pae mce cx8 apic sep mtrr pge mca cmov pat pse36 clflush mmx fxsr sse sse2 ht syscall nx mmxext fxsr_opt pdpe1gb rdtscp lm constant_tsc rep_good nopl nonstop_tsc cpuid extd_apicid tsc_known_freq pni pclmulqdq ssse3 fma cx16 sse4_1 sse4_2 movbe popcnt aes xsave avx f16c rdrand hypervisor lahf_lm cmp_legacy cr8_legacy abm sse4a misalignsse 3dnowprefetch osvw topoext ssbd ibrs ibpb stibp vmmcall fsgsbase tsc_adjust bmi1 avx2 smep bmi2 rdseed adx smap clflushopt clwb sha_ni xsaveopt xsavec xgetbv1 clzero xsaveerptr arat npt nrip_save umip rdpid
bugs		: sysret_ss_attrs null_seg spectre_v1 spectre_v2 spec_store_bypass retbleed smt_rsb srso
bogomips	: 4499.99
TLB size	: 3072 4K pages
clflush size	: 64
cache_alignment	: 64
address sizes	: 48 bits physical, 48 bits virtual
power management:

processor	: 2
vendor_id	: AuthenticAMD
cpu family	: 23
model		: 49
model name	: AMD EPYC 7B12
stepping	: 0
microcode	: 0xffffffff
cpu MHz		: 2249.998
cache size	: 512 KB
physical id	: 0
siblings	: 4
core id		: 0
cpu cores	: 2
apicid		: 1
initial apicid	: 1
fpu		: yes
fpu_exception	: yes
cpuid level	: 13
wp		: yes
flags		: fpu vme de pse tsc msr pae mce cx8 apic sep mtrr pge mca cmov pat pse36 clflush mmx fxsr sse sse2 ht syscall nx mmxext fxsr_opt pdpe1gb rdtscp lm constant_tsc rep_good nopl nonstop_tsc cpuid extd_apicid tsc_known_freq pni pclmulqdq ssse3 fma cx16 sse4_1 sse4_2 movbe popcnt aes xsave avx f16c rdrand hypervisor lahf_lm cmp_legacy cr8_legacy abm sse4a misalignsse 3dnowprefetch osvw topoext ssbd ibrs ibpb stibp vmmcall fsgsbase tsc_adjust bmi1 avx2 smep bmi2 rdseed adx smap clflushopt clwb sha_ni xsaveopt xsavec xgetbv1 clzero xsaveerptr arat npt nrip_save umip rdpid
bugs		: sysret_ss_attrs null_seg spectre_v1 spectre_v2 spec_store_bypass retbleed smt_rsb srso
bogomips	: 4499.99
TLB size	: 3072 4K pages
clflush size	: 64
cache_alignment	: 64
address sizes	: 48 bits physical, 48 bits virtual
power management:

processor	: 3
vendor_id	: AuthenticAMD
cpu family	: 23
model		: 49
model name	: AMD EPYC 7B12
stepping	: 0
microcode	: 0xffffffff
cpu MHz		: 2249.998
cache size	: 512 KB
physical id	: 0
siblings	: 4
core id		: 1
cpu cores	: 2
apicid		: 3
initial apicid	: 3
fpu		: yes
fpu_exception	: yes
cpuid level	: 13
wp		: yes
flags		: fpu vme de pse tsc msr pae mce cx8 apic sep mtrr pge mca cmov pat pse36 clflush mmx fxsr sse sse2 ht syscall nx mmxext fxsr_opt pdpe1gb rdtscp lm constant_tsc rep_good nopl nonstop_tsc cpuid extd_apicid tsc_known_freq pni pclmulqdq ssse3 fma cx16 sse4_1 sse4_2 movbe popcnt aes xsave avx f16c rdrand hypervisor lahf_lm cmp_legacy cr8_legacy abm sse4a misalignsse 3dnowprefetch osvw topoext ssbd ibrs ibpb stibp vmmcall fsgsbase tsc_adjust bmi1 avx2 smep bmi2 rdseed adx smap clflushopt clwb sha_ni xsaveopt xsavec xgetbv1 clzero xsaveerptr arat npt nrip_save umip rdpid
bugs		: sysret_ss_attrs null_seg spectre_v1 spectre_v2 spec_store_bypass retbleed smt_rsb srso
bogomips	: 4499.99
TLB size	: 3072 4K pages
clflush size	: 64
cache_alignment	: 64
address sizes	: 48 bits physical, 48 bits virtual
power management:



Memory: 4k page, physical 32855972k(1054876k free), swap 0k(0k free)

vm_info: OpenJDK 64-Bit Server VM GraalVM CE 21.2.0 (25.302-b07-jvmci-21.2-b08) for linux-amd64 JRE (1.8.0), built on Jul 19 2021 22:50:15 by "buildslave" with gcc 7.3.0

time: Sat Nov 11 02:36:41 2023
timezone: UTC
elapsed time: 5676.140496 seconds (0d 1h 34m 36s)

