#
# A fatal error has been detected by the Java Runtime Environment:
#
#  SIGBUS (0x7) at pc=0x00007fc3f3046097, pid=27, tid=0x00007fc3dccfc640
#
# JRE version: OpenJDK Runtime Environment (8.0_302-b07) (build 1.8.0_302-b07)
# Java VM: OpenJDK 64-Bit Server VM GraalVM CE 21.2.0 (25.302-b07-jvmci-21.2-b08 mixed mode linux-amd64 compressed oops)
# Problematic frame:
# V  [libjvm.so+0xac1097]  RuntimeService::record_safepoint_synchronized()+0x57
#
# Core dump written. Default location: /home/runner/EaglerCraft-Server/java/bungee_command/core or core.27
#
# If you would like to submit a bug report, please visit:
#   https://github.com/oracle/graal/issues
#

---------------  T H R E A D  ---------------

Current thread (0x00007fc3ec122800):  VMThread [stack: 0x00007fc3dcbfd000,0x00007fc3dccfd000] [id=59]

siginfo: si_signo: 7 (SIGBUS), si_code: 2 (BUS_ADRERR), si_addr: 0x00007fc3f1eda5d0

Registers:
RAX=0x000000095ba249ca, RBX=0x00007fc3ec016550, RCX=0x0000000000000000, RDX=0x00007fc3f1eda5d0
RSP=0x00007fc3dccfb9b0, RBP=0x00007fc3dccfb9c0, RSI=0x0000000000000000, RDI=0x0000000000000000
R8 =0x0000000000000000, R9 =0x0000000000000000, R10=0x0000000000000000, R11=0x0000000000000000
R12=0x00007fc3f369146c, R13=0x0000000000000000, R14=0x431bde82d7b634db, R15=0x0000000000000000
RIP=0x00007fc3f3046097, EFLAGS=0x0000000000010202, CSGSFS=0x002b000000000033, ERR=0x0000000000000007
  TRAPNO=0x000000000000000e

Top of Stack: (sp=0x00007fc3dccfb9b0)
0x00007fc3dccfb9b0:   00007fc3ec0055e0 0000000000000000
0x00007fc3dccfb9c0:   00007fc3dccfbaf0 00007fc3f304c37c
0x00007fc3dccfb9d0:   0000000000000100 00007fc3ec008960
0x00007fc3dccfb9e0:   0000000000000000 0000000000000000
0x00007fc3dccfb9f0:   0000001600002ae0 0000000000000000
0x00007fc3dccfba00:   00007fc300000004 00007fc300000000
0x00007fc3dccfba10:   00007fc3f365f081 0000003000000000
0x00007fc3dccfba20:   00007fc3dccfbb00 00007fc3dccfba30
0x00007fc3dccfba30:   00007fc3ec122800 00007fc3ec008a60
0x00007fc3dccfba40:   00007fc3f3229ed0 0000000000000000
0x00007fc3dccfba50:   0000000000000000 00000000ffffffff
0x00007fc3dccfba60:   00007fc3dccfba80 00007fc3ec008a60
0x00007fc3dccfba70:   0000000000000000 0000000000000001
0x00007fc3dccfba80:   00000000000003e8 00007fc3ec122800
0x00007fc3dccfba90:   00007fc3dccfbaf0 00007fc3f2f4aeea
0x00007fc3dccfbaa0:   00007fc3f3202639 00007fc394007f50
0x00007fc3dccfbab0:   00007fc3dccfbaf0 00007fc300007f28
0x00007fc3dccfbac0:   00007fc3ec008ae0 0000000000000000
0x00007fc3dccfbad0:   00007fc3f369aa78 00007fc3dccfbc60
0x00007fc3dccfbae0:   00007fc3f3685be0 0000000000000000
0x00007fc3dccfbaf0:   00007fc3dccfbda0 00007fc3f3175927
0x00007fc3dccfbb00:   00007fc3dccfbb50 00007fc3dccfbb10
0x00007fc3dccfbb10:   00007fc3ec122800 00007fc3ec123020
0x00007fc3dccfbb20:   00007fc3ec123060 00007fc3ec123070
0x00007fc3dccfbb30:   00007fc3ec123148 00000000000000d8
0x00007fc3dccfbb40:   00007fc3ec123250 0000000000000000
0x00007fc3dccfbb50:   00007fc3dccfbb58 6e69747563657845
0x00007fc3dccfbb60:   65706f204d562067 203a6e6f69746172
0x00007fc3dccfbb70:   6942656b6f766552 00656e6f64007361
0x00007fc3dccfbb80:   6974616300656e6f 00656e6f64206e6f
0x00007fc3dccfbb90:   00007fc3dccfbba0 00007fc3f2fa4b08
0x00007fc3dccfbba0:   0000000000000000 0000000000000009 

Instructions: (pc=0x00007fc3f3046097)
0x00007fc3f3046077:   c4 08 5b 5d c3 0f 1f 40 00 48 8b 1d 69 97 65 00
0x00007fc3f3046087:   48 8d 3d 6a 97 65 00 e8 3d 75 0d 00 48 8b 53 28
0x00007fc3f3046097:   48 01 02 eb b9 0f 1f 40 00 55 48 89 e5 53 48 83
0x00007fc3f30460a7:   ec 18 48 8b 05 90 eb 60 00 80 38 00 75 3b 48 8d 

Register to memory mapping:

RAX=0x000000095ba249ca is an unknown value
RBX=0x00007fc3ec016550 is an unknown value
RCX=0x0000000000000000 is an unknown value
RDX=0x00007fc3f1eda5d0 is an unknown value
RSP=0x00007fc3dccfb9b0 is an unknown value
RBP=0x00007fc3dccfb9c0 is an unknown value
RSI=0x0000000000000000 is an unknown value
RDI=0x0000000000000000 is an unknown value
R8 =0x0000000000000000 is an unknown value
R9 =0x0000000000000000 is an unknown value
R10=0x0000000000000000 is an unknown value
R11=0x0000000000000000 is an unknown value
R12=0x00007fc3f369146c: <offset 0x110c46c> in /nix/store/x26gyx3nb3kx580i4r9qg9q1iw45xbp9-graalvm8-ce/jre/lib/amd64/server/libjvm.so at 0x00007fc3f2585000
R13=0x0000000000000000 is an unknown value
R14=0x431bde82d7b634db is an unknown value
R15=0x0000000000000000 is an unknown value


Stack: [0x00007fc3dcbfd000,0x00007fc3dccfd000],  sp=0x00007fc3dccfb9b0,  free space=1018k
Native frames: (J=compiled Java code, j=interpreted, Vv=VM code, C=native code)
V  [libjvm.so+0xac1097]  RuntimeService::record_safepoint_synchronized()+0x57
V  [libjvm.so+0xac737c]  SafepointSynchronize::begin()+0x4ec
V  [libjvm.so+0xbf0927]  VMThread::loop()+0x377
V