#
# A fatal error has been detected by the Java Runtime Environment:
#
#  SIGBUS (0x7) at pc=0x00007fa09f6707ba, pid=1346, tid=0x00007fa09c335640
#
# JRE version: OpenJDK Runtime Environment (8.0_302-b07) (build 1.8.0_302-b07)
# Java VM: OpenJDK 64-Bit Server VM GraalVM CE 21.2.0 (25.302-b07-jvmci-21.2-b08 mixed mode linux-amd64 compressed oops)
# Problematic frame:
# V  [libjvm.so+0x4a87ba]  CompileBroker::compiler_thread_loop()+0x41a
#
# Core dump written. Default location: /home/runner/EaglerCraft-Server/java/bungee_command/core or core.1346
#
# If you would like to submit a bug report, please visit:
#   https://github.com/oracle/graal/issues
#

---------------  T H R E A D  ---------------

Current thread (0x00007fa098164800):  JavaThread "JVMCI-native CompilerThread0" daemon [_thread_in_vm, id=1368, stack(0x00007fa09c136000,0x00007fa09c336000)]

siginfo: si_signo: 7 (SIGBUS), si_code: 2 (BUS_ADRERR), si_addr: 0x00007fa09eb20070

Registers:
RAX=0x00007fa09eb20070, RBX=0x00007fa09849c9c0, RCX=0x0000000000000000, RDX=0x0000000000000000
RSP=0x00007fa09c334c00, RBP=0x00007fa09c334d00, RSI=0x0000000000000000, RDI=0x0000000000000000
R8 =0x0000000000000000, R9 =0x0000000000000000, R10=0x0000000000000000, R11=0x0000000000000000
R12=0x00007fa098164800, R13=0x00007fa09c334c60, R14=0x00007fa098165340, R15=0x00007fa098164610
RIP=0x00007fa09f6707ba, EFLAGS=0x0000000000010202, CSGSFS=0x002b000000000033, ERR=0x0000000000000006
  TRAPNO=0x000000000000000e

Top of Stack: (sp=0x00007fa09c334c00)
0x00007fa09c334c00:   0000000000000138 0000003000000020
0x00007fa09c334c10:   00007fa09c334ce0 00000000000003d8
0x00007fa09c334c20:   00007fa098165768 00007fa098165390
0x00007fa09c334c30:   00007fa098165380 00007fa09c334c5f
0x00007fa09c334c40:   00007fa098164320 00007fa09c334c90
0x00007fa09c334c50:   00007fa09c334c58 0000007c00000077
0x00007fa09c334c60:   0000000000000000 000002cf6bfeb38a
0x00007fa09c334c70:   0000000000000001 00007fa098164590
0x00007fa09c334c80:   0000000000000000 00007fa098164610
0x00007fa09c334c90:   00007fa098164800 00007fa098165770
0x00007fa09c334ca0:   00007fa0981657b0 00007fa0981657c0
0x00007fa09c334cb0:   00007fa098165898 00000000000000d8
0x00007fa09c334cc0:   00007fa09c334d20 00007fa098165380
0x00007fa09c334cd0:   00007fa098165768 00007fa098164800
0x00007fa09c334ce0:   00007fa09c334d20 00007fa098165768
0x00007fa09c334cf0:   00007fa098165390 00007fa098165340
0x00007fa09c334d00:   00007fa09c334d90 00007fa09fd4e13b
0x00007fa09c334d10:   00007fa09c334d90 00000000000003d8
0x00007fa09c334d20:   00007fa098164800 00007fa098165770
0x00007fa09c334d30:   00007fa0981657b0 00007fa0981657c0
0x00007fa09c334d40:   00007fa098165898 00000000000000d8
0x00007fa09c334d50:   00007fa0981659d0 00007fa09fb8d878
0x00007fa09c334d60:   0000000000000000 00007fa098164800
0x00007fa09c334d70:   0000000000003000 00007fa09c136000
0x00007fa09c334d80:   0000000000000003 00007fa09c335640
0x00007fa09c334d90:   00007fa09c334e10 00007fa09fd4e409
0x00007fa09c334da0:   0000000000000000 00007fa098164800
0x00007fa09c334db0:   00007fa09c334e10 00007fa09fb8deea
0x00007fa09c334dc0:   00007fa09fe45639 00007fa098166530
0x00007fa09c334dd0:   00007fa09c334e10 00007fa000b8c82e
0x00007fa09c334de0:   00007fa09c334e10 00007fa098166530
0x00007fa09c334df0:   00007fa098166440 00007fa098164800 

Instructions: (pc=0x00007fa09f6707ba)
0x00007fa09f67079a:   ef e8 40 fc 6e 00 48 8b 05 d1 ad c2 00 4c 89 7d
0x00007fa09f6707aa:   88 0f b6 00 84 c0 0f 84 dc fd ff ff 49 8b 47 28
0x00007fa09f6707ba:   48 83 00 01 e9 cf fd ff ff 0f 1f 44 00 00 e8 63
0x00007fa09f6707ca:   17 57 00 e9 75 fd ff ff 66 0f 1f 44 00 00 85 c9 

Register to memory mapping:

RAX=0x00007fa09eb20070 is an unknown value
RBX=0x00007fa09849c9c0 is an unknown value
RCX=0x0000000000000000 is an unknown value
RDX=0x0000000000000000 is an unknown value
RSP=0x00007fa09c334c00 is pointing into the stack for thread: 0x00007fa098164800
RBP=0x00007fa09c334d00 is pointing into the stack for thread: 0x00007fa098164800
RSI=0x0000000000000000 is an unknown value
RDI=0x0000000000000000 is an unknown value
R8 =0x0000000000000000 is an unknown value
R9 =0x0000000000000000 is an unknown value
R10=0x0000000000000000 is an unknown value
R11=0x0000000000000000 is an unknown value
R12=0x00007fa098164800 is a thread
R13=0x00007fa09c334c60 is pointing into the stack for thread: 0x00007fa098164800
R14=0x00007fa098165340 is an unknown value
R15=0x00007fa098164610 is an unknown value


Stack: [0x00007fa09c136000,0x00007fa09c336000],  sp=0x00007fa09c334c00,  free space=2043k
Native frames: (J=compiled Java code, j=interpreted, Vv=VM code, C=native code)
V  [libjvm.so+0x4a87ba]  CompileBroker::compiler_thread_loop()+0x41a
V  [libjvm.so+0xb8613b]  JavaThread::thread_main_inner()+0xdb
V  [libjvm.so+0xb86409]  JavaThread::run()+0x299
V  [libjvm.so+0xa13d02]  java_start(Thread*)+0x102
C  [libpthread.so.0+0x8d3e]  start_thread+0xce


---------------  P R O C E S S  ---------------

Java Threads: ( => current thread )
  0x00007fa02000d000 JavaThread "nioEventLoopGroup-2-2" [_thread_in_native, id=1515, stack(0x00007f9ff1dff000,0x00007f9ff1f00000)]
  0x00007fa04c012800 JavaThread "Netty IO Thread #2" [_thread_in_native, id=1484, stack(0x00007f9ff23ff000,0x00007f9ff2500000)]
  0x00007fa00c005000 JavaThread "Netty IO Thread #1" [_thread_in_native, id=1480, stack(0x00007f9ff2cff000,0x00007f9ff2e00000)]
  0x00007fa018045800 JavaThread "nioEventLoopGroup-2-1" [_thread_in_native, id=1479, stack(0x00007fa0034ff000,0x00007fa003600000)]
  0x00007fa020035000 JavaThread "Java2D Disposer" daemon [_thread_blocked, id=1445, stack(0x00007f9ff80ff000,0x00007f9ff8200000)]
  0x00007fa09844b000 JavaThread "Netty IO Thread #0" [_thread_in_native, id=1417, stack(0x00007fa029aff000,0x00007fa029c00000)]
  0x00007fa024025800 JavaThread "WebSocketWorker-25" [_thread_blocked, id=1416, stack(0x00007fa02a3fc000,0x00007fa02a4fd000)]
  0x00007fa024023800 JavaThread "WebSocketWorker-24" [_thread_blocked, id=1415, stack(0x00007fa02a4fd000,0x00007fa02a5fe000)]
  0x00007fa024021800 JavaThread "WebSocketWorker-23" [_thread_blocked, id=1414, stack(0x00007fa02a5fe000,0x00007fa02a6ff000)]
  0x00007fa024020000 JavaThread "connectionLostChecker-1" [_thread_blocked, id=1413, stack(0x00007fa02a6ff000,0x00007fa02a800000)]
  0x00007fa098415000 JavaThread "WebSocketSelector-26" [_thread_in_vm, id=1412, stack(0x00007fa02bcff000,0x00007fa02be00000)]
  0x00007fa0983b4800 JavaThread "BungeeCord Logger Thread - net.md_5.bungee.log.BungeeLogger@436e852b" [_thread_blocked, id=1408, stack(0x00007fa0397ff000,0x00007fa039900000)]
  0x00007fa098392000 JavaThread "NonBlockingInputStreamThread" daemon [_thread_blocked, id=1407, stack(0x00007fa039eff000,0x00007fa03a000000)]
  0x00007fa098223800 JavaThread "Auth Timeout" [_thread_blocked, id=1388, stack(0x00007fa0506fc000,0x00007fa0507fd000)]
  0x00007fa098222000 JavaThread "Close Inactive WebSockets" [_thread_blocked, id=1387, stack(0x00007fa0507fd000,0x00007fa0508fe000)]
  0x00007fa098220000 JavaThread "Ban List Reload" [_thread_blocked, id=1386, stack(0x00007fa0508fe000,0x00007fa0509ff000)]
  0x00007fa09821f800 JavaThread "Reconnect Saver" [_thread_blocked, id=1385, stack(0x00007fa0509ff000,0x00007fa050b00000)]
  0x00007fa054034800 JavaThread "Libgraal MBean Registration" daemon [_thread_blocked, id=1380, stack(0x00007fa0532ff000,0x00007fa053400000)]
  0x00007fa098174000 JavaThread "Service Thread" daemon [_thread_blocked, id=1373, stack(0x00007fa09c034000,0x00007fa09c135000)]
  0x00007fa098167800 JavaThread "C1 CompilerThread1" daemon [_thread_in_vm, id=1371, stack(0x00007fa088e00000,0x00007fa089000000)]
=>0x00007fa098164800 JavaThread "JVMCI-native CompilerThread0" daemon [_thread_in_vm, id=1368, stack(0x00007fa09c136000,0x00007fa09c336000)]
  0x00007fa098161800 JavaThread "Signal Dispatcher" daemon [_thread_blocked, id=1367, stack(0x00007fa09c33c000,0x00007fa09c43d000)]
  0x00007fa09812f000 JavaThread "Finalizer" daemon [_thread_blocked, id=1366, stack(0x00007fa09c723000,0x00007fa09c824000)]
  0x00007fa09812a800 JavaThread "Reference Handler" daemon [_thread_blocked, id=1364, stack(0x00007fa09c824000,0x00007fa09c925000)]
  0x00007fa09800a000 JavaThread "main" [_thread_in_native, id=1352, stack(0x00007fa09ef87000,0x00007fa09f087000)]

Other Threads:
  0x00007fa098122800 VMThread [stack: 0x00007fa09c926000,0x00007fa09ca26000] [id=1361]
  0x00007fa09817a000 WatcherThread [stack: 0x00007fa088cff000,0x00007fa088dff000] [id=1375]

VM state:not at safepoint (normal execution)

VM Mutex/Monitor currently owned by a thread: None

heap address: 0x00000000fe000000, size: 32 MB, Compressed Oops mode: 32-bit
Narrow klass base: 0x0000000000000000, Narrow klass shift: 3
Compressed class space size: 1073741824 Address: 0x0000000100000000

Heap:
 PSYoungGen     