#
# A fatal error has been detected by the Java Runtime Environment:
#
#  SIGBUS (0x7) at pc=0x00007fccdd7acd1e, pid=1349, tid=0x00007fccba907640
#
# JRE version: OpenJDK Runtime Environment (8.0_302-b07) (build 1.8.0_302-b07)
# Java VM: OpenJDK 64-Bit Server VM GraalVM CE 21.2.0 (25.302-b07-jvmci-21.2-b08 mixed mode linux-amd64 compressed oops)
# Problematic frame:
# V  [libjvm.so+0xa60d1e]  PerfLongVariant::sample()+0x1e
#
# Core dump written. Default location: /home/runner/EaglerCraft-Server/java/bungee_command/core or core.1349
#
# If you would like to submit a bug report, please visit:
#   https://github.com/oracle/graal/issues
#

---------------  T H R E A D  ---------------

Current thread (0x00007fccd8170000):  WatcherThread [stack: 0x00007fccba808000,0x00007fccba908000] [id=1378]

siginfo: si_signo: 7 (SIGBUS), si_code: 2 (BUS_ADRERR), si_addr: 0x00007fccdc6a54d8

Registers:
RAX=0x000001b879409d08, RBX=0x00007fccdc6a54d8, RCX=0x0000000000000000, RDX=0x0000000000000000
RSP=0x00007fccba906ce0, RBP=0x00007fccba906cf0, RSI=0x0000000000000000, RDI=0x0000000000000000
R8 =0x0000000000000000, R9 =0x0000000000000000, R10=0x0000000000000000, R11=0x0000000000000000
R12=0x0000000000000028, R13=0x00007fccd816c9f0, R14=0x0000000000000002, R15=0x0000000000000001
RIP=0x00007fccdd7acd1e, EFLAGS=0x0000000000010202, CSGSFS=0x002b000000000033, ERR=0x0000000000000006
  TRAPNO=0x000000000000000e

Top of Stack: (sp=0x00007fccba906ce0)
0x00007fccba906ce0:   00007fccba906d20 0000000000000005
0x00007fccba906cf0:   00007fccba906d20 00007fccdd855add
0x00007fccba906d00:   0000000000000032 0000000000000035
0x00007fccba906d10:   00007fccdde67e80 0000000000000001
0x00007fccba906d20:   00007fccba906d70 00007fccdd8a822c
0x00007fccba906d30:   00007fccd8009760 00000035ddf4a570
0x00007fccba906d40:   0000000000000000 00007fccd8170000
0x00007fccba906d50:   0000000000000035 00007fccdde618d8
0x00007fccba906d60:   00000bd833e177fc 0000000000000001
0x00007fccba906d70:   00007fccba906e10 00007fccdd8ce8b6
0x00007fccba906d80:   0000000000000004 00000002d81712e0
0x00007fccba906d90:   00007fccd81711f0 00007fccd8009760
0x00007fccba906da0:   0000000000000000 00007fccd8170000
0x00007fccba906db0:   00007fccba906e10 00007fccdd711eea
0x00007fccba906dc0:   00007fccdd9c9639 00007fccd81712e0
0x00007fccba906dd0:   00007fccba906e10 00007fcc0071082e
0x00007fccba906de0:   00007fccba906e10 00007fccd81712e0
0x00007fccba906df0:   00007fccd81711f0 00007fccd8170000
0x00007fccba906e00:   0000000000000000 00007fccba907640
0x00007fccba906e10:   00007fccba906e50 00007fccdd75fd02
0x00007fccba906e20:   0000000000000000 0000000000000000
0x00007fccba906e30:   00007fccdcc099de 00007fccdcc099df
0x00007fccba906e40:   0000000000000000 00007fccba907640
0x00007fccba906e50:   0000000000000000 00007fccde287d3e
0x00007fccba906e60:   0000000000000000 00007fccba907640
0x00007fccba906e70:   00007fccba907640 3ef4c762910e8954
0x00007fccba906e80:   00007fccdcc099de 00007fccdcc099df
0x00007fccba906e90:   0000000000000000 00007fccba907640
0x00007fccba906ea0:   c16db2424dce8954 c16d7b3268668954
0x00007fccba906eb0:   0000000000000000 0000000000000000
0x00007fccba906ec0:   0000000000000000 0000000000000000
0x00007fccba906ed0:   0000000000000000 0000000000000000 

Instructions: (pc=0x00007fccdd7acd1e)
0x00007fccdd7accfe:   90 90 48 89 f8 48 8b 7f 38 48 85 ff 74 24 55 48
0x00007fccdd7acd0e:   89 e5 53 48 83 ec 08 48 8b 58 28 48 8b 07 ff 10
0x00007fccdd7acd1e:   48 89 03 48 83 c4 08 5b 5d c3 0f 1f 84 00 00 00
0x00007fccdd7acd2e:   00 00 f3 c3 66 66 2e 0f 1f 84 00 00 00 00 00 0f 

Register to memory mapping:

RAX=0x000001b879409d08 is an unknown value
RBX=0x00007fccdc6a54d8 is an unknown value
RCX=0x0000000000000000 is an unknown value
RDX=0x0000000000000000 is an unknown value
RSP=0x00007fccba906ce0 is an unknown value
RBP=0x00007fccba906cf0 is an unknown value
RSI=0x0000000000000000 is an unknown value
RDI=0x0000000000000000 is an unknown value
R8 =0x0000000000000000 is an unknown value
R9 =0x0000000000000000 is an unknown value
R10=0x0000000000000000 is an unknown value
R11=0x0000000000000000 is an unknown value
R12=0x0000000000000028 is an unknown value
R13=0x00007fccd816c9f0 is an unknown value
R14=0x0000000000000002 is an unknown value
R15=0x0000000000000001 is an unknown value


Stack: [0x00007fccba808000,0x00007fccba908000],  sp=0x00007fccba906ce0,  free space=1019k
Native frames: (J=compiled Java code, j=interpreted, Vv=VM code, C=native code)
V  [libjvm.so+0xa60d1e]  PerfLongVariant::sample()+0x1e
V  [libjvm.so+0xb09add]  StatSamplerTask::task()+0x3d
V  [libjvm.so+0xb5c22c]  PeriodicTask::real_time_tick(int)+0xac
V  [libjvm.so+0xb828b6]  WatcherThread::run()+0x276
V  [libjvm.so+0xa13d02]  java_start(Thread*)+0x102


---------------  P R O C E S S  ---------------

Java Threads: ( => current thread )
  0x00007fcc4c002800 